SF:/home/openai/strict-rs/strict-trybuild/src/internal/build/cargo.rs
FN:196,_RNCNvNtNtNtCskRqwCqzCV5o_8trybuild8internal5build5cargo18build_dependencies0B9_
FN:338,_RNCNvNtNtNtCskRqwCqzCV5o_8trybuild8internal5build5cargo8features0B9_
FN:327,_RNCNvNtNtNtCskRqwCqzCV5o_8trybuild8internal5build5cargo8metadata0B9_
FN:61,_RNCNvNtNtNtCskRqwCqzCV5o_8trybuild8internal5build5cargo9raw_cargo0B9_
FN:225,_RNvNtNtNtCskRqwCqzCV5o_8trybuild8internal5build5cargo10build_test
FN:111,_RNvNtNtNtCskRqwCqzCV5o_8trybuild8internal5build5cargo12manifest_dir
FN:300,_RNvNtNtNtCskRqwCqzCV5o_8trybuild8internal5build5cargo13run_via_cargo
FN:249,_RNvNtNtNtCskRqwCqzCV5o_8trybuild8internal5build5cargo15build_all_tests
FN:99,_RNvNtNtNtCskRqwCqzCV5o_8trybuild8internal5build5cargo16cargo_target_dir
FN:133,_RNvNtNtNtCskRqwCqzCV5o_8trybuild8internal5build5cargo17find_manifest_dir
FN:121,_RNvNtNtNtCskRqwCqzCV5o_8trybuild8internal5build5cargo17manifest_dir_from
FN:153,_RNvNtNtNtCskRqwCqzCV5o_8trybuild8internal5build5cargo18build_dependencies
FN:75,_RNvNtNtNtCskRqwCqzCV5o_8trybuild8internal5build5cargo20cargo_with_rustflags
FN:284,_RNvNtNtNtCskRqwCqzCV5o_8trybuild8internal5build5cargo20run_built_executable
FN:66,_RNvNtNtNtCskRqwCqzCV5o_8trybuild8internal5build5cargo5cargo
FN:347,_RNvNtNtNtCskRqwCqzCV5o_8trybuild8internal5build5cargo6target
FN:337,_RNvNtNtNtCskRqwCqzCV5o_8trybuild8internal5build5cargo8features
FN:319,_RNvNtNtNtCskRqwCqzCV5o_8trybuild8internal5build5cargo8metadata
FN:272,_RNvNtNtNtCskRqwCqzCV5o_8trybuild8internal5build5cargo8run_test
FN:60,_RNvNtNtNtCskRqwCqzCV5o_8trybuild8internal5build5cargo9raw_cargo
FN:225,_RNvNtNtNtCsbKirBNrICOS_8trybuild8internal5build5cargo10build_test
FN:300,_RNvNtNtNtCsbKirBNrICOS_8trybuild8internal5build5cargo13run_via_cargo
FN:249,_RNvNtNtNtCsbKirBNrICOS_8trybuild8internal5build5cargo15build_all_tests
FN:99,_RNvNtNtNtCsbKirBNrICOS_8trybuild8internal5build5cargo16cargo_target_dir
FN:133,_RNvNtNtNtCsbKirBNrICOS_8trybuild8internal5build5cargo17find_manifest_dir
FN:121,_RNvNtNtNtCsbKirBNrICOS_8trybuild8internal5build5cargo17manifest_dir_from
FN:153,_RNvNtNtNtCsbKirBNrICOS_8trybuild8internal5build5cargo18build_dependencies
FN:75,_RNvNtNtNtCsbKirBNrICOS_8trybuild8internal5build5cargo20cargo_with_rustflags
FN:284,_RNvNtNtNtCsbKirBNrICOS_8trybuild8internal5build5cargo20run_built_executable
FN:66,_RNvNtNtNtCsbKirBNrICOS_8trybuild8internal5build5cargo5cargo
FN:347,_RNvNtNtNtCsbKirBNrICOS_8trybuild8internal5build5cargo6target
FN:337,_RNvNtNtNtCsbKirBNrICOS_8trybuild8internal5build5cargo8features
FN:272,_RNvNtNtNtCsbKirBNrICOS_8trybuild8internal5build5cargo8run_test
FN:60,_RNvNtNtNtCsbKirBNrICOS_8trybuild8internal5build5cargo9raw_cargo
FN:327,_RNCNvNtNtNtCsbKirBNrICOS_8trybuild8internal5build5cargo8metadata0B9_
FN:111,_RNvNtNtNtCsbKirBNrICOS_8trybuild8internal5build5cargo12manifest_dir
FN:319,_RNvNtNtNtCsbKirBNrICOS_8trybuild8internal5build5cargo8metadata
FN:196,_RNCNvNtNtNtCsbKirBNrICOS_8trybuild8internal5build5cargo18build_dependencies0B9_
FN:338,_RNCNvNtNtNtCsbKirBNrICOS_8trybuild8internal5build5cargo8features0B9_
FN:61,_RNCNvNtNtNtCsbKirBNrICOS_8trybuild8internal5build5cargo9raw_cargo0B9_
FN:428,_RNvNtNtNtNtCsbKirBNrICOS_8trybuild8internal5build5cargo5tests13write_project
FN:393,_RNvNtNtNtNtCsbKirBNrICOS_8trybuild8internal5build5cargo5tests7project
FN:607,_RNvNtNtNtNtCsbKirBNrICOS_8trybuild8internal5build5cargo5testss_42run_test_prefers_reported_executable_paths
FN:501,_RNvNtNtNtNtCsbKirBNrICOS_8trybuild8internal5build5cargo5testss_48find_manifest_dir_errors_when_no_manifest_exists
FN:456,_RNvNtNtNtNtCsbKirBNrICOS_8trybuild8internal5build5cargo5testss_49manifest_dir_from_uses_the_env_value_when_present
FN:538,_RNvNtNtNtNtCsbKirBNrICOS_8trybuild8internal5build5cargo5testss_50build_dependencies_reports_dependency_build_errors
FN:480,_RNvNtNtNtNtCsbKirBNrICOS_8trybuild8internal5build5cargo5testss_50find_manifest_dir_walks_up_to_the_nearest_manifest
FN:585,_RNvNtNtNtNtCsbKirBNrICOS_8trybuild8internal5build5cargo5testss_56build_entrypoints_capture_single_and_batched_json_output
FN:565,_RNvNtNtNtNtCsbKirBNrICOS_8trybuild8internal5build5cargo5testss_58run_test_falls_back_to_cargo_run_when_executable_is_absent
FN:470,_RNvNtNtNtNtCsbKirBNrICOS_8trybuild8internal5build5cargo5testss_59manifest_dir_from_walks_from_current_dir_when_env_is_absent
FN:517,_RNvNtNtNtNtCsbKirBNrICOS_8trybuild8internal5build5cargo5testss_60build_dependencies_generates_lockfile_and_records_keep_going
FN:550,_RNvNtNtNtNtCsbKirBNrICOS_8trybuild8internal5build5cargo5testss_64build_dependencies_ignores_non_missing_workspace_lockfile_errors
FNDA:4,_RNCNvNtNtNtCskRqwCqzCV5o_8trybuild8internal5build5cargo18build_dependencies0B9_
FNDA:2,_RNCNvNtNtNtCskRqwCqzCV5o_8trybuild8internal5build5cargo8features0B9_
FNDA:1,_RNCNvNtNtNtCskRqwCqzCV5o_8trybuild8internal5build5cargo8metadata0B9_
FNDA:0,_RNCNvNtNtNtCskRqwCqzCV5o_8trybuild8internal5build5cargo9raw_cargo0B9_
FNDA:26,_RNvNtNtNtCskRqwCqzCV5o_8trybuild8internal5build5cargo10build_test
FNDA:5,_RNvNtNtNtCskRqwCqzCV5o_8trybuild8internal5build5cargo12manifest_dir
FNDA:0,_RNvNtNtNtCskRqwCqzCV5o_8trybuild8internal5build5cargo13run_via_cargo
FNDA:1,_RNvNtNtNtCskRqwCqzCV5o_8trybuild8internal5build5cargo15build_all_tests
FNDA:54,_RNvNtNtNtCskRqwCqzCV5o_8trybuild8internal5build5cargo16cargo_target_dir
FNDA:0,_RNvNtNtNtCskRqwCqzCV5o_8trybuild8internal5build5cargo17find_manifest_dir
FNDA:5,_RNvNtNtNtCskRqwCqzCV5o_8trybuild8internal5build5cargo17manifest_dir_from
FNDA:5,_RNvNtNtNtCskRqwCqzCV5o_8trybuild8internal5build5cargo18build_dependencies
FNDA:38,_RNvNtNtNtCskRqwCqzCV5o_8trybuild8internal5build5cargo20cargo_with_rustflags
FNDA:16,_RNvNtNtNtCskRqwCqzCV5o_8trybuild8internal5build5cargo20run_built_executable
FNDA:11,_RNvNtNtNtCskRqwCqzCV5o_8trybuild8internal5build5cargo5cargo
FNDA:32,_RNvNtNtNtCskRqwCqzCV5o_8trybuild8internal5build5cargo6target
FNDA:32,_RNvNtNtNtCskRqwCqzCV5o_8trybuild8internal5build5cargo8features
FNDA:6,_RNvNtNtNtCskRqwCqzCV5o_8trybuild8internal5build5cargo8metadata
FNDA:16,_RNvNtNtNtCskRqwCqzCV5o_8trybuild8internal5build5cargo8run_test
FNDA:44,_RNvNtNtNtCskRqwCqzCV5o_8trybuild8internal5build5cargo9raw_cargo
FNDA:1,_RNvNtNtNtCsbKirBNrICOS_8trybuild8internal5build5cargo10build_test
FNDA:1,_RNvNtNtNtCsbKirBNrICOS_8trybuild8internal5build5cargo13run_via_cargo
FNDA:2,_RNvNtNtNtCsbKirBNrICOS_8trybuild8internal5build5cargo15build_all_tests
FNDA:12,_RNvNtNtNtCsbKirBNrICOS_8trybuild8internal5build5cargo16cargo_target_dir
FNDA:3,_RNvNtNtNtCsbKirBNrICOS_8trybuild8internal5build5cargo17find_manifest_dir
FNDA:2,_RNvNtNtNtCsbKirBNrICOS_8trybuild8internal5build5cargo17manifest_dir_from
FNDA:3,_RNvNtNtNtCsbKirBNrICOS_8trybuild8internal5build5cargo18build_dependencies
FNDA:11,_RNvNtNtNtCsbKirBNrICOS_8trybuild8internal5build5cargo20cargo_with_rustflags
FNDA:1,_RNvNtNtNtCsbKirBNrICOS_8trybuild8internal5build5cargo20run_built_executable
FNDA:8,_RNvNtNtNtCsbKirBNrICOS_8trybuild8internal5build5cargo5cargo
FNDA:7,_RNvNtNtNtCsbKirBNrICOS_8trybuild8internal5build5cargo6target
FNDA:7,_RNvNtNtNtCsbKirBNrICOS_8trybuild8internal5build5cargo8features
FNDA:2,_RNvNtNtNtCsbKirBNrICOS_8trybuild8internal5build5cargo8run_test
FNDA:11,_RNvNtNtNtCsbKirBNrICOS_8trybuild8internal5build5cargo9raw_cargo
FNDA:0,_RNCNvNtNtNtCsbKirBNrICOS_8trybuild8internal5build5cargo8metadata0B9_
FNDA:0,_RNvNtNtNtCsbKirBNrICOS_8trybuild8internal5build5cargo12manifest_dir
FNDA:0,_RNvNtNtNtCsbKirBNrICOS_8trybuild8internal5build5cargo8metadata
FNDA:2,_RNCNvNtNtNtCsbKirBNrICOS_8trybuild8internal5build5cargo18build_dependencies0B9_
FNDA:1,_RNCNvNtNtNtCsbKirBNrICOS_8trybuild8internal5build5cargo8features0B9_
FNDA:0,_RNCNvNtNtNtCsbKirBNrICOS_8trybuild8internal5build5cargo9raw_cargo0B9_
FNDA:5,_RNvNtNtNtNtCsbKirBNrICOS_8trybuild8internal5build5cargo5tests13write_project
FNDA:7,_RNvNtNtNtNtCsbKirBNrICOS_8trybuild8internal5build5cargo5tests7project
FNDA:1,_RNvNtNtNtNtCsbKirBNrICOS_8trybuild8internal5build5cargo5testss_42run_test_prefers_reported_executable_paths
FNDA:1,_RNvNtNtNtNtCsbKirBNrICOS_8trybuild8internal5build5cargo5testss_48find_manifest_dir_errors_when_no_manifest_exists
FNDA:1,_RNvNtNtNtNtCsbKirBNrICOS_8trybuild8internal5build5cargo5testss_49manifest_dir_from_uses_the_env_value_when_present
FNDA:1,_RNvNtNtNtNtCsbKirBNrICOS_8trybuild8internal5build5cargo5testss_50build_dependencies_reports_dependency_build_errors
FNDA:1,_RNvNtNtNtNtCsbKirBNrICOS_8trybuild8internal5build5cargo5testss_50find_manifest_dir_walks_up_to_the_nearest_manifest
FNDA:1,_RNvNtNtNtNtCsbKirBNrICOS_8trybuild8internal5build5cargo5testss_56build_entrypoints_capture_single_and_batched_json_output
FNDA:1,_RNvNtNtNtNtCsbKirBNrICOS_8trybuild8internal5build5cargo5testss_58run_test_falls_back_to_cargo_run_when_executable_is_absent
FNDA:1,_RNvNtNtNtNtCsbKirBNrICOS_8trybuild8internal5build5cargo5testss_59manifest_dir_from_walks_from_current_dir_when_env_is_absent
FNDA:1,_RNvNtNtNtNtCsbKirBNrICOS_8trybuild8internal5build5cargo5testss_60build_dependencies_generates_lockfile_and_records_keep_going
FNDA:1,_RNvNtNtNtNtCsbKirBNrICOS_8trybuild8internal5build5cargo5testss_64build_dependencies_ignores_non_missing_workspace_lockfile_errors
FNF:32
FNH:31
DA:60,55
DA:61,55
DA:62,55
DA:66,19
DA:67,19
DA:68,19
DA:75,49
DA:76,49
DA:77,49
DA:81,49
DA:82,49
DA:83,49
DA:84,49
DA:85,49
DA:86,49
DA:87,49
DA:88,49
DA:89,49
DA:90,49
DA:99,66
DA:100,66
DA:101,66
DA:111,5
DA:112,5
DA:113,5
DA:121,7
DA:122,7
DA:123,6
DA:124,1
DA:125,1
DA:126,7
DA:133,3
DA:135,7
DA:136,2
DA:137,5
DA:138,5
DA:140,3
DA:153,8
DA:155,8
DA:156,3
DA:157,3
DA:158,3
DA:159,3
DA:160,3
DA:161,3
DA:162,3
DA:164,5
DA:165,5
DA:166,4
DA:167,4
DA:168,4
DA:169,4
DA:173,8
DA:174,8
DA:175,8
DA:176,8
DA:177,8
DA:178,8
DA:179,8
DA:183,8
DA:184,8
DA:185,2
DA:186,2
DA:187,2
DA:188,6
DA:191,6
DA:192,6
DA:193,6
DA:194,6
DA:195,6
DA:196,6
DA:197,6
DA:198,6
DA:200,0
DA:205,6
DA:206,6
DA:207,6
DA:208,6
DA:209,6
DA:210,6
DA:211,6
DA:212,6
DA:214,6
DA:215,8
DA:225,27
DA:226,27
DA:227,27
DA:228,27
DA:229,27
DA:230,27
DA:231,27
DA:232,27
DA:233,27
DA:234,27
DA:235,27
DA:236,27
DA:237,27
DA:249,3
DA:250,3
DA:251,3
DA:252,3
DA:253,3
DA:254,3
DA:255,3
DA:256,3
DA:257,3
DA:258,3
DA:259,3
DA:260,3
DA:261,3
DA:272,18
DA:273,18
DA:274,17
DA:275,1
DA:276,1
DA:277,18
DA:284,17
DA:285,17
DA:286,17
DA:287,17
DA:288,17
DA:289,17
DA:290,17
DA:291,17
DA:292,17
DA:300,1
DA:301,1
DA:302,1
DA:303,1
DA:304,1
DA:305,1
DA:306,1
DA:307,1
DA:308,1
DA:309,1
DA:310,1
DA:311,1
DA:319,6
DA:320,6
DA:321,6
DA:322,6
DA:323,6
DA:324,6
DA:325,6
DA:327,6
DA:328,1
DA:329,1
DA:330,1
DA:331,1
DA:332,1
DA:333,6
DA:337,39
DA:338,39
DA:339,3
DA:340,3
DA:341,39
DA:347,39
DA:361,39
DA:362,0
DA:364,39
DA:366,39
DA:393,7
DA:394,7
DA:395,7
DA:396,7
DA:397,7
DA:398,7
DA:399,7
DA:400,7
DA:401,7
DA:402,7
DA:403,7
DA:404,7
DA:405,7
DA:406,7
DA:407,7
DA:408,7
DA:409,7
DA:410,7
DA:411,7
DA:412,7
DA:413,7
DA:414,7
DA:415,7
DA:416,7
DA:417,7
DA:418,7
DA:419,7
DA:420,7
DA:421,7
DA:422,7
DA:423,7
DA:424,7
DA:425,7
DA:426,7
DA:428,5
DA:429,5
DA:430,5
DA:431,5
DA:432,5
DA:433,5
DA:434,5
DA:451,0
DA:452,5
DA:453,5
DA:456,1
DA:457,1
DA:458,1
DA:459,1
DA:461,0
DA:463,1
DA:464,1
DA:467,1
DA:470,1
DA:471,1
DA:472,1
DA:474,0
DA:476,1
DA:477,1
DA:480,1
DA:481,1
DA:482,1
DA:483,1
DA:484,1
DA:485,1
DA:487,0
DA:489,1
DA:490,1
DA:492,0
DA:494,1
DA:495,1
DA:498,1
DA:501,1
DA:502,1
DA:504,1
DA:505,1
DA:506,1
DA:507,1
DA:508,1
DA:509,1
DA:510,1
DA:511,1
DA:512,1
DA:513,1
DA:514,1
DA:517,1
DA:518,1
DA:519,1
DA:520,1
DA:522,1
DA:524,1
DA:525,1
DA:526,1
DA:527,1
DA:528,1
DA:529,1
DA:530,1
DA:531,1
DA:532,1
DA:533,1
DA:534,1
DA:535,1
DA:538,1
DA:539,1
DA:540,1
DA:541,1
DA:543,1
DA:544,1
DA:547,1
DA:550,1
DA:551,1
DA:552,1
DA:553,1
DA:554,1
DA:555,1
DA:556,1
DA:558,1
DA:559,1
DA:562,1
DA:565,1
DA:566,1
DA:567,1
DA:568,1
DA:570,1
DA:571,1
DA:573,0
DA:575,1
DA:576,1
DA:577,1
DA:578,1
DA:579,1
DA:580,1
DA:581,1
DA:582,1
DA:585,1
DA:586,1
DA:587,1
DA:588,1
DA:589,1
DA:591,1
DA:592,1
DA:594,0
DA:595,1
DA:596,1
DA:598,1
DA:599,1
DA:600,1
DA:601,1
DA:602,1
DA:603,1
DA:607,1
DA:608,1
DA:609,1
DA:610,1
DA:611,1
DA:612,1
DA:613,1
DA:615,0
DA:616,1
DA:617,1
DA:618,1
DA:619,1
DA:621,0
DA:623,1
DA:624,1
DA:626,0
DA:628,1
DA:629,1
DA:630,1
DA:631,1
DA:632,1
DA:633,1
DA:634,1
DA:635,1
BRDA:122,0,0,6
BRDA:122,0,1,1
BRDA:135,0,0,2
BRDA:135,0,1,5
BRDA:157,0,0,3
BRDA:157,0,1,0
BRDA:165,0,0,4
BRDA:165,0,1,1
BRDA:175,0,0,4
BRDA:175,0,1,4
BRDA:184,0,0,2
BRDA:184,0,1,6
BRDA:197,0,0,6
BRDA:197,0,1,0
BRDA:227,0,0,26
BRDA:227,0,1,1
BRDA:251,0,0,1
BRDA:251,0,1,2
BRDA:273,0,0,17
BRDA:273,0,1,1
BRF:20
BRH:16
LF:338
LH:325
end_of_record
SF:/home/openai/strict-rs/strict-trybuild/src/internal/build/json.rs
FN:122,_RNCNvNtNtNtCskRqwCqzCV5o_8trybuild8internal5build4json16parse_cargo_json0B9_
FN:104,_RNvNtNtNtCskRqwCqzCV5o_8trybuild8internal5build4json16parse_cargo_json
FN:159,_RNvNtNtNtCskRqwCqzCV5o_8trybuild8internal5build4json17record_diagnostic
FN:198,_RNvNtNtNtCskRqwCqzCV5o_8trybuild8internal5build4json17record_executable
FN:88,_RNvXNtNtNtCskRqwCqzCV5o_8trybuild8internal5build4jsonNtB2_6StderrNtNtCs8r2hDutfFpp_4core7default7Default7default
FN:278,_RNvNtNtNtNtCsbKirBNrICOS_8trybuild8internal5build4json5tests16compiler_message
FN:288,_RNvNtNtNtNtCsbKirBNrICOS_8trybuild8internal5build4json5tests17compiler_artifact
FN:240,_RNvNtNtNtNtCsbKirBNrICOS_8trybuild8internal5build4json5tests7project
FN:272,_RNvNtNtNtNtCsbKirBNrICOS_8trybuild8internal5build4json5tests8path_map
FN:344,_RNvNtNtNtNtCsbKirBNrICOS_8trybuild8internal5build4json5testss_58parse_cargo_json_discards_unrelated_messages_and_artifacts
FN:298,_RNvNtNtNtNtCsbKirBNrICOS_8trybuild8internal5build4json5testss_61parse_cargo_json_records_matching_diagnostics_and_executables
FN:291,_RNCNvNtNtNtNtCsbKirBNrICOS_8trybuild8internal5build4json5tests17compiler_artifact0Bb_
FN:350,_RNCNvNtNtNtNtCsbKirBNrICOS_8trybuild8internal5build4json5testss_58parse_cargo_json_discards_unrelated_messages_and_artifacts0Bb_
FN:303,_RNCNvNtNtNtNtCsbKirBNrICOS_8trybuild8internal5build4json5testss_61parse_cargo_json_records_matching_diagnostics_and_executables0Bb_
FN:122,_RNCNvNtNtNtCsbKirBNrICOS_8trybuild8internal5build4json16parse_cargo_json0B9_
FN:104,_RNvNtNtNtCsbKirBNrICOS_8trybuild8internal5build4json16parse_cargo_json
FN:159,_RNvNtNtNtCsbKirBNrICOS_8trybuild8internal5build4json17record_diagnostic
FN:198,_RNvNtNtNtCsbKirBNrICOS_8trybuild8internal5build4json17record_executable
FN:88,_RNvXNtNtNtCsbKirBNrICOS_8trybuild8internal5build4jsonNtB2_6StderrNtNtCs8r2hDutfFpp_4core7default7Default7default
FNDA:1725,_RNCNvNtNtNtCskRqwCqzCV5o_8trybuild8internal5build4json16parse_cargo_json0B9_
FNDA:27,_RNvNtNtNtCskRqwCqzCV5o_8trybuild8internal5build4json16parse_cargo_json
FNDA:13,_RNvNtNtNtCskRqwCqzCV5o_8trybuild8internal5build4json17record_diagnostic
FNDA:1373,_RNvNtNtNtCskRqwCqzCV5o_8trybuild8internal5build4json17record_executable
FNDA:37,_RNvXNtNtNtCskRqwCqzCV5o_8trybuild8internal5build4jsonNtB2_6StderrNtNtCs8r2hDutfFpp_4core7default7Default7default
FNDA:5,_RNvNtNtNtNtCsbKirBNrICOS_8trybuild8internal5build4json5tests16compiler_message
FNDA:4,_RNvNtNtNtNtCsbKirBNrICOS_8trybuild8internal5build4json5tests17compiler_artifact
FNDA:2,_RNvNtNtNtNtCsbKirBNrICOS_8trybuild8internal5build4json5tests7project
FNDA:2,_RNvNtNtNtNtCsbKirBNrICOS_8trybuild8internal5build4json5tests8path_map
FNDA:1,_RNvNtNtNtNtCsbKirBNrICOS_8trybuild8internal5build4json5testss_58parse_cargo_json_discards_unrelated_messages_and_artifacts
FNDA:1,_RNvNtNtNtNtCsbKirBNrICOS_8trybuild8internal5build4json5testss_61parse_cargo_json_records_matching_diagnostics_and_executables
FNDA:3,_RNCNvNtNtNtNtCsbKirBNrICOS_8trybuild8internal5build4json5tests17compiler_artifact0Bb_
FNDA:0,_RNCNvNtNtNtNtCsbKirBNrICOS_8trybuild8internal5build4json5testss_58parse_cargo_json_discards_unrelated_messages_and_artifacts0Bb_
FNDA:0,_RNCNvNtNtNtNtCsbKirBNrICOS_8trybuild8internal5build4json5testss_61parse_cargo_json_records_matching_diagnostics_and_executables0Bb_
FNDA:11,_RNCNvNtNtNtCsbKirBNrICOS_8trybuild8internal5build4json16parse_cargo_json0B9_
FNDA:2,_RNvNtNtNtCsbKirBNrICOS_8trybuild8internal5build4json16parse_cargo_json
FNDA:5,_RNvNtNtNtCsbKirBNrICOS_8trybuild8internal5build4json17record_diagnostic
FNDA:4,_RNvNtNtNtCsbKirBNrICOS_8trybuild8internal5build4json17record_executable
FNDA:1,_RNvXNtNtNtCsbKirBNrICOS_8trybuild8internal5build4jsonNtB2_6StderrNtNtCs8r2hDutfFpp_4core7default7Default7default
FNF:14
FNH:12
DA:88,38
DA:89,38
DA:90,38
DA:91,38
DA:92,38
DA:93,38
DA:104,29
DA:105,29
DA:106,29
DA:107,29
DA:108,29
DA:109,29
DA:110,29
DA:111,29
DA:112,29
DA:113,29
DA:114,1765
DA:115,1737
DA:116,1
DA:118,1736
DA:119,0
DA:121,1736
DA:122,1736
DA:123,1736
DA:124,0
DA:126,1736
DA:127,1736
DA:132,1
DA:133,1735
DA:134,1735
DA:135,1395
DA:136,18
DA:137,18
DA:138,18
DA:139,1377
DA:140,1377
DA:141,1377
DA:143,340
DA:145,29
DA:146,29
DA:147,29
DA:148,29
DA:149,29
DA:150,29
DA:151,29
DA:159,18
DA:160,18
DA:161,18
DA:162,18
DA:163,18
DA:164,18
DA:165,18
DA:166,4
DA:167,14
DA:169,14
DA:170,14
DA:171,1
DA:173,13
DA:174,1
DA:175,12
DA:177,12
DA:178,12
DA:179,11
DA:180,11
DA:181,12
DA:182,12
DA:183,12
DA:184,12
DA:185,12
DA:186,12
DA:187,12
DA:188,12
DA:189,12
DA:190,18
DA:198,1377
DA:199,1377
DA:200,1377
DA:201,1377
DA:202,1377
DA:203,1377
DA:204,1356
DA:206,21
DA:207,21
DA:208,1
DA:210,20
DA:211,1
DA:212,19
DA:213,19
DA:214,1377
DA:240,2
DA:241,2
DA:242,2
DA:243,2
DA:244,2
DA:245,2
DA:246,2
DA:247,2
DA:248,2
DA:249,2
DA:250,2
DA:251,2
DA:252,2
DA:253,2
DA:254,2
DA:255,2
DA:256,2
DA:257,2
DA:258,2
DA:259,2
DA:260,2
DA:261,2
DA:262,2
DA:263,2
DA:264,2
DA:265,2
DA:266,2
DA:267,2
DA:268,2
DA:269,2
DA:270,2
DA:272,2
DA:273,2
DA:274,2
DA:275,2
DA:276,2
DA:278,5
DA:279,5
DA:280,5
DA:281,5
DA:282,5
DA:283,5
DA:286,5
DA:288,4
DA:289,4
DA:290,4
DA:291,4
DA:292,3
DA:293,3
DA:294,4
DA:295,4
DA:298,1
DA:299,1
DA:300,1
DA:301,1
DA:302,1
DA:303,1
DA:305,0
DA:306,1
DA:307,1
DA:308,1
DA:309,1
DA:310,1
DA:311,1
DA:312,1
DA:313,1
DA:314,1
DA:315,1
DA:316,1
DA:318,1
DA:319,1
DA:320,1
DA:322,0
DA:323,1
DA:324,1
DA:326,0
DA:328,1
DA:329,1
DA:330,1
DA:331,1
DA:332,1
DA:333,1
DA:334,1
DA:335,1
DA:336,1
DA:337,1
DA:338,1
DA:339,1
DA:340,1
DA:341,1
DA:344,1
DA:345,1
DA:346,1
DA:347,1
DA:348,1
DA:349,1
DA:350,1
DA:352,0
DA:353,1
DA:354,1
DA:355,1
DA:356,1
DA:357,1
DA:358,1
DA:359,1
DA:360,1
DA:361,1
DA:362,1
DA:363,1
DA:364,1
DA:365,1
DA:366,1
DA:367,1
DA:371,1
DA:373,1
DA:374,1
DA:375,1
DA:376,1
DA:377,1
DA:378,1
BRDA:114,0,0,1737
BRDA:114,0,1,28
BRDA:115,0,0,1736
BRDA:115,0,1,1
BRDA:118,0,0,1736
BRDA:118,0,1,0
BRDA:123,0,0,1736
BRDA:123,0,1,0
BRDA:127,0,0,1
BRDA:127,0,1,1735
BRDA:134,0,0,1395
BRDA:134,0,1,340
BRDA:165,0,0,4
BRDA:165,0,1,14
BRDA:170,0,0,13
BRDA:170,0,1,1
BRDA:173,0,0,1
BRDA:173,0,1,12
BRDA:178,0,0,11
BRDA:178,0,1,1
BRDA:203,0,0,21
BRDA:203,0,1,1356
BRDA:207,0,0,20
BRDA:207,0,1,1
BRDA:210,0,0,1
BRDA:210,0,1,19
BRF:26
BRH:24
LF:213
LH:205
end_of_record
SF:/home/openai/strict-rs/strict-trybuild/src/internal/cases.rs
FN:42,_RINvMNtNtCskRqwCqzCV5o_8trybuild8internal5casesNtB3_9TestCases4passReECseJBcs1LLH0F_15foreign_project
FN:33,_RNvMNtNtCskRqwCqzCV5o_8trybuild8internal5casesNtB2_9TestCases3new
FN:59,_RNvMNtNtCskRqwCqzCV5o_8trybuild8internal5casesNtB2_9TestCases3run
FN:80,_RNvMNtNtCskRqwCqzCV5o_8trybuild8internal5casesNtB2_9TestCases4push
FN:75,_RNvMNtNtCskRqwCqzCV5o_8trybuild8internal5casesNtB2_9TestCases7try_run
FN:95,_RNvXs0_NtNtCskRqwCqzCV5o_8trybuild8internal5casesNtB5_9TestCasesNtNtCs8r2hDutfFpp_4core3fmt5Debug3fmt
FN:89,_RNvXs_NtNtCskRqwCqzCV5o_8trybuild8internal5casesNtB4_9TestCasesNtNtCs8r2hDutfFpp_4core7default7Default7default
FN:49,_RINvMNtNtCskRqwCqzCV5o_8trybuild8internal5casesNtB3_9TestCases12compile_failRNtNtCslA1p6lcXJtn_3std4path7PathBufECs4baEZ4DLSjx_9overwrite
FN:42,_RINvMNtNtCskRqwCqzCV5o_8trybuild8internal5casesNtB3_9TestCases4passReECs7jGnDk4TNxd_10run_report
FN:49,_RINvMNtNtCskRqwCqzCV5o_8trybuild8internal5casesNtB3_9TestCases12compile_failReECs5Ln73qPrXum_4test
FN:42,_RINvMNtNtCskRqwCqzCV5o_8trybuild8internal5casesNtB3_9TestCases4passReECs5Ln73qPrXum_4test
FN:49,_RINvMNtNtCskRqwCqzCV5o_8trybuild8internal5casesNtB3_9TestCases12compile_failReECsaiDidCIgUdm_7try_run
FN:42,_RINvMNtNtCskRqwCqzCV5o_8trybuild8internal5casesNtB3_9TestCases4passReECsaiDidCIgUdm_7try_run
FN:59,_RNvMNtNtCsbKirBNrICOS_8trybuild8internal5casesNtB2_9TestCases3run
FN:75,_RNvMNtNtCsbKirBNrICOS_8trybuild8internal5casesNtB2_9TestCases7try_run
FN:33,_RNvMNtNtCsbKirBNrICOS_8trybuild8internal5casesNtB2_9TestCases3new
FN:80,_RNvMNtNtCsbKirBNrICOS_8trybuild8internal5casesNtB2_9TestCases4push
FN:95,_RNvXs0_NtNtCsbKirBNrICOS_8trybuild8internal5casesNtB5_9TestCasesNtNtCs8r2hDutfFpp_4core3fmt5Debug3fmt
FN:89,_RNvXs_NtNtCsbKirBNrICOS_8trybuild8internal5casesNtB4_9TestCasesNtNtCs8r2hDutfFpp_4core7default7Default7default
FN:140,_RNvNtNtNtCsbKirBNrICOS_8trybuild8internal5cases5testss_33debug_output_stays_non_exhaustive
FN:111,_RNvNtNtNtCsbKirBNrICOS_8trybuild8internal5cases5testss_52default_matches_new_and_registrations_preserve_order
FN:49,_RINvMNtNtCsbKirBNrICOS_8trybuild8internal5casesNtB3_9TestCases12compile_failReEB7_
FN:42,_RINvMNtNtCsbKirBNrICOS_8trybuild8internal5casesNtB3_9TestCases4passReEB7_
FNDA:2,_RINvMNtNtCskRqwCqzCV5o_8trybuild8internal5casesNtB3_9TestCases4passReECseJBcs1LLH0F_15foreign_project
FNDA:9,_RNvMNtNtCskRqwCqzCV5o_8trybuild8internal5casesNtB2_9TestCases3new
FNDA:4,_RNvMNtNtCskRqwCqzCV5o_8trybuild8internal5casesNtB2_9TestCases3run
FNDA:31,_RNvMNtNtCskRqwCqzCV5o_8trybuild8internal5casesNtB2_9TestCases4push
FNDA:5,_RNvMNtNtCskRqwCqzCV5o_8trybuild8internal5casesNtB2_9TestCases7try_run
FNDA:0,_RNvXs0_NtNtCskRqwCqzCV5o_8trybuild8internal5casesNtB5_9TestCasesNtNtCs8r2hDutfFpp_4core3fmt5Debug3fmt
FNDA:0,_RNvXs_NtNtCskRqwCqzCV5o_8trybuild8internal5casesNtB4_9TestCasesNtNtCs8r2hDutfFpp_4core7default7Default7default
FNDA:3,_RINvMNtNtCskRqwCqzCV5o_8trybuild8internal5casesNtB3_9TestCases12compile_failRNtNtCslA1p6lcXJtn_3std4path7PathBufECs4baEZ4DLSjx_9overwrite
FNDA:1,_RINvMNtNtCskRqwCqzCV5o_8trybuild8internal5casesNtB3_9TestCases4passReECs7jGnDk4TNxd_10run_report
FNDA:4,_RINvMNtNtCskRqwCqzCV5o_8trybuild8internal5casesNtB3_9TestCases12compile_failReECs5Ln73qPrXum_4test
FNDA:14,_RINvMNtNtCskRqwCqzCV5o_8trybuild8internal5casesNtB3_9TestCases4passReECs5Ln73qPrXum_4test
FNDA:4,_RINvMNtNtCskRqwCqzCV5o_8trybuild8internal5casesNtB3_9TestCases12compile_failReECsaiDidCIgUdm_7try_run
FNDA:3,_RINvMNtNtCskRqwCqzCV5o_8trybuild8internal5casesNtB3_9TestCases4passReECsaiDidCIgUdm_7try_run
FNDA:0,_RNvMNtNtCsbKirBNrICOS_8trybuild8internal5casesNtB2_9TestCases3run
FNDA:0,_RNvMNtNtCsbKirBNrICOS_8trybuild8internal5casesNtB2_9TestCases7try_run
FNDA:3,_RNvMNtNtCsbKirBNrICOS_8trybuild8internal5casesNtB2_9TestCases3new
FNDA:2,_RNvMNtNtCsbKirBNrICOS_8trybuild8internal5casesNtB2_9TestCases4push
FNDA:1,_RNvXs0_NtNtCsbKirBNrICOS_8trybuild8internal5casesNtB5_9TestCasesNtNtCs8r2hDutfFpp_4core3fmt5Debug3fmt
FNDA:1,_RNvXs_NtNtCsbKirBNrICOS_8trybuild8internal5casesNtB4_9TestCasesNtNtCs8r2hDutfFpp_4core7default7Default7default
FNDA:1,_RNvNtNtNtCsbKirBNrICOS_8trybuild8internal5cases5testss_33debug_output_stays_non_exhaustive
FNDA:1,_RNvNtNtNtCsbKirBNrICOS_8trybuild8internal5cases5testss_52default_matches_new_and_registrations_preserve_order
FNDA:1,_RINvMNtNtCsbKirBNrICOS_8trybuild8internal5casesNtB3_9TestCases12compile_failReEB7_
FNDA:1,_RINvMNtNtCsbKirBNrICOS_8trybuild8internal5casesNtB3_9TestCases4passReEB7_
FNF:10
FNH:10
DA:33,12
DA:34,12
DA:35,12
DA:36,12
DA:37,12
DA:42,21
DA:43,21
DA:44,21
DA:49,12
DA:50,12
DA:51,12
DA:59,4
DA:60,4
DA:61,4
DA:75,5
DA:76,5
DA:77,5
DA:80,33
DA:81,33
DA:82,33
DA:83,33
DA:84,33
DA:85,33
DA:89,1
DA:90,1
DA:91,1
DA:95,1
DA:96,1
DA:97,1
DA:111,1
DA:112,1
DA:113,1
DA:115,1
DA:116,1
DA:117,1
DA:118,1
DA:120,1
DA:121,1
DA:122,1
DA:123,1
DA:124,1
DA:125,1
DA:126,1
DA:127,1
DA:128,1
DA:129,1
DA:130,1
DA:131,1
DA:132,1
DA:133,1
DA:134,1
DA:135,1
DA:136,1
DA:137,1
DA:140,1
DA:141,1
DA:142,1
DA:143,1
DA:146,1
BRF:0
BRH:0
LF:59
LH:59
end_of_record
SF:/home/openai/strict-rs/strict-trybuild/src/internal/diagnostics/normalize.rs
FN:170,_RNvMNtNtNtCskRqwCqzCV5o_8trybuild8internal11diagnostics9normalizeNtB2_10Variations6concat
FN:150,_RNvMNtNtNtCskRqwCqzCV5o_8trybuild8internal11diagnostics9normalizeNtB2_10Variations9preferred
FN:1038,_RNvMs0_NtNtNtCskRqwCqzCV5o_8trybuild8internal11diagnostics9normalizeNtB5_10SourceLine11code_indent
FN:1053,_RNvMs0_NtNtNtCskRqwCqzCV5o_8trybuild8internal11diagnostics9normalizeNtB5_10SourceLine12other_indent
FN:1071,_RNvMs0_NtNtNtCskRqwCqzCV5o_8trybuild8internal11diagnostics9normalizeNtB5_10SourceLine13is_suggestion
FN:1062,_RNvMs0_NtNtNtCskRqwCqzCV5o_8trybuild8internal11diagnostics9normalizeNtB5_10SourceLine16is_source_border
FN:1087,_RNvMs0_NtNtNtCskRqwCqzCV5o_8trybuild8internal11diagnostics9normalizeNtB5_10SourceLine26is_source_location_or_note
FN:1010,_RNvMs0_NtNtNtCskRqwCqzCV5o_8trybuild8internal11diagnostics9normalizeNtB5_10SourceLine5parse
FN:440,_RNvMs_NtNtNtCskRqwCqzCV5o_8trybuild8internal11diagnostics9normalizeNtB4_6Filter10strip_line
FN:288,_RNvMs_NtNtNtCskRqwCqzCV5o_8trybuild8internal11diagnostics9normalizeNtB4_6Filter18normalize_location
FN:341,_RNvMs_NtNtNtCskRqwCqzCV5o_8trybuild8internal11diagnostics9normalizeNtB4_6Filter18replace_source_dir
FN:519,_RNvMs_NtNtNtCskRqwCqzCV5o_8trybuild8internal11diagnostics9normalizeNtB4_6Filter20collapse_other_types
FN:421,_RNvMs_NtNtNtCskRqwCqzCV5o_8trybuild8internal11diagnostics9normalizeNtB4_6Filter21extend_hidden_numbers
FN:389,_RNvMs_NtNtNtCskRqwCqzCV5o_8trybuild8internal11diagnostics9normalizeNtB4_6Filter22replace_cargo_registry
FN:370,_RNvMs_NtNtNtCskRqwCqzCV5o_8trybuild8internal11diagnostics9normalizeNtB4_6Filter23replace_path_dependency
FN:246,_RNvMs_NtNtNtCskRqwCqzCV5o_8trybuild8internal11diagnostics9normalizeNtB4_6Filter5apply
FN:129,_RNvNtNtNtCskRqwCqzCV5o_8trybuild8internal11diagnostics9normalize11diagnostics
FN:566,_RNvNtNtNtCskRqwCqzCV5o_8trybuild8internal11diagnostics9normalize11lower_slash
FN:968,_RNvNtNtNtCskRqwCqzCV5o_8trybuild8internal11diagnostics9normalize15is_heading_note
FN:578,_RNvNtNtNtCskRqwCqzCV5o_8trybuild8internal11diagnostics9normalize15replace_out_dir
FN:607,_RNvNtNtNtCskRqwCqzCV5o_8trybuild8internal11diagnostics9normalize16is_out_dir_crate
FN:621,_RNvNtNtNtCskRqwCqzCV5o_8trybuild8internal11diagnostics9normalize16replace_rust_lib
FN:917,_RNvNtNtNtCskRqwCqzCV5o_8trybuild8internal11diagnostics9normalize18indented_line_kind
FN:890,_RNvNtNtNtCskRqwCqzCV5o_8trybuild8internal11diagnostics9normalize19emit_unindent_block
FN:989,_RNvNtNtNtCskRqwCqzCV5o_8trybuild8internal11diagnostics9normalize20ellipsis_code_indent
FN:723,_RNvNtNtNtCskRqwCqzCV5o_8trybuild8internal11diagnostics9normalize20hide_leading_numbers
FN:977,_RNvNtNtNtCskRqwCqzCV5o_8trybuild8internal11diagnostics9normalize20is_note_continuation
FN:679,_RNvNtNtNtCskRqwCqzCV5o_8trybuild8internal11diagnostics9normalize20normalize_and_others
FN:739,_RNvNtNtNtCskRqwCqzCV5o_8trybuild8internal11diagnostics9normalize21hide_trailing_numbers
FN:951,_RNvNtNtNtCskRqwCqzCV5o_8trybuild8internal11diagnostics9normalize21is_diagnostic_heading
FN:649,_RNvNtNtNtCskRqwCqzCV5o_8trybuild8internal11diagnostics9normalize21is_rustc_hash_library
FN:712,_RNvNtNtNtCskRqwCqzCV5o_8trybuild8internal11diagnostics9normalize22is_ascii_lowercase_hex
FN:705,_RNvNtNtNtCskRqwCqzCV5o_8trybuild8internal11diagnostics9normalize22is_long_type_name_note
FN:860,_RNvNtNtNtCskRqwCqzCV5o_8trybuild8internal11diagnostics9normalize22measure_unindent_block
FN:758,_RNvNtNtNtCskRqwCqzCV5o_8trybuild8internal11diagnostics9normalize24replace_case_insensitive
FN:662,_RNvNtNtNtCskRqwCqzCV5o_8trybuild8internal11diagnostics9normalize26replace_dependency_version
FN:203,_RNvNtNtNtCskRqwCqzCV5o_8trybuild8internal11diagnostics9normalize5apply
FN:819,_RNvNtNtNtCskRqwCqzCV5o_8trybuild8internal11diagnostics9normalize8unindent
FN:76,_RNvXs5_NtNtNtCskRqwCqzCV5o_8trybuild8internal11diagnostics9normalizeNtB5_10VariationsNtNtCs8r2hDutfFpp_4core7default7Default7default
FN:164,_RINvMNtNtNtCskRqwCqzCV5o_8trybuild8internal11diagnostics9normalizeNtB3_10Variations3anyNCNvMNtB7_6runnerNtNtB7_5model4Test18check_compile_fail0EB9_
FN:182,_RINvNtNtNtCskRqwCqzCV5o_8trybuild8internal11diagnostics9normalize4trimNtNtCs3426yz8J6hl_5alloc6string6StringEB8_
FN:182,_RINvNtNtNtCskRqwCqzCV5o_8trybuild8internal11diagnostics9normalize4trimRINtNtCs3426yz8J6hl_5alloc3vec3VechEEB8_
FN:165,_RNCINvMNtNtNtCskRqwCqzCV5o_8trybuild8internal11diagnostics9normalizeNtB5_10Variations3anyNCNvMNtB9_6runnerNtNtB9_5model4Test18check_compile_fail0E0Bb_
FN:1011,_RNCNvMs0_NtNtNtCskRqwCqzCV5o_8trybuild8internal11diagnostics9normalizeNtB7_10SourceLine5parse0Bd_
FN:1022,_RNCNvMs0_NtNtNtCskRqwCqzCV5o_8trybuild8internal11diagnostics9normalizeNtB7_10SourceLine5parses_0Bd_
FN:392,_RNCNvMs_NtNtNtCskRqwCqzCV5o_8trybuild8internal11diagnostics9normalizeNtB6_6Filter22replace_cargo_registry0Bc_
FN:990,_RNCNvNtNtNtCskRqwCqzCV5o_8trybuild8internal11diagnostics9normalize20ellipsis_code_indent0B9_
FN:991,_RNCNvNtNtNtCskRqwCqzCV5o_8trybuild8internal11diagnostics9normalize20ellipsis_code_indents_0B9_
FN:726,_RNCNvNtNtNtCskRqwCqzCV5o_8trybuild8internal11diagnostics9normalize20hide_leading_numbers0B9_
FN:692,_RNCNvNtNtNtCskRqwCqzCV5o_8trybuild8internal11diagnostics9normalize20normalize_and_others0B9_
FN:959,_RNCNvNtNtNtCskRqwCqzCV5o_8trybuild8internal11diagnostics9normalize21is_diagnostic_heading0B9_
FN:713,_RNCNvNtNtNtCskRqwCqzCV5o_8trybuild8internal11diagnostics9normalize22is_ascii_lowercase_hex0B9_
FN:782,_RNCNvNtNtNtCskRqwCqzCV5o_8trybuild8internal11diagnostics9normalize24replace_case_insensitive0B9_
FN:665,_RNCNvNtNtNtCskRqwCqzCV5o_8trybuild8internal11diagnostics9normalize26replace_dependency_version0B9_
FN:666,_RNCNvNtNtNtCskRqwCqzCV5o_8trybuild8internal11diagnostics9normalize26replace_dependency_versions_0B9_
FN:170,_RNvMNtNtNtCsbKirBNrICOS_8trybuild8internal11diagnostics9normalizeNtB2_10Variations6concat
FN:150,_RNvMNtNtNtCsbKirBNrICOS_8trybuild8internal11diagnostics9normalizeNtB2_10Variations9preferred
FN:1038,_RNvMs0_NtNtNtCsbKirBNrICOS_8trybuild8internal11diagnostics9normalizeNtB5_10SourceLine11code_indent
FN:1053,_RNvMs0_NtNtNtCsbKirBNrICOS_8trybuild8internal11diagnostics9normalizeNtB5_10SourceLine12other_indent
FN:1071,_RNvMs0_NtNtNtCsbKirBNrICOS_8trybuild8internal11diagnostics9normalizeNtB5_10SourceLine13is_suggestion
FN:1062,_RNvMs0_NtNtNtCsbKirBNrICOS_8trybuild8internal11diagnostics9normalizeNtB5_10SourceLine16is_source_border
FN:1087,_RNvMs0_NtNtNtCsbKirBNrICOS_8trybuild8internal11diagnostics9normalizeNtB5_10SourceLine26is_source_location_or_note
FN:1010,_RNvMs0_NtNtNtCsbKirBNrICOS_8trybuild8internal11diagnostics9normalizeNtB5_10SourceLine5parse
FN:440,_RNvMs_NtNtNtCsbKirBNrICOS_8trybuild8internal11diagnostics9normalizeNtB4_6Filter10strip_line
FN:288,_RNvMs_NtNtNtCsbKirBNrICOS_8trybuild8internal11diagnostics9normalizeNtB4_6Filter18normalize_location
FN:341,_RNvMs_NtNtNtCsbKirBNrICOS_8trybuild8internal11diagnostics9normalizeNtB4_6Filter18replace_source_dir
FN:519,_RNvMs_NtNtNtCsbKirBNrICOS_8trybuild8internal11diagnostics9normalizeNtB4_6Filter20collapse_other_types
FN:421,_RNvMs_NtNtNtCsbKirBNrICOS_8trybuild8internal11diagnostics9normalizeNtB4_6Filter21extend_hidden_numbers
FN:389,_RNvMs_NtNtNtCsbKirBNrICOS_8trybuild8internal11diagnostics9normalizeNtB4_6Filter22replace_cargo_registry
FN:370,_RNvMs_NtNtNtCsbKirBNrICOS_8trybuild8internal11diagnostics9normalizeNtB4_6Filter23replace_path_dependency
FN:246,_RNvMs_NtNtNtCsbKirBNrICOS_8trybuild8internal11diagnostics9normalizeNtB4_6Filter5apply
FN:129,_RNvNtNtNtCsbKirBNrICOS_8trybuild8internal11diagnostics9normalize11diagnostics
FN:566,_RNvNtNtNtCsbKirBNrICOS_8trybuild8internal11diagnostics9normalize11lower_slash
FN:968,_RNvNtNtNtCsbKirBNrICOS_8trybuild8internal11diagnostics9normalize15is_heading_note
FN:578,_RNvNtNtNtCsbKirBNrICOS_8trybuild8internal11diagnostics9normalize15replace_out_dir
FN:607,_RNvNtNtNtCsbKirBNrICOS_8trybuild8internal11diagnostics9normalize16is_out_dir_crate
FN:621,_RNvNtNtNtCsbKirBNrICOS_8trybuild8internal11diagnostics9normalize16replace_rust_lib
FN:917,_RNvNtNtNtCsbKirBNrICOS_8trybuild8internal11diagnostics9normalize18indented_line_kind
FN:890,_RNvNtNtNtCsbKirBNrICOS_8trybuild8internal11diagnostics9normalize19emit_unindent_block
FN:989,_RNvNtNtNtCsbKirBNrICOS_8trybuild8internal11diagnostics9normalize20ellipsis_code_indent
FN:723,_RNvNtNtNtCsbKirBNrICOS_8trybuild8internal11diagnostics9normalize20hide_leading_numbers
FN:977,_RNvNtNtNtCsbKirBNrICOS_8trybuild8internal11diagnostics9normalize20is_note_continuation
FN:679,_RNvNtNtNtCsbKirBNrICOS_8trybuild8internal11diagnostics9normalize20normalize_and_others
FN:739,_RNvNtNtNtCsbKirBNrICOS_8trybuild8internal11diagnostics9normalize21hide_trailing_numbers
FN:951,_RNvNtNtNtCsbKirBNrICOS_8trybuild8internal11diagnostics9normalize21is_diagnostic_heading
FN:649,_RNvNtNtNtCsbKirBNrICOS_8trybuild8internal11diagnostics9normalize21is_rustc_hash_library
FN:712,_RNvNtNtNtCsbKirBNrICOS_8trybuild8internal11diagnostics9normalize22is_ascii_lowercase_hex
FN:705,_RNvNtNtNtCsbKirBNrICOS_8trybuild8internal11diagnostics9normalize22is_long_type_name_note
FN:860,_RNvNtNtNtCsbKirBNrICOS_8trybuild8internal11diagnostics9normalize22measure_unindent_block
FN:758,_RNvNtNtNtCsbKirBNrICOS_8trybuild8internal11diagnostics9normalize24replace_case_insensitive
FN:662,_RNvNtNtNtCsbKirBNrICOS_8trybuild8internal11diagnostics9normalize26replace_dependency_version
FN:203,_RNvNtNtNtCsbKirBNrICOS_8trybuild8internal11diagnostics9normalize5apply
FN:819,_RNvNtNtNtCsbKirBNrICOS_8trybuild8internal11diagnostics9normalize8unindent
FN:76,_RNvXs5_NtNtNtCsbKirBNrICOS_8trybuild8internal11diagnostics9normalizeNtB5_10VariationsNtNtCs8r2hDutfFpp_4core7default7Default7default
FN:164,_RINvMNtNtNtCsbKirBNrICOS_8trybuild8internal11diagnostics9normalizeNtB3_10Variations3anyNCNvNtB5_18normalize_coverages_60trim_variation_any_and_concat_cover_empty_and_nonempty_paths0EB9_
FN:182,_RINvNtNtNtCsbKirBNrICOS_8trybuild8internal11diagnostics9normalize4trimNtNtCs3426yz8J6hl_5alloc6string6StringEB8_
FN:182,_RINvNtNtNtCsbKirBNrICOS_8trybuild8internal11diagnostics9normalize4trimReEB8_
FN:165,_RNCINvMNtNtNtCsbKirBNrICOS_8trybuild8internal11diagnostics9normalizeNtB5_10Variations3anyNCNvNtB7_18normalize_coverages_60trim_variation_any_and_concat_cover_empty_and_nonempty_paths0E0Bb_
FN:1011,_RNCNvMs0_NtNtNtCsbKirBNrICOS_8trybuild8internal11diagnostics9normalizeNtB7_10SourceLine5parse0Bd_
FN:1022,_RNCNvMs0_NtNtNtCsbKirBNrICOS_8trybuild8internal11diagnostics9normalizeNtB7_10SourceLine5parses_0Bd_
FN:392,_RNCNvMs_NtNtNtCsbKirBNrICOS_8trybuild8internal11diagnostics9normalizeNtB6_6Filter22replace_cargo_registry0Bc_
FN:990,_RNCNvNtNtNtCsbKirBNrICOS_8trybuild8internal11diagnostics9normalize20ellipsis_code_indent0B9_
FN:991,_RNCNvNtNtNtCsbKirBNrICOS_8trybuild8internal11diagnostics9normalize20ellipsis_code_indents_0B9_
FN:726,_RNCNvNtNtNtCsbKirBNrICOS_8trybuild8internal11diagnostics9normalize20hide_leading_numbers0B9_
FN:692,_RNCNvNtNtNtCsbKirBNrICOS_8trybuild8internal11diagnostics9normalize20normalize_and_others0B9_
FN:959,_RNCNvNtNtNtCsbKirBNrICOS_8trybuild8internal11diagnostics9normalize21is_diagnostic_heading0B9_
FN:713,_RNCNvNtNtNtCsbKirBNrICOS_8trybuild8internal11diagnostics9normalize22is_ascii_lowercase_hex0B9_
FN:782,_RNCNvNtNtNtCsbKirBNrICOS_8trybuild8internal11diagnostics9normalize24replace_case_insensitive0B9_
FN:665,_RNCNvNtNtNtCsbKirBNrICOS_8trybuild8internal11diagnostics9normalize26replace_dependency_version0B9_
FN:666,_RNCNvNtNtNtCsbKirBNrICOS_8trybuild8internal11diagnostics9normalize26replace_dependency_versions_0B9_
FNDA:10,_RNvMNtNtNtCskRqwCqzCV5o_8trybuild8internal11diagnostics9normalizeNtB2_10Variations6concat
FNDA:28,_RNvMNtNtNtCskRqwCqzCV5o_8trybuild8internal11diagnostics9normalizeNtB2_10Variations9preferred
FNDA:1296,_RNvMs0_NtNtNtCskRqwCqzCV5o_8trybuild8internal11diagnostics9normalizeNtB5_10SourceLine11code_indent
FNDA:180,_RNvMs0_NtNtNtCskRqwCqzCV5o_8trybuild8internal11diagnostics9normalizeNtB5_10SourceLine12other_indent
FNDA:252,_RNvMs0_NtNtNtCskRqwCqzCV5o_8trybuild8internal11diagnostics9normalizeNtB5_10SourceLine13is_suggestion
FNDA:1116,_RNvMs0_NtNtNtCskRqwCqzCV5o_8trybuild8internal11diagnostics9normalizeNtB5_10SourceLine16is_source_border
FNDA:252,_RNvMs0_NtNtNtCskRqwCqzCV5o_8trybuild8internal11diagnostics9normalizeNtB5_10SourceLine26is_source_location_or_note
FNDA:1296,_RNvMs0_NtNtNtCskRqwCqzCV5o_8trybuild8internal11diagnostics9normalizeNtB5_10SourceLine5parse
FNDA:1679,_RNvMs_NtNtNtCskRqwCqzCV5o_8trybuild8internal11diagnostics9normalizeNtB4_6Filter10strip_line
FNDA:144,_RNvMs_NtNtNtCskRqwCqzCV5o_8trybuild8internal11diagnostics9normalizeNtB4_6Filter18normalize_location
FNDA:108,_RNvMs_NtNtNtCskRqwCqzCV5o_8trybuild8internal11diagnostics9normalizeNtB4_6Filter18replace_source_dir
FNDA:365,_RNvMs_NtNtNtCskRqwCqzCV5o_8trybuild8internal11diagnostics9normalizeNtB4_6Filter20collapse_other_types
FNDA:12,_RNvMs_NtNtNtCskRqwCqzCV5o_8trybuild8internal11diagnostics9normalizeNtB4_6Filter21extend_hidden_numbers
FNDA:24,_RNvMs_NtNtNtCskRqwCqzCV5o_8trybuild8internal11diagnostics9normalizeNtB4_6Filter22replace_cargo_registry
FNDA:36,_RNvMs_NtNtNtCskRqwCqzCV5o_8trybuild8internal11diagnostics9normalizeNtB4_6Filter23replace_path_dependency
FNDA:1955,_RNvMs_NtNtNtCskRqwCqzCV5o_8trybuild8internal11diagnostics9normalizeNtB4_6Filter5apply
FNDA:10,_RNvNtNtNtCskRqwCqzCV5o_8trybuild8internal11diagnostics9normalize11diagnostics
FNDA:414,_RNvNtNtNtCskRqwCqzCV5o_8trybuild8internal11diagnostics9normalize11lower_slash
FNDA:1350,_RNvNtNtNtCskRqwCqzCV5o_8trybuild8internal11diagnostics9normalize15is_heading_note
FNDA:0,_RNvNtNtNtCskRqwCqzCV5o_8trybuild8internal11diagnostics9normalize15replace_out_dir
FNDA:0,_RNvNtNtNtCskRqwCqzCV5o_8trybuild8internal11diagnostics9normalize16is_out_dir_crate
FNDA:36,_RNvNtNtNtCskRqwCqzCV5o_8trybuild8internal11diagnostics9normalize16replace_rust_lib
FNDA:1440,_RNvNtNtNtCskRqwCqzCV5o_8trybuild8internal11diagnostics9normalize18indented_line_kind
FNDA:90,_RNvNtNtNtCskRqwCqzCV5o_8trybuild8internal11diagnostics9normalize19emit_unindent_block
FNDA:1296,_RNvNtNtNtCskRqwCqzCV5o_8trybuild8internal11diagnostics9normalize20ellipsis_code_indent
FNDA:84,_RNvNtNtNtCskRqwCqzCV5o_8trybuild8internal11diagnostics9normalize20hide_leading_numbers
FNDA:1350,_RNvNtNtNtCskRqwCqzCV5o_8trybuild8internal11diagnostics9normalize20is_note_continuation
FNDA:584,_RNvNtNtNtCskRqwCqzCV5o_8trybuild8internal11diagnostics9normalize20normalize_and_others
FNDA:12,_RNvNtNtNtCskRqwCqzCV5o_8trybuild8internal11diagnostics9normalize21hide_trailing_numbers
FNDA:1440,_RNvNtNtNtCskRqwCqzCV5o_8trybuild8internal11diagnostics9normalize21is_diagnostic_heading
FNDA:24,_RNvNtNtNtCskRqwCqzCV5o_8trybuild8internal11diagnostics9normalize21is_rustc_hash_library
FNDA:0,_RNvNtNtNtCskRqwCqzCV5o_8trybuild8internal11diagnostics9normalize22is_ascii_lowercase_hex
FNDA:511,_RNvNtNtNtCskRqwCqzCV5o_8trybuild8internal11diagnostics9normalize22is_long_type_name_note
FNDA:90,_RNvNtNtNtCskRqwCqzCV5o_8trybuild8internal11diagnostics9normalize22measure_unindent_block
FNDA:3358,_RNvNtNtNtCskRqwCqzCV5o_8trybuild8internal11diagnostics9normalize24replace_case_insensitive
FNDA:0,_RNvNtNtNtCskRqwCqzCV5o_8trybuild8internal11diagnostics9normalize26replace_dependency_version
FNDA:230,_RNvNtNtNtCskRqwCqzCV5o_8trybuild8internal11diagnostics9normalize5apply
FNDA:230,_RNvNtNtNtCskRqwCqzCV5o_8trybuild8internal11diagnostics9normalize8unindent
FNDA:47,_RNvXs5_NtNtNtCskRqwCqzCV5o_8trybuild8internal11diagnostics9normalizeNtB5_10VariationsNtNtCs8r2hDutfFpp_4core7default7Default7default
FNDA:5,_RINvMNtNtNtCskRqwCqzCV5o_8trybuild8internal11diagnostics9normalizeNtB3_10Variations3anyNCNvMNtB7_6runnerNtNtB7_5model4Test18check_compile_fail0EB9_
FNDA:230,_RINvNtNtNtCskRqwCqzCV5o_8trybuild8internal11diagnostics9normalize4trimNtNtCs3426yz8J6hl_5alloc6string6StringEB8_
FNDA:32,_RINvNtNtNtCskRqwCqzCV5o_8trybuild8internal11diagnostics9normalize4trimRINtNtCs3426yz8J6hl_5alloc3vec3VechEEB8_
FNDA:95,_RNCINvMNtNtNtCskRqwCqzCV5o_8trybuild8internal11diagnostics9normalizeNtB5_10Variations3anyNCNvMNtB9_6runnerNtNtB9_5model4Test18check_compile_fail0E0Bb_
FNDA:3456,_RNCNvMs0_NtNtNtCskRqwCqzCV5o_8trybuild8internal11diagnostics9normalizeNtB7_10SourceLine5parse0Bd_
FNDA:1350,_RNCNvMs0_NtNtNtCskRqwCqzCV5o_8trybuild8internal11diagnostics9normalizeNtB7_10SourceLine5parses_0Bd_
FNDA:24,_RNCNvMs_NtNtNtCskRqwCqzCV5o_8trybuild8internal11diagnostics9normalizeNtB6_6Filter22replace_cargo_registry0Bc_
FNDA:0,_RNCNvNtNtNtCskRqwCqzCV5o_8trybuild8internal11diagnostics9normalize20ellipsis_code_indent0B9_
FNDA:0,_RNCNvNtNtNtCskRqwCqzCV5o_8trybuild8internal11diagnostics9normalize20ellipsis_code_indents_0B9_
FNDA:312,_RNCNvNtNtNtCskRqwCqzCV5o_8trybuild8internal11diagnostics9normalize20hide_leading_numbers0B9_
FNDA:0,_RNCNvNtNtNtCskRqwCqzCV5o_8trybuild8internal11diagnostics9normalize20normalize_and_others0B9_
FNDA:90,_RNCNvNtNtNtCskRqwCqzCV5o_8trybuild8internal11diagnostics9normalize21is_diagnostic_heading0B9_
FNDA:0,_RNCNvNtNtNtCskRqwCqzCV5o_8trybuild8internal11diagnostics9normalize22is_ascii_lowercase_hex0B9_
FNDA:2898,_RNCNvNtNtNtCskRqwCqzCV5o_8trybuild8internal11diagnostics9normalize24replace_case_insensitive0B9_
FNDA:0,_RNCNvNtNtNtCskRqwCqzCV5o_8trybuild8internal11diagnostics9normalize26replace_dependency_version0B9_
FNDA:0,_RNCNvNtNtNtCskRqwCqzCV5o_8trybuild8internal11diagnostics9normalize26replace_dependency_versions_0B9_
FNDA:4,_RNvMNtNtNtCsbKirBNrICOS_8trybuild8internal11diagnostics9normalizeNtB2_10Variations6concat
FNDA:33,_RNvMNtNtNtCsbKirBNrICOS_8trybuild8internal11diagnostics9normalizeNtB2_10Variations9preferred
FNDA:6265,_RNvMs0_NtNtNtCsbKirBNrICOS_8trybuild8internal11diagnostics9normalizeNtB5_10SourceLine11code_indent
FNDA:1598,_RNvMs0_NtNtNtCsbKirBNrICOS_8trybuild8internal11diagnostics9normalizeNtB5_10SourceLine12other_indent
FNDA:2131,_RNvMs0_NtNtNtCsbKirBNrICOS_8trybuild8internal11diagnostics9normalizeNtB5_10SourceLine13is_suggestion
FNDA:5639,_RNvMs0_NtNtNtCsbKirBNrICOS_8trybuild8internal11diagnostics9normalizeNtB5_10SourceLine16is_source_border
FNDA:2081,_RNvMs0_NtNtNtCsbKirBNrICOS_8trybuild8internal11diagnostics9normalizeNtB5_10SourceLine26is_source_location_or_note
FNDA:6265,_RNvMs0_NtNtNtCsbKirBNrICOS_8trybuild8internal11diagnostics9normalizeNtB5_10SourceLine5parse
FNDA:9591,_RNvMs_NtNtNtCsbKirBNrICOS_8trybuild8internal11diagnostics9normalizeNtB4_6Filter10strip_line
FNDA:784,_RNvMs_NtNtNtCsbKirBNrICOS_8trybuild8internal11diagnostics9normalizeNtB4_6Filter18normalize_location
FNDA:131,_RNvMs_NtNtNtCsbKirBNrICOS_8trybuild8internal11diagnostics9normalizeNtB4_6Filter18replace_source_dir
FNDA:1975,_RNvMs_NtNtNtCsbKirBNrICOS_8trybuild8internal11diagnostics9normalizeNtB4_6Filter20collapse_other_types
FNDA:280,_RNvMs_NtNtNtCsbKirBNrICOS_8trybuild8internal11diagnostics9normalizeNtB4_6Filter21extend_hidden_numbers
FNDA:399,_RNvMs_NtNtNtCsbKirBNrICOS_8trybuild8internal11diagnostics9normalizeNtB4_6Filter22replace_cargo_registry
FNDA:518,_RNvMs_NtNtNtCsbKirBNrICOS_8trybuild8internal11diagnostics9normalizeNtB4_6Filter23replace_path_dependency
FNDA:10925,_RNvMs_NtNtNtCsbKirBNrICOS_8trybuild8internal11diagnostics9normalizeNtB4_6Filter5apply
FNDA:34,_RNvNtNtNtCsbKirBNrICOS_8trybuild8internal11diagnostics9normalize11diagnostics
FNDA:2793,_RNvNtNtNtCsbKirBNrICOS_8trybuild8internal11diagnostics9normalize11lower_slash
FNDA:6606,_RNvNtNtNtCsbKirBNrICOS_8trybuild8internal11diagnostics9normalize15is_heading_note
FNDA:36,_RNvNtNtNtCsbKirBNrICOS_8trybuild8internal11diagnostics9normalize15replace_out_dir
FNDA:120,_RNvNtNtNtCsbKirBNrICOS_8trybuild8internal11diagnostics9normalize16is_out_dir_crate
FNDA:513,_RNvNtNtNtCsbKirBNrICOS_8trybuild8internal11diagnostics9normalize16replace_rust_lib
FNDA:6930,_RNvNtNtNtCsbKirBNrICOS_8trybuild8internal11diagnostics9normalize18indented_line_kind
FNDA:233,_RNvNtNtNtCsbKirBNrICOS_8trybuild8internal11diagnostics9normalize19emit_unindent_block
FNDA:6283,_RNvNtNtNtCsbKirBNrICOS_8trybuild8internal11diagnostics9normalize20ellipsis_code_indent
FNDA:1070,_RNvNtNtNtCsbKirBNrICOS_8trybuild8internal11diagnostics9normalize20hide_leading_numbers
FNDA:6596,_RNvNtNtNtCsbKirBNrICOS_8trybuild8internal11diagnostics9normalize20is_note_continuation
FNDA:3192,_RNvNtNtNtCsbKirBNrICOS_8trybuild8internal11diagnostics9normalize20normalize_and_others
FNDA:280,_RNvNtNtNtCsbKirBNrICOS_8trybuild8internal11diagnostics9normalize21hide_trailing_numbers
FNDA:6930,_RNvNtNtNtCsbKirBNrICOS_8trybuild8internal11diagnostics9normalize21is_diagnostic_heading
FNDA:438,_RNvNtNtNtCsbKirBNrICOS_8trybuild8internal11diagnostics9normalize21is_rustc_hash_library
FNDA:121,_RNvNtNtNtCsbKirBNrICOS_8trybuild8internal11diagnostics9normalize22is_ascii_lowercase_hex
FNDA:2793,_RNvNtNtNtCsbKirBNrICOS_8trybuild8internal11diagnostics9normalize22is_long_type_name_note
FNDA:233,_RNvNtNtNtCsbKirBNrICOS_8trybuild8internal11diagnostics9normalize22measure_unindent_block
FNDA:18334,_RNvNtNtNtCsbKirBNrICOS_8trybuild8internal11diagnostics9normalize24replace_case_insensitive
FNDA:12,_RNvNtNtNtCsbKirBNrICOS_8trybuild8internal11diagnostics9normalize26replace_dependency_version
FNDA:782,_RNvNtNtNtCsbKirBNrICOS_8trybuild8internal11diagnostics9normalize5apply
FNDA:782,_RNvNtNtNtCsbKirBNrICOS_8trybuild8internal11diagnostics9normalize8unindent
FNDA:35,_RNvXs5_NtNtNtCsbKirBNrICOS_8trybuild8internal11diagnostics9normalizeNtB5_10VariationsNtNtCs8r2hDutfFpp_4core7default7Default7default
FNDA:1,_RINvMNtNtNtCsbKirBNrICOS_8trybuild8internal11diagnostics9normalizeNtB3_10Variations3anyNCNvNtB5_18normalize_coverages_60trim_variation_any_and_concat_cover_empty_and_nonempty_paths0EB9_
FNDA:782,_RINvNtNtNtCsbKirBNrICOS_8trybuild8internal11diagnostics9normalize4trimNtNtCs3426yz8J6hl_5alloc6string6StringEB8_
FNDA:2,_RINvNtNtNtCsbKirBNrICOS_8trybuild8internal11diagnostics9normalize4trimReEB8_
FNDA:1,_RNCINvMNtNtNtCsbKirBNrICOS_8trybuild8internal11diagnostics9normalizeNtB5_10Variations3anyNCNvNtB7_18normalize_coverages_60trim_variation_any_and_concat_cover_empty_and_nonempty_paths0E0Bb_
FNDA:29287,_RNCNvMs0_NtNtNtCsbKirBNrICOS_8trybuild8internal11diagnostics9normalizeNtB7_10SourceLine5parse0Bd_
FNDA:7123,_RNCNvMs0_NtNtNtCsbKirBNrICOS_8trybuild8internal11diagnostics9normalizeNtB7_10SourceLine5parses_0Bd_
FNDA:386,_RNCNvMs_NtNtNtCsbKirBNrICOS_8trybuild8internal11diagnostics9normalizeNtB6_6Filter22replace_cargo_registry0Bc_
FNDA:54,_RNCNvNtNtNtCsbKirBNrICOS_8trybuild8internal11diagnostics9normalize20ellipsis_code_indent0B9_
FNDA:18,_RNCNvNtNtNtCsbKirBNrICOS_8trybuild8internal11diagnostics9normalize20ellipsis_code_indents_0B9_
FNDA:4225,_RNCNvNtNtNtCsbKirBNrICOS_8trybuild8internal11diagnostics9normalize20hide_leading_numbers0B9_
FNDA:48,_RNCNvNtNtNtCsbKirBNrICOS_8trybuild8internal11diagnostics9normalize20normalize_and_others0B9_
FNDA:324,_RNCNvNtNtNtCsbKirBNrICOS_8trybuild8internal11diagnostics9normalize21is_diagnostic_heading0B9_
FNDA:2152,_RNCNvNtNtNtCsbKirBNrICOS_8trybuild8internal11diagnostics9normalize22is_ascii_lowercase_hex0B9_
FNDA:16954,_RNCNvNtNtNtCsbKirBNrICOS_8trybuild8internal11diagnostics9normalize24replace_case_insensitive0B9_
FNDA:12,_RNCNvNtNtNtCsbKirBNrICOS_8trybuild8internal11diagnostics9normalize26replace_dependency_version0B9_
FNDA:12,_RNCNvNtNtNtCsbKirBNrICOS_8trybuild8internal11diagnostics9normalize26replace_dependency_versions_0B9_
FNF:54
FNH:54
DA:76,82
DA:77,82
DA:78,82
DA:79,82
DA:80,82
DA:129,44
DA:130,44
DA:132,44
DA:133,1012
DA:134,1012
DA:135,1012
DA:137,44
DA:138,44
DA:150,61
DA:158,61
DA:159,61
DA:160,61
DA:164,6
DA:165,96
DA:166,6
DA:170,14
DA:171,322
DA:172,322
DA:173,46
DA:174,276
DA:175,322
DA:177,14
DA:182,1046
DA:183,1046
DA:184,1046
DA:186,1046
DA:187,1046
DA:189,1046
DA:190,996
DA:191,996
DA:193,1046
DA:194,1046
DA:203,1012
DA:204,1012
DA:206,1012
DA:207,1012
DA:208,1012
DA:209,1012
DA:210,1012
DA:211,1012
DA:212,1012
DA:213,1012
DA:214,12880
DA:215,12880
DA:216,12456
DA:217,12456
DA:218,12413
DA:219,12413
DA:220,424
DA:223,1012
DA:225,1012
DA:226,1012
DA:246,12880
DA:247,12880
DA:249,12880
DA:250,1154
DA:251,1154
DA:252,11726
DA:254,12880
DA:255,12880
DA:256,12880
DA:257,1426
DA:258,11454
DA:259,184
DA:261,11270
DA:264,12880
DA:265,1426
DA:266,682
DA:268,682
DA:269,682
DA:270,682
DA:271,12198
DA:273,12198
DA:274,928
DA:275,11270
DA:277,11270
DA:278,12880
DA:288,928
DA:289,928
DA:290,928
DA:291,928
DA:292,928
DA:294,928
DA:295,928
DA:296,36
DA:297,892
DA:298,239
DA:299,199
DA:300,40
DA:301,40
DA:303,653
DA:304,653
DA:305,48
DA:306,48
DA:307,605
DA:310,729
DA:311,554
DA:312,554
DA:313,729
DA:314,549
DA:315,549
DA:316,729
DA:317,423
DA:318,423
DA:319,729
DA:320,292
DA:321,292
DA:322,292
DA:323,292
DA:324,292
DA:325,292
DA:326,437
DA:328,729
DA:329,928
DA:341,239
DA:342,239
DA:343,198
DA:344,198
DA:345,18
DA:346,180
DA:347,180
DA:348,180
DA:349,180
DA:353,150
DA:354,30
DA:356,41
DA:357,41
DA:358,31
DA:359,10
DA:361,40
DA:362,239
DA:370,554
DA:371,554
DA:372,518
DA:373,518
DA:374,26
DA:375,26
DA:376,26
DA:377,492
DA:379,528
DA:380,554
DA:389,423
DA:390,423
DA:391,423
DA:392,423
DA:394,362
DA:396,61
DA:397,0
DA:399,61
DA:400,61
DA:401,61
DA:402,12
DA:403,49
DA:407,49
DA:408,49
DA:409,12
DA:410,37
DA:411,49
DA:412,423
DA:421,292
DA:422,1203
DA:423,1154
DA:424,998
DA:425,911
DA:426,911
DA:427,243
DA:430,292
DA:440,11270
DA:441,11270
DA:442,11270
DA:444,11270
DA:445,23
DA:446,11247
DA:448,11247
DA:449,46
DA:450,11201
DA:452,11201
DA:453,46
DA:455,46
DA:456,11155
DA:458,11155
DA:459,22
DA:460,11133
DA:462,11133
DA:463,126
DA:464,11007
DA:466,11007
DA:467,80
DA:468,10927
DA:470,10927
DA:471,9006
DA:472,19
DA:473,8987
DA:474,8987
DA:475,19
DA:476,8968
DA:477,1921
DA:479,10889
DA:480,8496
DA:481,8496
DA:482,8496
DA:484,10889
DA:485,7552
DA:486,7552
DA:487,7552
DA:488,16
DA:489,16
DA:490,10873
DA:492,10889
DA:493,3776
DA:494,7113
DA:496,10889
DA:497,28
DA:498,10861
DA:500,10861
DA:501,15
DA:502,10846
DA:504,10846
DA:505,10846
DA:506,10846
DA:508,10846
DA:509,11270
DA:519,2340
DA:520,2340
DA:521,2340
DA:522,2335
DA:524,25
DA:525,25
DA:526,2315
DA:528,2315
DA:529,2060
DA:531,255
DA:532,25
DA:533,25
DA:534,230
DA:536,230
DA:537,230
DA:538,230
DA:539,15
DA:540,215
DA:541,215
DA:542,15
DA:544,15
DA:545,15
DA:546,15
DA:547,10
DA:548,10
DA:549,200
DA:550,215
DA:551,2340
DA:566,3207
DA:567,3207
DA:568,3207
DA:578,36
DA:579,36
DA:580,36
DA:581,156
DA:582,144
DA:583,144
DA:584,36
DA:586,24
DA:587,24
DA:588,24
DA:589,120
DA:590,120
DA:591,24
DA:592,96
DA:593,96
DA:594,96
DA:595,120
DA:597,12
DA:598,36
DA:607,120
DA:608,120
DA:609,24
DA:610,24
DA:611,24
DA:612,24
DA:613,120
DA:621,549
DA:622,549
DA:625,17
DA:626,17
DA:627,532
DA:630,70
DA:631,70
DA:632,462
DA:635,24
DA:636,24
DA:638,438
DA:640,549
DA:649,462
DA:650,462
DA:651,36
DA:652,36
DA:653,36
DA:654,24
DA:655,462
DA:662,12
DA:663,12
DA:664,12
DA:665,12
DA:666,12
DA:667,12
DA:668,12
DA:669,12
DA:670,12
DA:671,12
DA:672,12
DA:679,3776
DA:680,3776
DA:681,3776
DA:682,3752
DA:683,24
DA:684,24
DA:685,24
DA:686,24
DA:687,24
DA:688,24
DA:689,24
DA:690,24
DA:691,24
DA:692,48
DA:693,24
DA:694,16
DA:695,16
DA:696,3776
DA:705,3304
DA:706,3304
DA:707,3304
DA:708,3304
DA:709,3304
DA:712,121
DA:713,2152
DA:714,121
DA:723,1154
DA:724,1154
DA:725,1154
DA:726,4537
DA:727,1154
DA:728,3444
DA:729,3444
DA:730,3444
DA:731,1154
DA:739,292
DA:740,292
DA:741,584
DA:742,584
DA:743,584
DA:744,0
DA:745,584
DA:746,584
DA:748,292
DA:758,21692
DA:759,21692
DA:760,21692
DA:761,21692
DA:763,21692
DA:764,21692
DA:765,21692
DA:766,21692
DA:767,43522
DA:768,21830
DA:769,46
DA:770,46
DA:771,21784
DA:772,21830
DA:773,21830
DA:774,46
DA:775,46
DA:776,46
DA:777,46
DA:778,21784
DA:779,21830
DA:780,21830
DA:781,21830
DA:782,21830
DA:783,5434
DA:784,92
DA:785,92
DA:786,92
DA:787,92
DA:788,92
DA:789,21738
DA:792,21692
DA:793,21692
DA:819,1012
DA:820,1012
DA:821,616
DA:822,396
DA:824,396
DA:825,396
DA:827,1910
DA:828,1514
DA:829,1514
DA:831,1514
DA:832,1090
DA:833,424
DA:835,424
DA:836,424
DA:837,45
DA:839,379
DA:840,56
DA:842,323
DA:843,0
DA:844,323
DA:846,323
DA:847,323
DA:850,396
DA:851,1012
DA:860,323
DA:861,323
DA:862,323
DA:863,323
DA:864,3174
DA:865,3174
DA:866,0
DA:867,2430
DA:868,2430
DA:869,2430
DA:870,2430
DA:871,166
DA:872,578
DA:873,578
DA:874,384
DA:875,384
DA:876,194
DA:881,323
DA:882,323
DA:890,323
DA:891,323
DA:892,323
DA:893,323
DA:894,323
DA:895,323
DA:896,323
DA:897,323
DA:898,323
DA:899,3303
DA:900,0
DA:903,3303
DA:904,3137
DA:905,3137
DA:906,3137
DA:907,3137
DA:908,3137
DA:909,166
DA:910,166
DA:911,3303
DA:913,323
DA:917,8370
DA:918,8370
DA:919,8370
DA:920,8370
DA:921,8370
DA:922,8370
DA:923,8370
DA:925,8370
DA:926,424
DA:927,7946
DA:929,7946
DA:930,367
DA:931,367
DA:932,7579
DA:934,7579
DA:935,18
DA:936,7561
DA:938,7561
DA:939,7561
DA:940,5783
DA:941,1778
DA:943,1778
DA:944,8370
DA:951,8370
DA:952,8370
DA:953,387
DA:954,7983
DA:955,27
DA:957,7956
DA:959,8370
DA:960,8370
DA:968,7956
DA:969,7956
DA:970,7956
DA:977,7946
DA:978,7946
DA:979,7695
DA:980,7623
DA:981,7587
DA:982,7946
DA:989,7579
DA:990,7579
DA:991,7579
DA:992,7579
DA:1010,7561
DA:1011,32743
DA:1012,7561
DA:1013,7561
DA:1014,7561
DA:1015,7561
DA:1016,7561
DA:1017,7561
DA:1018,7561
DA:1019,7561
DA:1020,7561
DA:1021,7561
DA:1022,8473
DA:1023,7561
DA:1024,7561
DA:1025,7561
DA:1026,7561
DA:1027,7561
DA:1028,7561
DA:1029,7561
DA:1030,7561
DA:1031,7561
DA:1038,7561
DA:1039,7561
DA:1040,806
DA:1041,6755
DA:1042,6755
DA:1043,5783
DA:1044,972
DA:1045,972
DA:1046,7561
DA:1053,1778
DA:1054,1778
DA:1055,1778
DA:1062,6755
DA:1063,6755
DA:1064,6755
DA:1071,2383
DA:1072,2383
DA:1073,269
DA:1074,8
DA:1075,8
DA:1076,4
DA:1077,4
DA:1078,0
DA:1079,0
DA:1080,2383
DA:1087,2333
DA:1088,2333
DA:1089,2333
BRDA:172,0,0,69
BRDA:172,0,1,253
BRDA:172,1,2,46
BRDA:172,1,3,23
BRDA:189,0,0,996
BRDA:189,0,1,50
BRDA:215,0,0,12456
BRDA:215,0,1,424
BRDA:217,0,0,12413
BRDA:217,0,1,43
BRDA:249,0,0,1154
BRDA:249,0,1,11726
BRDA:256,0,0,1426
BRDA:256,0,1,11454
BRDA:258,0,0,184
BRDA:258,0,1,11270
BRDA:264,0,0,1426
BRDA:264,0,1,11454
BRDA:265,0,0,682
BRDA:265,0,1,744
BRDA:266,0,0,682
BRDA:266,0,1,0
BRDA:273,0,0,928
BRDA:273,0,1,11270
BRDA:295,0,0,36
BRDA:295,0,1,892
BRDA:297,0,0,239
BRDA:297,0,1,653
BRDA:298,0,0,199
BRDA:298,0,1,40
BRDA:304,0,0,48
BRDA:304,0,1,605
BRDA:310,0,0,666
BRDA:310,0,1,63
BRDA:310,1,2,554
BRDA:310,1,3,112
BRDA:313,0,0,687
BRDA:313,0,1,42
BRDA:313,1,2,549
BRDA:313,1,3,138
BRDA:316,0,0,659
BRDA:316,0,1,70
BRDA:316,1,2,423
BRDA:316,1,3,236
BRDA:319,0,0,298
BRDA:319,0,1,431
BRDA:319,1,2,292
BRDA:319,1,3,6
BRDA:342,0,0,209
BRDA:342,0,1,30
BRDA:342,1,2,198
BRDA:342,1,3,11
BRDA:344,0,0,18
BRDA:344,0,1,180
BRDA:349,0,0,150
BRDA:349,0,1,30
BRDA:357,0,0,31
BRDA:357,0,1,10
BRDA:373,0,0,26
BRDA:373,0,1,492
BRDA:390,0,0,61
BRDA:390,0,1,362
BRDA:396,0,0,61
BRDA:396,0,1,0
BRDA:401,0,0,12
BRDA:401,0,1,49
BRDA:401,1,2,0
BRDA:401,1,3,49
BRDA:408,0,0,12
BRDA:408,0,1,37
BRDA:422,0,0,1154
BRDA:422,0,1,49
BRDA:444,0,0,23
BRDA:444,0,1,11247
BRDA:448,0,0,46
BRDA:448,0,1,11201
BRDA:452,0,0,46
BRDA:452,0,1,11155
BRDA:453,0,0,46
BRDA:453,0,1,0
BRDA:458,0,0,10670
BRDA:458,0,1,485
BRDA:458,1,2,22
BRDA:458,1,3,10648
BRDA:462,0,0,10164
BRDA:462,0,1,969
BRDA:462,1,2,126
BRDA:462,1,3,10038
BRDA:466,0,0,9560
BRDA:466,0,1,1447
BRDA:466,1,2,80
BRDA:466,1,3,9480
BRDA:470,0,0,9006
BRDA:470,0,1,1921
BRDA:471,0,0,19
BRDA:471,0,1,8987
BRDA:474,0,0,19
BRDA:474,0,1,8968
BRDA:479,0,0,8496
BRDA:479,0,1,2393
BRDA:484,0,0,7552
BRDA:484,0,1,3337
BRDA:485,0,0,16
BRDA:485,0,1,7536
BRDA:492,0,0,3776
BRDA:492,0,1,7113
BRDA:496,0,0,3304
BRDA:496,0,1,7585
BRDA:496,1,2,28
BRDA:496,1,3,3276
BRDA:500,0,0,2340
BRDA:500,0,1,8521
BRDA:500,1,2,15
BRDA:500,1,3,2325
BRDA:521,0,0,5
BRDA:521,0,1,2335
BRDA:522,0,0,20
BRDA:522,0,1,2315
BRDA:528,0,0,255
BRDA:528,0,1,2060
BRDA:531,0,0,25
BRDA:531,0,1,230
BRDA:531,1,2,0
BRDA:531,1,3,230
BRDA:538,0,0,15
BRDA:538,0,1,215
BRDA:541,0,0,15
BRDA:541,0,1,200
BRDA:542,0,0,15
BRDA:542,0,1,0
BRDA:546,0,0,10
BRDA:546,0,1,5
BRDA:581,0,0,144
BRDA:581,0,1,12
BRDA:583,0,0,36
BRDA:583,0,1,108
BRDA:584,0,0,24
BRDA:584,0,1,12
BRDA:590,0,0,24
BRDA:590,0,1,96
BRDA:608,0,0,24
BRDA:608,0,1,96
BRDA:609,0,0,24
BRDA:609,0,1,0
BRDA:610,0,0,24
BRDA:610,0,1,0
BRDA:622,0,0,17
BRDA:622,0,1,532
BRDA:627,0,0,70
BRDA:627,0,1,462
BRDA:632,0,0,24
BRDA:632,0,1,438
BRDA:650,0,0,36
BRDA:650,0,1,426
BRDA:651,0,0,24
BRDA:651,0,1,12
BRDA:654,0,0,24
BRDA:654,0,1,0
BRDA:664,0,0,12
BRDA:664,0,1,0
BRDA:665,0,0,12
BRDA:665,0,1,0
BRDA:666,0,0,12
BRDA:666,0,1,0
BRDA:681,0,0,24
BRDA:681,0,1,3752
BRDA:681,1,2,24
BRDA:681,1,3,0
BRDA:687,0,0,24
BRDA:687,0,1,0
BRDA:688,0,0,16
BRDA:688,0,1,8
BRDA:693,0,0,16
BRDA:693,0,1,8
BRDA:708,0,0,21
BRDA:708,0,1,3283
BRDA:708,1,2,7
BRDA:708,1,3,3276
BRDA:726,0,0,2458
BRDA:726,0,1,2079
BRDA:726,1,2,986
BRDA:726,1,3,1093
BRDA:743,0,0,0
BRDA:743,0,1,584
BRDA:743,1,2,0
BRDA:743,1,3,584
BRDA:767,0,0,21830
BRDA:767,0,1,21692
BRDA:768,0,0,46
BRDA:768,0,1,21784
BRDA:773,0,0,46
BRDA:773,0,1,21784
BRDA:782,0,0,5434
BRDA:782,0,1,16396
BRDA:783,0,0,92
BRDA:783,0,1,5342
BRDA:820,0,0,616
BRDA:820,0,1,396
BRDA:827,0,0,1514
BRDA:827,0,1,396
BRDA:831,0,0,1090
BRDA:831,0,1,424
BRDA:836,0,0,379
BRDA:836,0,1,45
BRDA:839,0,0,323
BRDA:839,0,1,56
BRDA:842,0,0,0
BRDA:842,0,1,323
BRDA:873,0,0,384
BRDA:873,0,1,194
BRDA:899,0,0,3303
BRDA:899,0,1,0
BRDA:902,0,0,3137
BRDA:902,0,1,166
BRDA:925,0,0,414
BRDA:925,0,1,7956
BRDA:925,1,2,10
BRDA:925,1,3,7946
BRDA:929,0,0,367
BRDA:929,0,1,7579
BRDA:934,0,0,18
BRDA:934,0,1,7561
BRDA:939,0,0,5783
BRDA:939,0,1,1778
BRDA:952,0,0,387
BRDA:952,0,1,7983
BRDA:954,0,0,27
BRDA:954,0,1,7956
BRDA:969,0,0,1100
BRDA:969,0,1,6856
BRDA:969,1,2,190
BRDA:969,1,3,910
BRDA:969,2,4,10
BRDA:969,2,5,180
BRDA:978,0,0,251
BRDA:978,0,1,7695
BRDA:979,0,0,72
BRDA:979,0,1,7623
BRDA:980,0,0,5112
BRDA:980,0,1,2511
BRDA:980,1,2,36
BRDA:980,1,3,5076
BRDA:981,0,0,3412
BRDA:981,0,1,4175
BRDA:981,1,2,160
BRDA:981,1,3,3252
BRDA:981,2,4,8
BRDA:981,2,5,152
BRDA:1039,0,0,806
BRDA:1039,0,1,6755
BRDA:1042,0,0,4372
BRDA:1042,0,1,2383
BRDA:1042,1,2,8
BRDA:1042,1,3,2375
BRDA:1042,2,4,2333
BRDA:1042,2,5,42
BRDA:1042,3,6,1403
BRDA:1042,3,7,930
BRDA:1054,0,0,42
BRDA:1054,0,1,1736
BRDA:1063,0,0,1444
BRDA:1063,0,1,5311
BRDA:1063,1,2,2928
BRDA:1063,1,3,2383
BRDA:1072,0,0,269
BRDA:1072,0,1,2114
BRDA:1073,0,0,8
BRDA:1073,0,1,261
BRDA:1074,0,0,0
BRDA:1074,0,1,8
BRDA:1075,0,0,4
BRDA:1075,0,1,4
BRDA:1076,0,0,0
BRDA:1076,0,1,4
BRDA:1077,0,0,4
BRDA:1077,0,1,0
BRDA:1078,0,0,-
BRDA:1078,0,1,-
BRDA:1079,0,0,-
BRDA:1079,0,1,-
BRDA:1088,0,0,894
BRDA:1088,0,1,1439
BRDA:1088,1,2,103
BRDA:1088,1,3,1336
BRDA:1088,2,4,406
BRDA:1088,2,5,930
BRF:286
BRH:261
LF:562
LH:555
end_of_record
SF:/home/openai/strict-rs/strict-trybuild/src/internal/diagnostics/normalize_coverage.rs
FN:67,_RNCNvNtNtNtCsbKirBNrICOS_8trybuild8internal11diagnostics18normalize_coverages_60trim_variation_any_and_concat_cover_empty_and_nonempty_paths0B9_
FN:20,_RNvMNtNtNtCsbKirBNrICOS_8trybuild8internal11diagnostics18normalize_coverageNtB2_7Fixture3new
FN:34,_RNvMNtNtNtCsbKirBNrICOS_8trybuild8internal11diagnostics18normalize_coverageNtB2_7Fixture7context
FN:45,_RNvMNtNtNtCsbKirBNrICOS_8trybuild8internal11diagnostics18normalize_coverageNtB2_7Fixture9preferred
FN:176,_RNvNtNtNtCsbKirBNrICOS_8trybuild8internal11diagnostics18normalize_coverages_58list_and_note_normalizers_cover_digit_and_textual_variants
FN:122,_RNvNtNtNtCsbKirBNrICOS_8trybuild8internal11diagnostics18normalize_coverages_59rustlib_and_near_miss_registry_paths_take_opposite_branches
FN:51,_RNvNtNtNtCsbKirBNrICOS_8trybuild8internal11diagnostics18normalize_coverages_60trim_variation_any_and_concat_cover_empty_and_nonempty_paths
FN:147,_RNvNtNtNtCsbKirBNrICOS_8trybuild8internal11diagnostics18normalize_coverages_62strip_line_variants_remove_rustc_trailers_and_keep_near_misses
FN:210,_RNvNtNtNtCsbKirBNrICOS_8trybuild8internal11diagnostics18normalize_coverages_62unindent_handles_heading_notes_suggestions_and_arrow_lookahead
FN:79,_RNvNtNtNtCsbKirBNrICOS_8trybuild8internal11diagnostics18normalize_coverages_71location_rewrites_cover_source_workspace_path_deps_registry_and_out_dir
FNDA:1,_RNCNvNtNtNtCsbKirBNrICOS_8trybuild8internal11diagnostics18normalize_coverages_60trim_variation_any_and_concat_cover_empty_and_nonempty_paths0B9_
FNDA:6,_RNvMNtNtNtCsbKirBNrICOS_8trybuild8internal11diagnostics18normalize_coverageNtB2_7Fixture3new
FNDA:8,_RNvMNtNtNtCsbKirBNrICOS_8trybuild8internal11diagnostics18normalize_coverageNtB2_7Fixture7context
FNDA:5,_RNvMNtNtNtCsbKirBNrICOS_8trybuild8internal11diagnostics18normalize_coverageNtB2_7Fixture9preferred
FNDA:1,_RNvNtNtNtCsbKirBNrICOS_8trybuild8internal11diagnostics18normalize_coverages_58list_and_note_normalizers_cover_digit_and_textual_variants
FNDA:1,_RNvNtNtNtCsbKirBNrICOS_8trybuild8internal11diagnostics18normalize_coverages_59rustlib_and_near_miss_registry_paths_take_opposite_branches
FNDA:1,_RNvNtNtNtCsbKirBNrICOS_8trybuild8internal11diagnostics18normalize_coverages_60trim_variation_any_and_concat_cover_empty_and_nonempty_paths
FNDA:1,_RNvNtNtNtCsbKirBNrICOS_8trybuild8internal11diagnostics18normalize_coverages_62strip_line_variants_remove_rustc_trailers_and_keep_near_misses
FNDA:1,_RNvNtNtNtCsbKirBNrICOS_8trybuild8internal11diagnostics18normalize_coverages_62unindent_handles_heading_notes_suggestions_and_arrow_lookahead
FNDA:1,_RNvNtNtNtCsbKirBNrICOS_8trybuild8internal11diagnostics18normalize_coverages_71location_rewrites_cover_source_workspace_path_deps_registry_and_out_dir
FNF:10
FNH:10
DA:20,6
DA:21,6
DA:22,6
DA:23,6
DA:24,6
DA:25,6
DA:26,6
DA:27,6
DA:28,6
DA:29,6
DA:30,6
DA:31,6
DA:32,6
DA:34,8
DA:35,8
DA:36,8
DA:37,8
DA:38,8
DA:39,8
DA:40,8
DA:41,8
DA:42,8
DA:43,8
DA:45,5
DA:46,5
DA:47,5
DA:51,1
DA:52,1
DA:53,1
DA:54,1
DA:55,1
DA:57,1
DA:58,1
DA:60,1
DA:61,1
DA:62,1
DA:63,1
DA:64,1
DA:65,1
DA:67,1
DA:70,1
DA:71,1
DA:72,1
DA:73,1
DA:74,1
DA:76,1
DA:79,1
DA:80,1
DA:81,1
DA:82,1
DA:83,1
DA:84,1
DA:85,1
DA:86,1
DA:89,1
DA:90,1
DA:91,1
DA:92,1
DA:93,1
DA:94,1
DA:95,1
DA:96,1
DA:97,1
DA:98,1
DA:99,1
DA:100,1
DA:101,1
DA:102,1
DA:103,1
DA:104,1
DA:105,1
DA:106,1
DA:107,1
DA:108,1
DA:109,1
DA:110,1
DA:111,1
DA:112,1
DA:113,1
DA:114,1
DA:115,1
DA:116,1
DA:117,1
DA:118,1
DA:119,1
DA:122,1
DA:123,1
DA:124,1
DA:125,1
DA:126,1
DA:127,1
DA:130,1
DA:131,1
DA:132,1
DA:133,1
DA:134,1
DA:135,1
DA:136,1
DA:137,1
DA:138,1
DA:139,1
DA:140,1
DA:141,1
DA:142,1
DA:143,1
DA:144,1
DA:147,1
DA:148,1
DA:149,1
DA:150,1
DA:151,1
DA:152,1
DA:153,1
DA:156,1
DA:157,1
DA:158,1
DA:159,1
DA:160,1
DA:161,1
DA:162,1
DA:163,1
DA:164,1
DA:165,1
DA:166,1
DA:167,1
DA:168,1
DA:169,1
DA:170,1
DA:171,1
DA:172,1
DA:173,1
DA:176,1
DA:177,1
DA:178,1
DA:198,1
DA:199,1
DA:200,1
DA:201,1
DA:202,1
DA:203,1
DA:204,1
DA:205,1
DA:206,1
DA:207,1
DA:210,1
DA:211,1
DA:212,1
DA:213,1
DA:214,1
DA:217,1
DA:218,1
DA:219,1
DA:220,1
DA:221,1
DA:222,1
DA:223,1
DA:224,1
DA:225,1
DA:226,1
DA:227,1
BRF:0
BRH:0
LF:161
LH:161
end_of_record
SF:/home/openai/strict-rs/strict-trybuild/src/internal/model.rs
FN:37,_RNvXNtNtCskRqwCqzCV5o_8trybuild8internal5modelNtB2_4NameINtNtCs8r2hDutfFpp_4core7convert5AsRefNtNtNtCslA1p6lcXJtn_3std3ffi6os_str5OsStrE6as_ref
FN:37,_RNvXNtNtCsbKirBNrICOS_8trybuild8internal5modelNtB2_4NameINtNtCs8r2hDutfFpp_4core7convert5AsRefNtNtNtCslA1p6lcXJtn_3std3ffi6os_str5OsStrE6as_ref
FNDA:26,_RNvXNtNtCskRqwCqzCV5o_8trybuild8internal5modelNtB2_4NameINtNtCs8r2hDutfFpp_4core7convert5AsRefNtNtNtCslA1p6lcXJtn_3std3ffi6os_str5OsStrE6as_ref
FNDA:2,_RNvXNtNtCsbKirBNrICOS_8trybuild8internal5modelNtB2_4NameINtNtCs8r2hDutfFpp_4core7convert5AsRefNtNtNtCslA1p6lcXJtn_3std3ffi6os_str5OsStrE6as_ref
FNF:1
FNH:1
DA:37,28
DA:38,28
DA:39,28
BRF:0
BRH:0
LF:3
LH:3
end_of_record
SF:/home/openai/strict-rs/strict-trybuild/src/internal/path.rs
FN:63,_RNCNvMNtNtCskRqwCqzCV5o_8trybuild8internal4pathNtB4_13CanonicalPath3new0B8_
FN:62,_RNvMNtNtCskRqwCqzCV5o_8trybuild8internal4pathNtB2_13CanonicalPath3new
FN:62,_RNvMNtNtCsbKirBNrICOS_8trybuild8internal4pathNtB2_13CanonicalPath3new
FN:80,_RNvNtNtNtCsbKirBNrICOS_8trybuild8internal4path5testss_15test_path_macro
FN:98,_RNvNtNtNtCsbKirBNrICOS_8trybuild8internal4path5testss_65canonical_path_resolves_existing_paths_and_falls_back_for_missing
FN:63,_RNCNvMNtNtCsbKirBNrICOS_8trybuild8internal4pathNtB4_13CanonicalPath3new0B8_
FNDA:1,_RNCNvMNtNtCskRqwCqzCV5o_8trybuild8internal4pathNtB4_13CanonicalPath3new0B8_
FNDA:59,_RNvMNtNtCskRqwCqzCV5o_8trybuild8internal4pathNtB2_13CanonicalPath3new
FNDA:13,_RNvMNtNtCsbKirBNrICOS_8trybuild8internal4pathNtB2_13CanonicalPath3new
FNDA:1,_RNvNtNtNtCsbKirBNrICOS_8trybuild8internal4path5testss_15test_path_macro
FNDA:1,_RNvNtNtNtCsbKirBNrICOS_8trybuild8internal4path5testss_65canonical_path_resolves_existing_paths_and_falls_back_for_missing
FNDA:1,_RNCNvMNtNtCsbKirBNrICOS_8trybuild8internal4pathNtB4_13CanonicalPath3new0B8_
FNF:4
FNH:4
DA:62,72
DA:63,72
DA:64,72
DA:80,1
DA:85,1
DA:86,1
DA:87,1
DA:89,1
DA:90,1
DA:91,1
DA:93,0
DA:94,1
DA:95,1
DA:98,1
DA:99,1
DA:100,1
DA:101,1
DA:102,1
DA:103,1
DA:104,1
DA:106,1
DA:107,1
DA:108,1
DA:109,1
DA:110,1
BRF:0
BRH:0
LF:26
LH:25
end_of_record
SF:/home/openai/strict-rs/strict-trybuild/src/internal/project.rs
FN:92,_RNvMNtNtCskRqwCqzCV5o_8trybuild8internal7projectNtB2_8Selected10from_flags
FN:108,_RNvMNtNtCskRqwCqzCV5o_8trybuild8internal7projectNtB2_8Selected4both
FN:102,_RNvMNtNtCskRqwCqzCV5o_8trybuild8internal7projectNtB2_8Selected8has_pass
FN:133,_RNvNtNtNtCsbKirBNrICOS_8trybuild8internal7project5testss_43selected_reports_registered_case_polarities
FN:92,_RNvMNtNtCsbKirBNrICOS_8trybuild8internal7projectNtB2_8Selected10from_flags
FN:108,_RNvMNtNtCsbKirBNrICOS_8trybuild8internal7projectNtB2_8Selected4both
FN:102,_RNvMNtNtCsbKirBNrICOS_8trybuild8internal7projectNtB2_8Selected8has_pass
FNDA:5,_RNvMNtNtCskRqwCqzCV5o_8trybuild8internal7projectNtB2_8Selected10from_flags
FNDA:4,_RNvMNtNtCskRqwCqzCV5o_8trybuild8internal7projectNtB2_8Selected4both
FNDA:36,_RNvMNtNtCskRqwCqzCV5o_8trybuild8internal7projectNtB2_8Selected8has_pass
FNDA:1,_RNvNtNtNtCsbKirBNrICOS_8trybuild8internal7project5testss_43selected_reports_registered_case_polarities
FNDA:4,_RNvMNtNtCsbKirBNrICOS_8trybuild8internal7projectNtB2_8Selected10from_flags
FNDA:4,_RNvMNtNtCsbKirBNrICOS_8trybuild8internal7projectNtB2_8Selected4both
FNDA:10,_RNvMNtNtCsbKirBNrICOS_8trybuild8internal7projectNtB2_8Selected8has_pass
FNF:4
FNH:4
DA:92,9
DA:93,9
DA:94,1
DA:95,3
DA:96,2
DA:97,3
DA:99,9
DA:102,46
DA:103,46
DA:104,46
DA:108,8
DA:109,8
DA:110,8
DA:133,1
DA:134,1
DA:135,1
DA:136,1
DA:137,1
DA:139,1
DA:140,1
DA:141,1
DA:142,1
DA:143,1
DA:144,1
DA:145,1
DA:146,1
DA:147,1
DA:148,1
DA:149,1
BRF:0
BRH:0
LF:29
LH:29
end_of_record
SF:/home/openai/strict-rs/strict-trybuild/src/internal/project/dependencies.rs
FN:421,_RINvXNvXs1_NtNtNtCskRqwCqzCV5o_8trybuild8internal7project12dependenciesNtB9_10DependencyNtNtCscU80eSbMxYF_10serde_core2de11Deserialize11deserializeNtB3_17DependencyVisitorNtB1q_7Visitor9visit_mapINtNtCsjcFx6CFMrWK_13toml_datetime2de20DatetimeDeserializerNtNtNtCs59QTYKn6he2_4toml2de5error5ErrorEEBf_
FN:421,_RINvXNvXs1_NtNtNtCskRqwCqzCV5o_8trybuild8internal7project12dependenciesNtB9_10DependencyNtNtCscU80eSbMxYF_10serde_core2de11Deserialize11deserializeNtB3_17DependencyVisitorNtB1q_7Visitor9visit_mapNtNtNtNtCs59QTYKn6he2_4toml2de12deserializer5table14TableMapAccessEBf_
FN:405,_RINvXNvXs1_NtNtNtCskRqwCqzCV5o_8trybuild8internal7project12dependenciesNtB9_10DependencyNtNtCscU80eSbMxYF_10serde_core2de11Deserialize11deserializeNtB3_17DependencyVisitorNtB1q_7Visitor9visit_strNtNtNtCs59QTYKn6he2_4toml2de5error5ErrorEBf_
FN:331,_RINvXNvXs_NtNtNtCskRqwCqzCV5o_8trybuild8internal7project12dependenciesNtB8_16EditionOrInheritNtNtCscU80eSbMxYF_10serde_core2de11Deserialize11deserializeNtB3_23EditionOrInheritVisitorNtB1v_7Visitor9visit_mapINtNtCsjcFx6CFMrWK_13toml_datetime2de20DatetimeDeserializerNtNtNtCs59QTYKn6he2_4toml2de5error5ErrorEEBe_
FN:331,_RINvXNvXs_NtNtNtCskRqwCqzCV5o_8trybuild8internal7project12dependenciesNtB8_16EditionOrInheritNtNtCscU80eSbMxYF_10serde_core2de11Deserialize11deserializeNtB3_23EditionOrInheritVisitorNtB1v_7Visitor9visit_mapNtNtNtNtCs59QTYKn6he2_4toml2de12deserializer5table14TableMapAccessEBe_
FN:324,_RINvXNvXs_NtNtNtCskRqwCqzCV5o_8trybuild8internal7project12dependenciesNtB8_16EditionOrInheritNtNtCscU80eSbMxYF_10serde_core2de11Deserialize11deserializeNtB3_23EditionOrInheritVisitorNtB1v_7Visitor9visit_strNtNtNtCs59QTYKn6he2_4toml2de5error5ErrorEBe_
FN:349,_RINvXs0_NtNtNtCskRqwCqzCV5o_8trybuild8internal7project12dependenciesNtB6_10DependencyNtNtCscU80eSbMxYF_10serde_core3ser9Serialize9serializeNtNtNtCs59QTYKn6he2_4toml3ser5value15ValueSerializerEBc_
FN:349,_RINvXs0_NtNtNtCskRqwCqzCV5o_8trybuild8internal7project12dependenciesNtB6_10DependencyNtNtCscU80eSbMxYF_10serde_core3ser9Serialize9serializeNtNtNtCs59QTYKn6he2_4toml3ser8document10SerializerEBc_
FN:349,_RINvXs0_NtNtNtCskRqwCqzCV5o_8trybuild8internal7project12dependenciesNtB6_10DependencyNtNtCscU80eSbMxYF_10serde_core3ser9Serialize9serializeNtNtNtNtCs59QTYKn6he2_4toml3ser5value3map18MapValueSerializerEBc_
FN:349,_RINvXs0_NtNtNtCskRqwCqzCV5o_8trybuild8internal7project12dependenciesNtB6_10DependencyNtNtCscU80eSbMxYF_10serde_core3ser9Serialize9serializeNtNtNtNtCs59QTYKn6he2_4toml3ser8document15array_of_tables23ArrayOfTablesSerializerEBc_
FN:349,_RINvXs0_NtNtNtCskRqwCqzCV5o_8trybuild8internal7project12dependenciesNtB6_10DependencyNtNtCscU80eSbMxYF_10serde_core3ser9Serialize9serializeNtNtNtNtCs59QTYKn6he2_4toml3ser8document8strategy9WalkValueEBc_
FN:392,_RINvXs1_NtNtNtCskRqwCqzCV5o_8trybuild8internal7project12dependenciesNtB6_10DependencyNtNtCscU80eSbMxYF_10serde_core2de11Deserialize11deserializeINtNtB1n_5value18StringDeserializerNtNtNtCs59QTYKn6he2_4toml2de5error5ErrorEEBc_
FN:392,_RINvXs1_NtNtNtCskRqwCqzCV5o_8trybuild8internal7project12dependenciesNtB6_10DependencyNtNtCscU80eSbMxYF_10serde_core2de11Deserialize11deserializeNtNtNtNtCs59QTYKn6he2_4toml2de12deserializer5value17ValueDeserializerEBc_
FN:311,_RINvXs_NtNtNtCskRqwCqzCV5o_8trybuild8internal7project12dependenciesNtB5_16EditionOrInheritNtNtCscU80eSbMxYF_10serde_core2de11Deserialize11deserializeINtNtB1s_5value17UsizeDeserializerNtNtNtCs59QTYKn6he2_4toml2de5error5ErrorEEBb_
FN:311,_RINvXs_NtNtNtCskRqwCqzCV5o_8trybuild8internal7project12dependenciesNtB5_16EditionOrInheritNtNtCscU80eSbMxYF_10serde_core2de11Deserialize11deserializeINtNtB1s_5value18StringDeserializerNtNtNtCs59QTYKn6he2_4toml2de5error5ErrorEEBb_
FN:311,_RINvXs_NtNtNtCskRqwCqzCV5o_8trybuild8internal7project12dependenciesNtB5_16EditionOrInheritNtNtCscU80eSbMxYF_10serde_core2de11Deserialize11deserializeNtNtNtNtCs59QTYKn6he2_4toml2de12deserializer5value17ValueDeserializerEBb_
FN:105,_RNCNvNtNtNtCskRqwCqzCV5o_8trybuild8internal7project12dependencies11fix_patches0B9_
FN:39,_RNCNvNtNtNtCskRqwCqzCV5o_8trybuild8internal7project12dependencies12get_manifest0B9_
FN:44,_RNCNvNtNtNtCskRqwCqzCV5o_8trybuild8internal7project12dependencies12get_manifests_0B9_
FN:90,_RNCNvNtNtNtCskRqwCqzCV5o_8trybuild8internal7project12dependencies16fix_dependencies0B9_
FN:120,_RNCNvNtNtNtCskRqwCqzCV5o_8trybuild8internal7project12dependencies16fix_replacements0B9_
FN:441,_RNvMs2_NtNtNtCskRqwCqzCV5o_8trybuild8internal7project12dependenciesNtB5_16DependencyFields15into_dependency
FN:101,_RNvNtNtNtCskRqwCqzCV5o_8trybuild8internal7project12dependencies11fix_patches
FN:37,_RNvNtNtNtCskRqwCqzCV5o_8trybuild8internal7project12dependencies12get_manifest
FN:87,_RNvNtNtNtCskRqwCqzCV5o_8trybuild8internal7project12dependencies16fix_dependencies
FN:117,_RNvNtNtNtCskRqwCqzCV5o_8trybuild8internal7project12dependencies16fix_replacements
FN:62,_RNvNtNtNtCskRqwCqzCV5o_8trybuild8internal7project12dependencies22get_workspace_manifest
FN:73,_RNvNtNtNtCskRqwCqzCV5o_8trybuild8internal7project12dependencies26try_get_workspace_manifest
FN:305,_RNvXNtNtNtCskRqwCqzCV5o_8trybuild8internal7project12dependenciesNtB2_16EditionOrInheritNtNtCs8r2hDutfFpp_4core7default7Default7default
FN:401,_RNvXNvXs1_NtNtNtCskRqwCqzCV5o_8trybuild8internal7project12dependenciesNtB8_10DependencyNtNtCscU80eSbMxYF_10serde_core2de11Deserialize11deserializeNtB2_17DependencyVisitorNtB1p_7Visitor9expecting
FN:320,_RNvXNvXs_NtNtNtCskRqwCqzCV5o_8trybuild8internal7project12dependenciesNtB7_16EditionOrInheritNtNtCscU80eSbMxYF_10serde_core2de11Deserialize11deserializeNtB2_23EditionOrInheritVisitorNtB1u_7Visitor9expecting
FN:517,_RNvNtNtNtNtCsbKirBNrICOS_8trybuild8internal7project12dependencies5tests15dependency_from
FN:486,_RNvNtNtNtNtCsbKirBNrICOS_8trybuild8internal7project12dependencies5tests16manifest_fixture
FN:522,_RNvNtNtNtNtCsbKirBNrICOS_8trybuild8internal7project12dependencies5tests17ensure_git_source
FN:531,_RNvNtNtNtNtCsbKirBNrICOS_8trybuild8internal7project12dependencies5tests20ensure_no_git_source
FN:805,_RNvNtNtNtNtCsbKirBNrICOS_8trybuild8internal7project12dependencies5testss_23patch_entry_round_trips
FN:741,_RNvNtNtNtNtCsbKirBNrICOS_8trybuild8internal7project12dependencies5testss_25unknown_keys_flow_to_rest
FN:714,_RNvNtNtNtNtCsbKirBNrICOS_8trybuild8internal7project12dependencies5testss_29string_shorthand_still_parses
FN:799,_RNvNtNtNtNtCsbKirBNrICOS_8trybuild8internal7project12dependencies5testss_30absent_git_fields_stay_omitted
FN:703,_RNvNtNtNtNtCsbKirBNrICOS_8trybuild8internal7project12dependencies5testss_32git_table_dependency_round_trips
FN:635,_RNvNtNtNtNtCsbKirBNrICOS_8trybuild8internal7project12dependencies5testss_44missing_workspace_manifest_defaults_to_empty
FN:695,_RNvNtNtNtNtCsbKirBNrICOS_8trybuild8internal7project12dependencies5testss_46non_string_non_table_dependencies_are_rejected
FN:751,_RNvNtNtNtNtCsbKirBNrICOS_8trybuild8internal7project12dependencies5testss_52dependency_boolean_flags_serialize_only_when_enabled
FN:586,_RNvNtNtNtNtCsbKirBNrICOS_8trybuild8internal7project12dependencies5testss_62workspace_manifest_rewrites_patch_replace_and_dependency_paths
FN:650,_RNvNtNtNtNtCsbKirBNrICOS_8trybuild8internal7project12dependencies5testss_63package_edition_accepts_strings_and_rejects_invalid_inheritance
FN:541,_RNvNtNtNtNtCsbKirBNrICOS_8trybuild8internal7project12dependencies5testss_64get_manifest_rewrites_dependency_paths_and_drops_self_dependency
FN:421,_RINvXNvXs1_NtNtNtCsbKirBNrICOS_8trybuild8internal7project12dependenciesNtB9_10DependencyNtNtCscU80eSbMxYF_10serde_core2de11Deserialize11deserializeNtB3_17DependencyVisitorNtB1q_7Visitor9visit_mapINtNtCsjcFx6CFMrWK_13toml_datetime2de20DatetimeDeserializerNtNtNtCs59QTYKn6he2_4toml2de5error5ErrorEEBf_
FN:421,_RINvXNvXs1_NtNtNtCsbKirBNrICOS_8trybuild8internal7project12dependenciesNtB9_10DependencyNtNtCscU80eSbMxYF_10serde_core2de11Deserialize11deserializeNtB3_17DependencyVisitorNtB1q_7Visitor9visit_mapNtNtNtNtCs59QTYKn6he2_4toml2de12deserializer5table14TableMapAccessEBf_
FN:405,_RINvXNvXs1_NtNtNtCsbKirBNrICOS_8trybuild8internal7project12dependenciesNtB9_10DependencyNtNtCscU80eSbMxYF_10serde_core2de11Deserialize11deserializeNtB3_17DependencyVisitorNtB1q_7Visitor9visit_strNtNtNtCs59QTYKn6he2_4toml2de5error5ErrorEBf_
FN:331,_RINvXNvXs_NtNtNtCsbKirBNrICOS_8trybuild8internal7project12dependenciesNtB8_16EditionOrInheritNtNtCscU80eSbMxYF_10serde_core2de11Deserialize11deserializeNtB3_23EditionOrInheritVisitorNtB1v_7Visitor9visit_mapINtNtCsjcFx6CFMrWK_13toml_datetime2de20DatetimeDeserializerNtNtNtCs59QTYKn6he2_4toml2de5error5ErrorEEBe_
FN:331,_RINvXNvXs_NtNtNtCsbKirBNrICOS_8trybuild8internal7project12dependenciesNtB8_16EditionOrInheritNtNtCscU80eSbMxYF_10serde_core2de11Deserialize11deserializeNtB3_23EditionOrInheritVisitorNtB1v_7Visitor9visit_mapNtNtNtNtCs59QTYKn6he2_4toml2de12deserializer5table14TableMapAccessEBe_
FN:324,_RINvXNvXs_NtNtNtCsbKirBNrICOS_8trybuild8internal7project12dependenciesNtB8_16EditionOrInheritNtNtCscU80eSbMxYF_10serde_core2de11Deserialize11deserializeNtB3_23EditionOrInheritVisitorNtB1v_7Visitor9visit_strNtNtNtCs59QTYKn6he2_4toml2de5error5ErrorEBe_
FN:349,_RINvXs0_NtNtNtCsbKirBNrICOS_8trybuild8internal7project12dependenciesNtB6_10DependencyNtNtCscU80eSbMxYF_10serde_core3ser9Serialize9serializeNtNtNtCs59QTYKn6he2_4toml3ser5value15ValueSerializerEBc_
FN:349,_RINvXs0_NtNtNtCsbKirBNrICOS_8trybuild8internal7project12dependenciesNtB6_10DependencyNtNtCscU80eSbMxYF_10serde_core3ser9Serialize9serializeNtNtNtCs59QTYKn6he2_4toml3ser8document10SerializerEBc_
FN:349,_RINvXs0_NtNtNtCsbKirBNrICOS_8trybuild8internal7project12dependenciesNtB6_10DependencyNtNtCscU80eSbMxYF_10serde_core3ser9Serialize9serializeNtNtNtNtCs59QTYKn6he2_4toml3ser5value3map18MapValueSerializerEBc_
FN:349,_RINvXs0_NtNtNtCsbKirBNrICOS_8trybuild8internal7project12dependenciesNtB6_10DependencyNtNtCscU80eSbMxYF_10serde_core3ser9Serialize9serializeNtNtNtNtCs59QTYKn6he2_4toml3ser8document15array_of_tables23ArrayOfTablesSerializerEBc_
FN:349,_RINvXs0_NtNtNtCsbKirBNrICOS_8trybuild8internal7project12dependenciesNtB6_10DependencyNtNtCscU80eSbMxYF_10serde_core3ser9Serialize9serializeNtNtNtNtCs59QTYKn6he2_4toml3ser8document8strategy9WalkValueEBc_
FN:392,_RINvXs1_NtNtNtCsbKirBNrICOS_8trybuild8internal7project12dependenciesNtB6_10DependencyNtNtCscU80eSbMxYF_10serde_core2de11Deserialize11deserializeINtNtB1n_5value18StringDeserializerNtNtNtCs59QTYKn6he2_4toml2de5error5ErrorEEBc_
FN:392,_RINvXs1_NtNtNtCsbKirBNrICOS_8trybuild8internal7project12dependenciesNtB6_10DependencyNtNtCscU80eSbMxYF_10serde_core2de11Deserialize11deserializeNtNtNtNtCs59QTYKn6he2_4toml2de12deserializer5value17ValueDeserializerEBc_
FN:311,_RINvXs_NtNtNtCsbKirBNrICOS_8trybuild8internal7project12dependenciesNtB5_16EditionOrInheritNtNtCscU80eSbMxYF_10serde_core2de11Deserialize11deserializeINtNtB1s_5value17UsizeDeserializerNtNtNtCs59QTYKn6he2_4toml2de5error5ErrorEEBb_
FN:311,_RINvXs_NtNtNtCsbKirBNrICOS_8trybuild8internal7project12dependenciesNtB5_16EditionOrInheritNtNtCscU80eSbMxYF_10serde_core2de11Deserialize11deserializeINtNtB1s_5value18StringDeserializerNtNtNtCs59QTYKn6he2_4toml2de5error5ErrorEEBb_
FN:311,_RINvXs_NtNtNtCsbKirBNrICOS_8trybuild8internal7project12dependenciesNtB5_16EditionOrInheritNtNtCscU80eSbMxYF_10serde_core2de11Deserialize11deserializeNtNtNtNtCs59QTYKn6he2_4toml2de12deserializer5value17ValueDeserializerEBb_
FN:105,_RNCNvNtNtNtCsbKirBNrICOS_8trybuild8internal7project12dependencies11fix_patches0B9_
FN:39,_RNCNvNtNtNtCsbKirBNrICOS_8trybuild8internal7project12dependencies12get_manifest0B9_
FN:44,_RNCNvNtNtNtCsbKirBNrICOS_8trybuild8internal7project12dependencies12get_manifests_0B9_
FN:90,_RNCNvNtNtNtCsbKirBNrICOS_8trybuild8internal7project12dependencies16fix_dependencies0B9_
FN:120,_RNCNvNtNtNtCsbKirBNrICOS_8trybuild8internal7project12dependencies16fix_replacements0B9_
FN:441,_RNvMs2_NtNtNtCsbKirBNrICOS_8trybuild8internal7project12dependenciesNtB5_16DependencyFields15into_dependency
FN:101,_RNvNtNtNtCsbKirBNrICOS_8trybuild8internal7project12dependencies11fix_patches
FN:37,_RNvNtNtNtCsbKirBNrICOS_8trybuild8internal7project12dependencies12get_manifest
FN:87,_RNvNtNtNtCsbKirBNrICOS_8trybuild8internal7project12dependencies16fix_dependencies
FN:117,_RNvNtNtNtCsbKirBNrICOS_8trybuild8internal7project12dependencies16fix_replacements
FN:62,_RNvNtNtNtCsbKirBNrICOS_8trybuild8internal7project12dependencies22get_workspace_manifest
FN:73,_RNvNtNtNtCsbKirBNrICOS_8trybuild8internal7project12dependencies26try_get_workspace_manifest
FN:305,_RNvXNtNtNtCsbKirBNrICOS_8trybuild8internal7project12dependenciesNtB2_16EditionOrInheritNtNtCs8r2hDutfFpp_4core7default7Default7default
FN:401,_RNvXNvXs1_NtNtNtCsbKirBNrICOS_8trybuild8internal7project12dependenciesNtB8_10DependencyNtNtCscU80eSbMxYF_10serde_core2de11Deserialize11deserializeNtB2_17DependencyVisitorNtB1p_7Visitor9expecting
FN:320,_RNvXNvXs_NtNtNtCsbKirBNrICOS_8trybuild8internal7project12dependenciesNtB7_16EditionOrInheritNtNtCscU80eSbMxYF_10serde_core2de11Deserialize11deserializeNtB2_23EditionOrInheritVisitorNtB1u_7Visitor9expecting
FN:506,_RINvNtNtNtNtCsbKirBNrICOS_8trybuild8internal7project12dependencies5tests16ensure_unchangedNtB4_10DependencyEBa_
FN:506,_RINvNtNtNtNtCsbKirBNrICOS_8trybuild8internal7project12dependencies5tests16ensure_unchangedNtB4_5PatchEBa_
FN:496,_RINvNtNtNtNtCsbKirBNrICOS_8trybuild8internal7project12dependencies5tests17ensure_round_tripNtB4_10DependencyEBa_
FN:496,_RINvNtNtNtNtCsbKirBNrICOS_8trybuild8internal7project12dependencies5tests17ensure_round_tripNtB4_5PatchEBa_
FN:513,_RINvNtNtNtNtCsbKirBNrICOS_8trybuild8internal7project12dependencies5tests9dep_entryNtB4_10DependencyEBa_
FN:513,_RINvNtNtNtNtCsbKirBNrICOS_8trybuild8internal7project12dependencies5tests9dep_entryNtB4_5PatchEBa_
[...]
FN:28,_RINvMNtNtNtCskRqwCqzCV5o_8trybuild8internal3sys9directoryNtB3_9Directory3newRNtNtCslA1p6lcXJtn_3std4path4PathEB9_
FN:52,_RINvMNtNtNtCskRqwCqzCV5o_8trybuild8internal3sys9directoryNtB3_9Directory4joinRBT_EB9_
FN:52,_RINvMNtNtNtCskRqwCqzCV5o_8trybuild8internal3sys9directoryNtB3_9Directory4joinRNtNtCslA1p6lcXJtn_3std4path7PathBufEB9_
FN:52,_RINvMNtNtNtCskRqwCqzCV5o_8trybuild8internal3sys9directoryNtB3_9Directory4joinReEB9_
FN:80,_RINvXs1_NtNtNtCskRqwCqzCV5o_8trybuild8internal3sys9directoryNtB6_9DirectoryNtNtCscU80eSbMxYF_10serde_core2de11Deserialize11deserializeINtNvNtNtCs4s8oqCiGwqY_5serde7private2de13missing_field24MissingFieldDeserializerNtNtCs8ovdcg2hUDz_10serde_json5error5ErrorEEBc_
FN:80,_RINvXs1_NtNtNtCskRqwCqzCV5o_8trybuild8internal3sys9directoryNtB6_9DirectoryNtNtCscU80eSbMxYF_10serde_core2de11Deserialize11deserializeNtNtNtNtCs59QTYKn6he2_4toml2de12deserializer5value17ValueDeserializerEBc_
FN:80,_RINvXs1_NtNtNtCskRqwCqzCV5o_8trybuild8internal3sys9directoryNtB6_9DirectoryNtNtCscU80eSbMxYF_10serde_core2de11Deserialize11deserializeQINtNtCs8ovdcg2hUDz_10serde_json2de12DeserializerNtNtB2e_4read9SliceReadEEBc_
FN:62,_RNvMNtNtNtCskRqwCqzCV5o_8trybuild8internal3sys9directoryNtB2_9Directory12canonicalize
FN:47,_RNvMNtNtNtCskRqwCqzCV5o_8trybuild8internal3sys9directoryNtB2_9Directory15to_string_lossy
FN:57,_RNvMNtNtNtCskRqwCqzCV5o_8trybuild8internal3sys9directoryNtB2_9Directory6parent
FN:42,_RNvMNtNtNtCskRqwCqzCV5o_8trybuild8internal3sys9directoryNtB2_9Directory7current
FN:74,_RNvXs0_NtNtNtCskRqwCqzCV5o_8trybuild8internal3sys9directoryNtB5_9DirectoryINtNtCs8r2hDutfFpp_4core7convert5AsRefNtNtCslA1p6lcXJtn_3std4path4PathE6as_ref
FN:68,_RNvXs_NtNtNtCskRqwCqzCV5o_8trybuild8internal3sys9directoryNtB4_9DirectoryINtNtCs8r2hDutfFpp_4core7convert4FromNtNtNtCslA1p6lcXJtn_3std3ffi6os_str8OsStringE4from
FN:143,_RNvNtNtNtNtCsbKirBNrICOS_8trybuild8internal3sys9directory5testss_29deserialize_wraps_path_values
FN:125,_RNvNtNtNtNtCsbKirBNrICOS_8trybuild8internal3sys9directory5testss_54current_and_canonicalize_report_filesystem_directories
FN:102,_RNvNtNtNtNtCsbKirBNrICOS_8trybuild8internal3sys9directory5testss_54directory_wraps_paths_with_join_parent_and_lossy_views
FN:62,_RNvMNtNtNtCsbKirBNrICOS_8trybuild8internal3sys9directoryNtB2_9Directory12canonicalize
FN:47,_RNvMNtNtNtCsbKirBNrICOS_8trybuild8internal3sys9directoryNtB2_9Directory15to_string_lossy
FN:57,_RNvMNtNtNtCsbKirBNrICOS_8trybuild8internal3sys9directoryNtB2_9Directory6parent
FN:42,_RNvMNtNtNtCsbKirBNrICOS_8trybuild8internal3sys9directoryNtB2_9Directory7current
FN:74,_RNvXs0_NtNtNtCsbKirBNrICOS_8trybuild8internal3sys9directoryNtB5_9DirectoryINtNtCs8r2hDutfFpp_4core7convert5AsRefNtNtCslA1p6lcXJtn_3std4path4PathE6as_ref
FN:68,_RNvXs_NtNtNtCsbKirBNrICOS_8trybuild8internal3sys9directoryNtB4_9DirectoryINtNtCs8r2hDutfFpp_4core7convert4FromNtNtNtCslA1p6lcXJtn_3std3ffi6os_str8OsStringE4from
FN:28,_RINvMNtNtNtCsbKirBNrICOS_8trybuild8internal3sys9directoryNtB3_9Directory3newNtNtCslA1p6lcXJtn_3std4path7PathBufEB9_
FN:28,_RINvMNtNtNtCsbKirBNrICOS_8trybuild8internal3sys9directoryNtB3_9Directory3newRNtNtCslA1p6lcXJtn_3std4path4PathEB9_
FN:28,_RINvMNtNtNtCsbKirBNrICOS_8trybuild8internal3sys9directoryNtB3_9Directory3newRNtNtCslA1p6lcXJtn_3std4path7PathBufEB9_
FN:28,_RINvMNtNtNtCsbKirBNrICOS_8trybuild8internal3sys9directoryNtB3_9Directory3newReEB9_
FN:52,_RINvMNtNtNtCsbKirBNrICOS_8trybuild8internal3sys9directoryNtB3_9Directory4joinRBT_EB9_
FN:52,_RINvMNtNtNtCsbKirBNrICOS_8trybuild8internal3sys9directoryNtB3_9Directory4joinRNtNtCslA1p6lcXJtn_3std4path7PathBufEB9_
FN:52,_RINvMNtNtNtCsbKirBNrICOS_8trybuild8internal3sys9directoryNtB3_9Directory4joinReEB9_
FN:80,_RINvXs1_NtNtNtCsbKirBNrICOS_8trybuild8internal3sys9directoryNtB6_9DirectoryNtNtCscU80eSbMxYF_10serde_core2de11Deserialize11deserializeINtNtB1d_5value17UsizeDeserializerNtNtNtCs59QTYKn6he2_4toml2de5error5ErrorEEBc_
FN:80,_RINvXs1_NtNtNtCsbKirBNrICOS_8trybuild8internal3sys9directoryNtB6_9DirectoryNtNtCscU80eSbMxYF_10serde_core2de11Deserialize11deserializeINtNtB1d_5value18StringDeserializerNtNtNtCs59QTYKn6he2_4toml2de5error5ErrorEEBc_
FN:80,_RINvXs1_NtNtNtCsbKirBNrICOS_8trybuild8internal3sys9directoryNtB6_9DirectoryNtNtCscU80eSbMxYF_10serde_core2de11Deserialize11deserializeINtNvNtNtCs4s8oqCiGwqY_5serde7private2de13missing_field24MissingFieldDeserializerNtNtNtCs59QTYKn6he2_4toml2de5error5ErrorEEBc_
FN:80,_RINvXs1_NtNtNtCsbKirBNrICOS_8trybuild8internal3sys9directoryNtB6_9DirectoryNtNtCscU80eSbMxYF_10serde_core2de11Deserialize11deserializeNtNtNtNtCs59QTYKn6he2_4toml2de12deserializer5value17ValueDeserializerEBc_
FNDA:23,_RINvMNtNtNtCskRqwCqzCV5o_8trybuild8internal3sys9directoryNtB3_9Directory3newNtNtCslA1p6lcXJtn_3std4path7PathBufEB9_
FNDA:0,_RINvMNtNtNtCskRqwCqzCV5o_8trybuild8internal3sys9directoryNtB3_9Directory3newRNtNtCslA1p6lcXJtn_3std4path4PathEB9_
FNDA:0,_RINvMNtNtNtCskRqwCqzCV5o_8trybuild8internal3sys9directoryNtB3_9Directory4joinRBT_EB9_
FNDA:66,_RINvMNtNtNtCskRqwCqzCV5o_8trybuild8internal3sys9directoryNtB3_9Directory4joinRNtNtCslA1p6lcXJtn_3std4path7PathBufEB9_
FNDA:15,_RINvMNtNtNtCskRqwCqzCV5o_8trybuild8internal3sys9directoryNtB3_9Directory4joinReEB9_
FNDA:0,_RINvXs1_NtNtNtCskRqwCqzCV5o_8trybuild8internal3sys9directoryNtB6_9DirectoryNtNtCscU80eSbMxYF_10serde_core2de11Deserialize11deserializeINtNvNtNtCs4s8oqCiGwqY_5serde7private2de13missing_field24MissingFieldDeserializerNtNtCs8ovdcg2hUDz_10serde_json5error5ErrorEEBc_
FNDA:3,_RINvXs1_NtNtNtCskRqwCqzCV5o_8trybuild8internal3sys9directoryNtB6_9DirectoryNtNtCscU80eSbMxYF_10serde_core2de11Deserialize11deserializeNtNtNtNtCs59QTYKn6he2_4toml2de12deserializer5value17ValueDeserializerEBc_
FNDA:10,_RINvXs1_NtNtNtCskRqwCqzCV5o_8trybuild8internal3sys9directoryNtB6_9DirectoryNtNtCscU80eSbMxYF_10serde_core2de11Deserialize11deserializeQINtNtCs8ovdcg2hUDz_10serde_json2de12DeserializerNtNtB2e_4read9SliceReadEEBc_
FNDA:0,_RNvMNtNtNtCskRqwCqzCV5o_8trybuild8internal3sys9directoryNtB2_9Directory12canonicalize
FNDA:3682,_RNvMNtNtNtCskRqwCqzCV5o_8trybuild8internal3sys9directoryNtB2_9Directory15to_string_lossy
FNDA:0,_RNvMNtNtNtCskRqwCqzCV5o_8trybuild8internal3sys9directoryNtB2_9Directory6parent
FNDA:0,_RNvMNtNtNtCskRqwCqzCV5o_8trybuild8internal3sys9directoryNtB2_9Directory7current
FNDA:141,_RNvXs0_NtNtNtCskRqwCqzCV5o_8trybuild8internal3sys9directoryNtB5_9DirectoryINtNtCs8r2hDutfFpp_4core7convert5AsRefNtNtCslA1p6lcXJtn_3std4path4PathE6as_ref
FNDA:5,_RNvXs_NtNtNtCskRqwCqzCV5o_8trybuild8internal3sys9directoryNtB4_9DirectoryINtNtCs8r2hDutfFpp_4core7convert4FromNtNtNtCslA1p6lcXJtn_3std3ffi6os_str8OsStringE4from
FNDA:1,_RNvNtNtNtNtCsbKirBNrICOS_8trybuild8internal3sys9directory5testss_29deserialize_wraps_path_values
FNDA:1,_RNvNtNtNtNtCsbKirBNrICOS_8trybuild8internal3sys9directory5testss_54current_and_canonicalize_report_filesystem_directories
FNDA:1,_RNvNtNtNtNtCsbKirBNrICOS_8trybuild8internal3sys9directory5testss_54directory_wraps_paths_with_join_parent_and_lossy_views
FNDA:4,_RNvMNtNtNtCsbKirBNrICOS_8trybuild8internal3sys9directoryNtB2_9Directory12canonicalize
FNDA:21038,_RNvMNtNtNtCsbKirBNrICOS_8trybuild8internal3sys9directoryNtB2_9Directory15to_string_lossy
FNDA:6,_RNvMNtNtNtCsbKirBNrICOS_8trybuild8internal3sys9directoryNtB2_9Directory6parent
FNDA:2,_RNvMNtNtNtCsbKirBNrICOS_8trybuild8internal3sys9directoryNtB2_9Directory7current
FNDA:60,_RNvXs0_NtNtNtCsbKirBNrICOS_8trybuild8internal3sys9directoryNtB5_9DirectoryINtNtCs8r2hDutfFpp_4core7convert5AsRefNtNtCslA1p6lcXJtn_3std4path4PathE6as_ref
FNDA:1,_RNvXs_NtNtNtCsbKirBNrICOS_8trybuild8internal3sys9directoryNtB4_9DirectoryINtNtCs8r2hDutfFpp_4core7convert4FromNtNtNtCslA1p6lcXJtn_3std3ffi6os_str8OsStringE4from
FNDA:63,_RINvMNtNtNtCsbKirBNrICOS_8trybuild8internal3sys9directoryNtB3_9Directory3newNtNtCslA1p6lcXJtn_3std4path7PathBufEB9_
FNDA:10,_RINvMNtNtNtCsbKirBNrICOS_8trybuild8internal3sys9directoryNtB3_9Directory3newRNtNtCslA1p6lcXJtn_3std4path4PathEB9_
FNDA:1,_RINvMNtNtNtCsbKirBNrICOS_8trybuild8internal3sys9directoryNtB3_9Directory3newRNtNtCslA1p6lcXJtn_3std4path7PathBufEB9_
FNDA:121,_RINvMNtNtNtCsbKirBNrICOS_8trybuild8internal3sys9directoryNtB3_9Directory3newReEB9_
FNDA:4,_RINvMNtNtNtCsbKirBNrICOS_8trybuild8internal3sys9directoryNtB3_9Directory4joinRBT_EB9_
FNDA:3,_RINvMNtNtNtCsbKirBNrICOS_8trybuild8internal3sys9directoryNtB3_9Directory4joinRNtNtCslA1p6lcXJtn_3std4path7PathBufEB9_
FNDA:28,_RINvMNtNtNtCsbKirBNrICOS_8trybuild8internal3sys9directoryNtB3_9Directory4joinReEB9_
FNDA:0,_RINvXs1_NtNtNtCsbKirBNrICOS_8trybuild8internal3sys9directoryNtB6_9DirectoryNtNtCscU80eSbMxYF_10serde_core2de11Deserialize11deserializeINtNtB1d_5value17UsizeDeserializerNtNtNtCs59QTYKn6he2_4toml2de5error5ErrorEEBc_
FNDA:0,_RINvXs1_NtNtNtCsbKirBNrICOS_8trybuild8internal3sys9directoryNtB6_9DirectoryNtNtCscU80eSbMxYF_10serde_core2de11Deserialize11deserializeINtNtB1d_5value18StringDeserializerNtNtNtCs59QTYKn6he2_4toml2de5error5ErrorEEBc_
FNDA:0,_RINvXs1_NtNtNtCsbKirBNrICOS_8trybuild8internal3sys9directoryNtB6_9DirectoryNtNtCscU80eSbMxYF_10serde_core2de11Deserialize11deserializeINtNvNtNtCs4s8oqCiGwqY_5serde7private2de13missing_field24MissingFieldDeserializerNtNtNtCs59QTYKn6he2_4toml2de5error5ErrorEEBc_
FNDA:7,_RINvXs1_NtNtNtCsbKirBNrICOS_8trybuild8internal3sys9directoryNtB6_9DirectoryNtNtCscU80eSbMxYF_10serde_core2de11Deserialize11deserializeNtNtNtNtCs59QTYKn6he2_4toml2de12deserializer5value17ValueDeserializerEBc_
FNF:12
FNH:12
DA:28,218
DA:29,218
DA:30,218
DA:31,218
DA:32,218
DA:33,218
DA:34,218
DA:42,2
DA:43,2
DA:44,2
DA:47,24720
DA:48,24720
DA:49,24720
DA:52,116
DA:53,116
DA:54,116
DA:57,6
DA:58,6
DA:59,6
DA:62,4
DA:63,4
DA:64,4
DA:68,6
DA:69,6
DA:70,6
DA:74,201
DA:75,201
DA:76,201
DA:80,20
DA:81,20
DA:82,20
DA:84,20
DA:85,20
DA:102,1
DA:103,1
DA:104,1
DA:105,1
DA:107,1
DA:108,1
DA:109,1
DA:110,1
DA:111,1
DA:112,1
DA:113,1
DA:114,1
DA:115,1
DA:116,1
DA:117,1
DA:118,1
DA:119,1
DA:120,1
DA:121,1
DA:122,1
DA:125,1
DA:126,1
DA:127,1
DA:128,1
DA:129,1
DA:130,1
DA:132,1
DA:133,1
DA:134,1
DA:135,1
DA:136,1
DA:137,1
DA:138,1
DA:139,1
DA:140,1
DA:143,1
DA:149,1
DA:150,1
DA:152,0
DA:154,1
DA:155,1
DA:158,1
BRF:0
BRH:0
LF:75
LH:74
end_of_record
SF:/home/openai/strict-rs/strict-trybuild/src/internal/sys/env.rs
FN:40,_RNvMNtNtNtCskRqwCqzCV5o_8trybuild8internal3sys3envNtB2_6Update3env
FN:50,_RNvMNtNtNtCskRqwCqzCV5o_8trybuild8internal3sys3envNtB2_6Update5parse
FN:40,_RNvMNtNtNtCsbKirBNrICOS_8trybuild8internal3sys3envNtB2_6Update3env
FN:95,_RNCNvNtNtNtNtCsbKirBNrICOS_8trybuild8internal3sys3env5testss_27parse_rejects_unknown_modes0Bb_
FN:92,_RNvNtNtNtNtCsbKirBNrICOS_8trybuild8internal3sys3env5testss_27parse_rejects_unknown_modes
FN:77,_RNvNtNtNtNtCsbKirBNrICOS_8trybuild8internal3sys3env5testss_37parse_accepts_default_and_known_modes
FN:50,_RNvMNtNtNtCsbKirBNrICOS_8trybuild8internal3sys3envNtB2_6Update5parse
FNDA:4,_RNvMNtNtNtCskRqwCqzCV5o_8trybuild8internal3sys3envNtB2_6Update3env
FNDA:4,_RNvMNtNtNtCskRqwCqzCV5o_8trybuild8internal3sys3envNtB2_6Update5parse
FNDA:0,_RNvMNtNtNtCsbKirBNrICOS_8trybuild8internal3sys3envNtB2_6Update3env
FNDA:1,_RNCNvNtNtNtNtCsbKirBNrICOS_8trybuild8internal3sys3env5testss_27parse_rejects_unknown_modes0Bb_
FNDA:1,_RNvNtNtNtNtCsbKirBNrICOS_8trybuild8internal3sys3env5testss_27parse_rejects_unknown_modes
FNDA:1,_RNvNtNtNtNtCsbKirBNrICOS_8trybuild8internal3sys3env5testss_37parse_accepts_default_and_known_modes
FNDA:6,_RNvMNtNtNtCsbKirBNrICOS_8trybuild8internal3sys3envNtB2_6Update5parse
FNF:5
FNH:5
DA:40,4
DA:41,4
DA:42,4
DA:43,4
DA:50,10
DA:51,10
DA:52,4
DA:55,6
DA:56,6
DA:57,5
DA:58,4
DA:59,3
DA:61,10
DA:77,1
DA:78,1
DA:79,1
DA:80,1
DA:81,1
DA:83,1
DA:84,1
DA:85,1
DA:86,1
DA:87,1
DA:88,1
DA:89,1
DA:92,1
DA:93,1
DA:94,1
DA:95,1
DA:97,0
DA:98,1
DA:99,1
DA:102,1
BRDA:51,0,0,6
BRDA:51,0,1,4
BRF:2
BRH:2
LF:34
LH:33
end_of_record
SF:/home/openai/strict-rs/strict-trybuild/src/internal/sys/flock.rs
FN:63,_RINvMNtNtNtCskRqwCqzCV5o_8trybuild8internal3sys5flockNtB3_4Lock7acquireNtNtCslA1p6lcXJtn_3std4path7PathBufEB9_
FN:79,_RINvMs_NtNtNtCskRqwCqzCV5o_8trybuild8internal3sys5flockNtB5_8FileLock7acquireNtNtCslA1p6lcXJtn_3std4path7PathBufEBb_
FN:92,_RNCINvMs_NtNtNtCskRqwCqzCV5o_8trybuild8internal3sys5flockNtB7_8FileLock7acquireNtNtCslA1p6lcXJtn_3std4path7PathBufE0Bd_
FN:157,_RNCNvNtNtNtCskRqwCqzCV5o_8trybuild8internal3sys5flock6create0B9_
FN:158,_RNCNvNtNtNtCskRqwCqzCV5o_8trybuild8internal3sys5flock6creates_0B9_
FN:178,_RNvNtNtNtCskRqwCqzCV5o_8trybuild8internal3sys5flock4poll
FN:131,_RNvNtNtNtCskRqwCqzCV5o_8trybuild8internal3sys5flock6create
FN:103,_RNvXs0_NtNtNtCskRqwCqzCV5o_8trybuild8internal3sys5flockNtB5_4LockNtNtNtCs8r2hDutfFpp_4core3ops4drop4Drop4drop
FN:110,_RNvXs1_NtNtNtCskRqwCqzCV5o_8trybuild8internal3sys5flockNtB5_8FileLockNtNtNtCs8r2hDutfFpp_4core3ops4drop4Drop4drop
FN:63,_RINvMNtNtNtCsbKirBNrICOS_8trybuild8internal3sys5flockNtB3_4Lock7acquireRNtNtCslA1p6lcXJtn_3std4path7PathBufEB9_
FN:79,_RINvMs_NtNtNtCsbKirBNrICOS_8trybuild8internal3sys5flockNtB5_8FileLock7acquireRNtNtCslA1p6lcXJtn_3std4path7PathBufEBb_
FN:92,_RNCINvMs_NtNtNtCsbKirBNrICOS_8trybuild8internal3sys5flockNtB7_8FileLock7acquireRNtNtCslA1p6lcXJtn_3std4path7PathBufE0Bd_
FN:157,_RNCNvNtNtNtCsbKirBNrICOS_8trybuild8internal3sys5flock6create0B9_
FN:158,_RNCNvNtNtNtCsbKirBNrICOS_8trybuild8internal3sys5flock6creates_0B9_
FN:178,_RNvNtNtNtCsbKirBNrICOS_8trybuild8internal3sys5flock4poll
FN:131,_RNvNtNtNtCsbKirBNrICOS_8trybuild8internal3sys5flock6create
FN:103,_RNvXs0_NtNtNtCsbKirBNrICOS_8trybuild8internal3sys5flockNtB5_4LockNtNtNtCs8r2hDutfFpp_4core3ops4drop4Drop4drop
FN:110,_RNvXs1_NtNtNtCsbKirBNrICOS_8trybuild8internal3sys5flockNtB5_8FileLockNtNtNtCs8r2hDutfFpp_4core3ops4drop4Drop4drop
FN:205,_RNvNtNtNtNtCsbKirBNrICOS_8trybuild8internal3sys5flock5tests12set_modified
FN:268,_RNvNtNtNtNtCsbKirBNrICOS_8trybuild8internal3sys5flock5testss_25poll_stops_when_signalled
FN:362,_RNvNtNtNtNtCsbKirBNrICOS_8trybuild8internal3sys5flock5testss_33lock_can_be_reacquired_after_drop
FN:246,_RNvNtNtNtNtCsbKirBNrICOS_8trybuild8internal3sys5flock5testss_36create_waits_for_active_lock_release
FN:329,_RNvNtNtNtNtCsbKirBNrICOS_8trybuild8internal3sys5flock5testss_37lock_acquire_removes_lockfile_on_drop
FN:235,_RNvNtNtNtNtCsbKirBNrICOS_8trybuild8internal3sys5flock5testss_38create_declines_uncreatable_lock_paths
FN:280,_RNvNtNtNtNtCsbKirBNrICOS_8trybuild8internal3sys5flock5testss_39poll_refreshes_lockfile_until_signalled
FN:307,_RNvNtNtNtNtCsbKirBNrICOS_8trybuild8internal3sys5flock5testss_39poll_stops_when_timestamp_refresh_fails
FN:211,_RNvNtNtNtNtCsbKirBNrICOS_8trybuild8internal3sys5flock5testss_47create_acquires_free_stale_and_future_lockfiles
FN:341,_RNvNtNtNtNtCsbKirBNrICOS_8trybuild8internal3sys5flock5testss_52lock_acquire_falls_back_when_lockfile_is_unavailable
FN:251,_RNCNvNtNtNtNtCsbKirBNrICOS_8trybuild8internal3sys5flock5testss_36create_waits_for_active_lock_release0Bb_
FN:290,_RNCNvNtNtNtNtCsbKirBNrICOS_8trybuild8internal3sys5flock5testss_39poll_refreshes_lockfile_until_signalled0Bb_
FNDA:5,_RINvMNtNtNtCskRqwCqzCV5o_8trybuild8internal3sys5flockNtB3_4Lock7acquireNtNtCslA1p6lcXJtn_3std4path7PathBufEB9_
FNDA:5,_RINvMs_NtNtNtCskRqwCqzCV5o_8trybuild8internal3sys5flockNtB5_8FileLock7acquireNtNtCslA1p6lcXJtn_3std4path7PathBufEBb_
FNDA:5,_RNCINvMs_NtNtNtCskRqwCqzCV5o_8trybuild8internal3sys5flockNtB7_8FileLock7acquireNtNtCslA1p6lcXJtn_3std4path7PathBufE0Bd_
FNDA:0,_RNCNvNtNtNtCskRqwCqzCV5o_8trybuild8internal3sys5flock6create0B9_
FNDA:0,_RNCNvNtNtNtCskRqwCqzCV5o_8trybuild8internal3sys5flock6creates_0B9_
FNDA:5,_RNvNtNtNtCskRqwCqzCV5o_8trybuild8internal3sys5flock4poll
FNDA:5,_RNvNtNtNtCskRqwCqzCV5o_8trybuild8internal3sys5flock6create
FNDA:5,_RNvXs0_NtNtNtCskRqwCqzCV5o_8trybuild8internal3sys5flockNtB5_4LockNtNtNtCs8r2hDutfFpp_4core3ops4drop4Drop4drop
FNDA:10,_RNvXs1_NtNtNtCskRqwCqzCV5o_8trybuild8internal3sys5flockNtB5_8FileLockNtNtNtCs8r2hDutfFpp_4core3ops4drop4Drop4drop
FNDA:4,_RINvMNtNtNtCsbKirBNrICOS_8trybuild8internal3sys5flockNtB3_4Lock7acquireRNtNtCslA1p6lcXJtn_3std4path7PathBufEB9_
FNDA:4,_RINvMs_NtNtNtCsbKirBNrICOS_8trybuild8internal3sys5flockNtB5_8FileLock7acquireRNtNtCslA1p6lcXJtn_3std4path7PathBufEBb_
FNDA:3,_RNCINvMs_NtNtNtCsbKirBNrICOS_8trybuild8internal3sys5flockNtB7_8FileLock7acquireRNtNtCslA1p6lcXJtn_3std4path7PathBufE0Bd_
FNDA:3,_RNCNvNtNtNtCsbKirBNrICOS_8trybuild8internal3sys5flock6create0B9_
FNDA:3,_RNCNvNtNtNtCsbKirBNrICOS_8trybuild8internal3sys5flock6creates_0B9_
FNDA:6,_RNvNtNtNtCsbKirBNrICOS_8trybuild8internal3sys5flock4poll
FNDA:9,_RNvNtNtNtCsbKirBNrICOS_8trybuild8internal3sys5flock6create
FNDA:4,_RNvXs0_NtNtNtCsbKirBNrICOS_8trybuild8internal3sys5flockNtB5_4LockNtNtNtCs8r2hDutfFpp_4core3ops4drop4Drop4drop
FNDA:8,_RNvXs1_NtNtNtCsbKirBNrICOS_8trybuild8internal3sys5flockNtB5_8FileLockNtNtNtCs8r2hDutfFpp_4core3ops4drop4Drop4drop
FNDA:3,_RNvNtNtNtNtCsbKirBNrICOS_8trybuild8internal3sys5flock5tests12set_modified
FNDA:1,_RNvNtNtNtNtCsbKirBNrICOS_8trybuild8internal3sys5flock5testss_25poll_stops_when_signalled
FNDA:1,_RNvNtNtNtNtCsbKirBNrICOS_8trybuild8internal3sys5flock5testss_33lock_can_be_reacquired_after_drop
FNDA:1,_RNvNtNtNtNtCsbKirBNrICOS_8trybuild8internal3sys5flock5testss_36create_waits_for_active_lock_release
FNDA:1,_RNvNtNtNtNtCsbKirBNrICOS_8trybuild8internal3sys5flock5testss_37lock_acquire_removes_lockfile_on_drop
FNDA:1,_RNvNtNtNtNtCsbKirBNrICOS_8trybuild8internal3sys5flock5testss_38create_declines_uncreatable_lock_paths
FNDA:1,_RNvNtNtNtNtCsbKirBNrICOS_8trybuild8internal3sys5flock5testss_39poll_refreshes_lockfile_until_signalled
FNDA:1,_RNvNtNtNtNtCsbKirBNrICOS_8trybuild8internal3sys5flock5testss_39poll_stops_when_timestamp_refresh_fails
FNDA:1,_RNvNtNtNtNtCsbKirBNrICOS_8trybuild8internal3sys5flock5testss_47create_acquires_free_stale_and_future_lockfiles
FNDA:1,_RNvNtNtNtNtCsbKirBNrICOS_8trybuild8internal3sys5flock5testss_52lock_acquire_falls_back_when_lockfile_is_unavailable
FNDA:1,_RNCNvNtNtNtNtCsbKirBNrICOS_8trybuild8internal3sys5flock5testss_36create_waits_for_active_lock_release0Bb_
FNDA:1,_RNCNvNtNtNtNtCsbKirBNrICOS_8trybuild8internal3sys5flock5testss_39poll_refreshes_lockfile_until_signalled0Bb_
FNF:21
FNH:21
DA:63,9
DA:64,9
DA:66,9
DA:67,9
DA:69,9
DA:79,9
DA:80,9
DA:81,9
DA:82,1
DA:84,8
DA:85,8
DA:89,8
DA:90,8
DA:91,8
DA:92,8
DA:94,8
DA:95,8
DA:96,8
DA:97,8
DA:98,8
DA:99,9
DA:103,9
DA:105,9
DA:106,9
DA:110,18
DA:112,8
DA:113,8
DA:114,18
DA:115,8
DA:116,8
DA:117,8
DA:118,8
DA:119,10
DA:120,18
DA:131,14
DA:133,17
DA:135,12
DA:137,5
DA:139,2
DA:143,3
DA:144,3
DA:146,0
DA:147,0
DA:150,3
DA:151,0
DA:154,3
DA:155,3
DA:156,3
DA:157,3
DA:158,3
DA:159,3
DA:160,2
DA:161,2
DA:162,0
DA:163,0
DA:165,1
DA:168,1
DA:170,14
DA:178,11
DA:180,51
DA:181,51
DA:182,51
DA:183,11
DA:184,40
DA:186,11
DA:205,3
DA:206,3
DA:207,3
DA:208,3
DA:211,1
DA:212,1
DA:213,1
DA:214,1
DA:215,1
DA:217,1
DA:218,1
DA:219,1
DA:220,1
DA:221,1
DA:222,1
DA:223,1
DA:224,1
DA:226,1
DA:227,1
DA:228,1
DA:229,1
DA:230,1
DA:231,1
DA:232,1
DA:235,1
DA:236,1
DA:237,1
DA:239,1
DA:240,1
DA:243,1
DA:246,1
DA:247,1
DA:248,1
DA:249,1
DA:250,1
DA:251,1
DA:252,1
DA:253,1
DA:254,1
DA:255,1
DA:257,1
DA:258,1
DA:260,1
DA:261,1
DA:262,1
DA:263,1
DA:264,1
DA:265,1
DA:268,1
DA:269,1
DA:270,1
DA:271,1
DA:272,1
DA:274,1
DA:276,1
DA:277,1
DA:280,1
DA:281,1
DA:282,1
DA:283,1
DA:284,1
DA:285,1
DA:286,1
DA:287,1
DA:288,1
DA:289,1
DA:290,1
DA:292,1
DA:293,1
DA:294,1
DA:295,1
DA:296,1
DA:298,1
DA:299,1
DA:300,1
DA:301,1
DA:302,1
DA:303,1
DA:307,1
DA:308,1
DA:309,1
DA:310,1
DA:311,1
DA:313,1
DA:315,1
DA:316,1
DA:317,1
DA:321,0
DA:322,0
DA:326,1
DA:329,1
DA:330,1
DA:331,1
DA:333,1
DA:334,1
DA:337,1
DA:338,1
DA:341,1
DA:342,1
DA:343,1
DA:345,1
DA:346,1
DA:348,0
DA:349,1
DA:350,1
DA:352,0
DA:353,1
DA:355,1
DA:356,1
DA:359,1
DA:362,1
DA:363,1
DA:364,1
DA:365,1
DA:366,1
DA:367,1
DA:368,1
DA:369,1
DA:370,1
DA:372,1
DA:373,1
BRDA:81,0,0,8
BRDA:81,0,1,1
BRDA:111,0,0,8
BRDA:111,0,1,10
BRDA:137,0,0,3
BRDA:137,0,1,2
BRDA:146,0,0,-
BRDA:146,0,1,-
BRDA:150,0,0,3
BRDA:150,0,1,0
BRDA:159,0,0,1
BRDA:159,0,1,2
BRDA:159,1,2,1
BRDA:159,1,3,1
BRDA:162,0,0,-
BRDA:162,0,1,-
BRDA:182,0,0,5
BRDA:182,0,1,46
BRDA:182,1,2,6
BRDA:182,1,3,40
BRDA:315,0,0,1
BRDA:315,0,1,0
BRF:22
BRH:16
LF:190
LH:181
end_of_record