SF:/home/openai/strict-rs/strict-trybuild/src/internal/build/cargo.rs
FN:196,_RNCNvNtNtNtCs2XM7MrsPp7J_8trybuild8internal5build5cargo18build_dependencies0B9_
FN:338,_RNCNvNtNtNtCs2XM7MrsPp7J_8trybuild8internal5build5cargo8features0B9_
FN:327,_RNCNvNtNtNtCs2XM7MrsPp7J_8trybuild8internal5build5cargo8metadata0B9_
FN:61,_RNCNvNtNtNtCs2XM7MrsPp7J_8trybuild8internal5build5cargo9raw_cargo0B9_
FN:225,_RNvNtNtNtCs2XM7MrsPp7J_8trybuild8internal5build5cargo10build_test
FN:111,_RNvNtNtNtCs2XM7MrsPp7J_8trybuild8internal5build5cargo12manifest_dir
FN:300,_RNvNtNtNtCs2XM7MrsPp7J_8trybuild8internal5build5cargo13run_via_cargo
FN:249,_RNvNtNtNtCs2XM7MrsPp7J_8trybuild8internal5build5cargo15build_all_tests
FN:99,_RNvNtNtNtCs2XM7MrsPp7J_8trybuild8internal5build5cargo16cargo_target_dir
FN:133,_RNvNtNtNtCs2XM7MrsPp7J_8trybuild8internal5build5cargo17find_manifest_dir
FN:121,_RNvNtNtNtCs2XM7MrsPp7J_8trybuild8internal5build5cargo17manifest_dir_from
FN:153,_RNvNtNtNtCs2XM7MrsPp7J_8trybuild8internal5build5cargo18build_dependencies
FN:75,_RNvNtNtNtCs2XM7MrsPp7J_8trybuild8internal5build5cargo20cargo_with_rustflags
FN:284,_RNvNtNtNtCs2XM7MrsPp7J_8trybuild8internal5build5cargo20run_built_executable
FN:66,_RNvNtNtNtCs2XM7MrsPp7J_8trybuild8internal5build5cargo5cargo
FN:347,_RNvNtNtNtCs2XM7MrsPp7J_8trybuild8internal5build5cargo6target
FN:337,_RNvNtNtNtCs2XM7MrsPp7J_8trybuild8internal5build5cargo8features
FN:319,_RNvNtNtNtCs2XM7MrsPp7J_8trybuild8internal5build5cargo8metadata
FN:272,_RNvNtNtNtCs2XM7MrsPp7J_8trybuild8internal5build5cargo8run_test
FN:60,_RNvNtNtNtCs2XM7MrsPp7J_8trybuild8internal5build5cargo9raw_cargo
FN:327,_RNCNvNtNtNtCsklyg55wmirV_8trybuild8internal5build5cargo8metadata0B9_
FN:111,_RNvNtNtNtCsklyg55wmirV_8trybuild8internal5build5cargo12manifest_dir
FN:319,_RNvNtNtNtCsklyg55wmirV_8trybuild8internal5build5cargo8metadata
FN:428,_RNvNtNtNtNtCsklyg55wmirV_8trybuild8internal5build5cargo5tests13write_project
FN:393,_RNvNtNtNtNtCsklyg55wmirV_8trybuild8internal5build5cargo5tests7project
FN:607,_RNvNtNtNtNtCsklyg55wmirV_8trybuild8internal5build5cargo5testss_42run_test_prefers_reported_executable_paths
FN:501,_RNvNtNtNtNtCsklyg55wmirV_8trybuild8internal5build5cargo5testss_48find_manifest_dir_errors_when_no_manifest_exists
FN:456,_RNvNtNtNtNtCsklyg55wmirV_8trybuild8internal5build5cargo5testss_49manifest_dir_from_uses_the_env_value_when_present
FN:538,_RNvNtNtNtNtCsklyg55wmirV_8trybuild8internal5build5cargo5testss_50build_dependencies_reports_dependency_build_errors
FN:480,_RNvNtNtNtNtCsklyg55wmirV_8trybuild8internal5build5cargo5testss_50find_manifest_dir_walks_up_to_the_nearest_manifest
FN:585,_RNvNtNtNtNtCsklyg55wmirV_8trybuild8internal5build5cargo5testss_56build_entrypoints_capture_single_and_batched_json_output
FN:565,_RNvNtNtNtNtCsklyg55wmirV_8trybuild8internal5build5cargo5testss_58run_test_falls_back_to_cargo_run_when_executable_is_absent
FN:470,_RNvNtNtNtNtCsklyg55wmirV_8trybuild8internal5build5cargo5testss_59manifest_dir_from_walks_from_current_dir_when_env_is_absent
FN:517,_RNvNtNtNtNtCsklyg55wmirV_8trybuild8internal5build5cargo5testss_60build_dependencies_generates_lockfile_and_records_keep_going
FN:550,_RNvNtNtNtNtCsklyg55wmirV_8trybuild8internal5build5cargo5testss_64build_dependencies_ignores_non_missing_workspace_lockfile_errors
FN:225,_RNvNtNtNtCsklyg55wmirV_8trybuild8internal5build5cargo10build_test
FN:300,_RNvNtNtNtCsklyg55wmirV_8trybuild8internal5build5cargo13run_via_cargo
FN:249,_RNvNtNtNtCsklyg55wmirV_8trybuild8internal5build5cargo15build_all_tests
FN:99,_RNvNtNtNtCsklyg55wmirV_8trybuild8internal5build5cargo16cargo_target_dir
FN:133,_RNvNtNtNtCsklyg55wmirV_8trybuild8internal5build5cargo17find_manifest_dir
FN:121,_RNvNtNtNtCsklyg55wmirV_8trybuild8internal5build5cargo17manifest_dir_from
FN:153,_RNvNtNtNtCsklyg55wmirV_8trybuild8internal5build5cargo18build_dependencies
FN:75,_RNvNtNtNtCsklyg55wmirV_8trybuild8internal5build5cargo20cargo_with_rustflags
FN:284,_RNvNtNtNtCsklyg55wmirV_8trybuild8internal5build5cargo20run_built_executable
FN:66,_RNvNtNtNtCsklyg55wmirV_8trybuild8internal5build5cargo5cargo
FN:347,_RNvNtNtNtCsklyg55wmirV_8trybuild8internal5build5cargo6target
FN:337,_RNvNtNtNtCsklyg55wmirV_8trybuild8internal5build5cargo8features
FN:272,_RNvNtNtNtCsklyg55wmirV_8trybuild8internal5build5cargo8run_test
FN:60,_RNvNtNtNtCsklyg55wmirV_8trybuild8internal5build5cargo9raw_cargo
FN:196,_RNCNvNtNtNtCsklyg55wmirV_8trybuild8internal5build5cargo18build_dependencies0B9_
FN:338,_RNCNvNtNtNtCsklyg55wmirV_8trybuild8internal5build5cargo8features0B9_
FN:61,_RNCNvNtNtNtCsklyg55wmirV_8trybuild8internal5build5cargo9raw_cargo0B9_
FNDA:4,_RNCNvNtNtNtCs2XM7MrsPp7J_8trybuild8internal5build5cargo18build_dependencies0B9_
FNDA:32,_RNCNvNtNtNtCs2XM7MrsPp7J_8trybuild8internal5build5cargo8features0B9_
FNDA:1,_RNCNvNtNtNtCs2XM7MrsPp7J_8trybuild8internal5build5cargo8metadata0B9_
FNDA:0,_RNCNvNtNtNtCs2XM7MrsPp7J_8trybuild8internal5build5cargo9raw_cargo0B9_
FNDA:26,_RNvNtNtNtCs2XM7MrsPp7J_8trybuild8internal5build5cargo10build_test
FNDA:5,_RNvNtNtNtCs2XM7MrsPp7J_8trybuild8internal5build5cargo12manifest_dir
FNDA:0,_RNvNtNtNtCs2XM7MrsPp7J_8trybuild8internal5build5cargo13run_via_cargo
FNDA:1,_RNvNtNtNtCs2XM7MrsPp7J_8trybuild8internal5build5cargo15build_all_tests
FNDA:54,_RNvNtNtNtCs2XM7MrsPp7J_8trybuild8internal5build5cargo16cargo_target_dir
FNDA:0,_RNvNtNtNtCs2XM7MrsPp7J_8trybuild8internal5build5cargo17find_manifest_dir
FNDA:5,_RNvNtNtNtCs2XM7MrsPp7J_8trybuild8internal5build5cargo17manifest_dir_from
FNDA:5,_RNvNtNtNtCs2XM7MrsPp7J_8trybuild8internal5build5cargo18build_dependencies
FNDA:38,_RNvNtNtNtCs2XM7MrsPp7J_8trybuild8internal5build5cargo20cargo_with_rustflags
FNDA:16,_RNvNtNtNtCs2XM7MrsPp7J_8trybuild8internal5build5cargo20run_built_executable
FNDA:11,_RNvNtNtNtCs2XM7MrsPp7J_8trybuild8internal5build5cargo5cargo
FNDA:32,_RNvNtNtNtCs2XM7MrsPp7J_8trybuild8internal5build5cargo6target
FNDA:32,_RNvNtNtNtCs2XM7MrsPp7J_8trybuild8internal5build5cargo8features
FNDA:6,_RNvNtNtNtCs2XM7MrsPp7J_8trybuild8internal5build5cargo8metadata
FNDA:16,_RNvNtNtNtCs2XM7MrsPp7J_8trybuild8internal5build5cargo8run_test
FNDA:44,_RNvNtNtNtCs2XM7MrsPp7J_8trybuild8internal5build5cargo9raw_cargo
FNDA:0,_RNCNvNtNtNtCsklyg55wmirV_8trybuild8internal5build5cargo8metadata0B9_
FNDA:0,_RNvNtNtNtCsklyg55wmirV_8trybuild8internal5build5cargo12manifest_dir
FNDA:0,_RNvNtNtNtCsklyg55wmirV_8trybuild8internal5build5cargo8metadata
FNDA:5,_RNvNtNtNtNtCsklyg55wmirV_8trybuild8internal5build5cargo5tests13write_project
FNDA:7,_RNvNtNtNtNtCsklyg55wmirV_8trybuild8internal5build5cargo5tests7project
FNDA:1,_RNvNtNtNtNtCsklyg55wmirV_8trybuild8internal5build5cargo5testss_42run_test_prefers_reported_executable_paths
FNDA:1,_RNvNtNtNtNtCsklyg55wmirV_8trybuild8internal5build5cargo5testss_48find_manifest_dir_errors_when_no_manifest_exists
FNDA:1,_RNvNtNtNtNtCsklyg55wmirV_8trybuild8internal5build5cargo5testss_49manifest_dir_from_uses_the_env_value_when_present
FNDA:1,_RNvNtNtNtNtCsklyg55wmirV_8trybuild8internal5build5cargo5testss_50build_dependencies_reports_dependency_build_errors
FNDA:1,_RNvNtNtNtNtCsklyg55wmirV_8trybuild8internal5build5cargo5testss_50find_manifest_dir_walks_up_to_the_nearest_manifest
FNDA:1,_RNvNtNtNtNtCsklyg55wmirV_8trybuild8internal5build5cargo5testss_56build_entrypoints_capture_single_and_batched_json_output
FNDA:1,_RNvNtNtNtNtCsklyg55wmirV_8trybuild8internal5build5cargo5testss_58run_test_falls_back_to_cargo_run_when_executable_is_absent
FNDA:1,_RNvNtNtNtNtCsklyg55wmirV_8trybuild8internal5build5cargo5testss_59manifest_dir_from_walks_from_current_dir_when_env_is_absent
FNDA:1,_RNvNtNtNtNtCsklyg55wmirV_8trybuild8internal5build5cargo5testss_60build_dependencies_generates_lockfile_and_records_keep_going
FNDA:1,_RNvNtNtNtNtCsklyg55wmirV_8trybuild8internal5build5cargo5testss_64build_dependencies_ignores_non_missing_workspace_lockfile_errors
FNDA:1,_RNvNtNtNtCsklyg55wmirV_8trybuild8internal5build5cargo10build_test
FNDA:1,_RNvNtNtNtCsklyg55wmirV_8trybuild8internal5build5cargo13run_via_cargo
FNDA:2,_RNvNtNtNtCsklyg55wmirV_8trybuild8internal5build5cargo15build_all_tests
FNDA:12,_RNvNtNtNtCsklyg55wmirV_8trybuild8internal5build5cargo16cargo_target_dir
FNDA:3,_RNvNtNtNtCsklyg55wmirV_8trybuild8internal5build5cargo17find_manifest_dir
FNDA:2,_RNvNtNtNtCsklyg55wmirV_8trybuild8internal5build5cargo17manifest_dir_from
FNDA:3,_RNvNtNtNtCsklyg55wmirV_8trybuild8internal5build5cargo18build_dependencies
FNDA:11,_RNvNtNtNtCsklyg55wmirV_8trybuild8internal5build5cargo20cargo_with_rustflags
FNDA:1,_RNvNtNtNtCsklyg55wmirV_8trybuild8internal5build5cargo20run_built_executable
FNDA:8,_RNvNtNtNtCsklyg55wmirV_8trybuild8internal5build5cargo5cargo
FNDA:7,_RNvNtNtNtCsklyg55wmirV_8trybuild8internal5build5cargo6target
FNDA:7,_RNvNtNtNtCsklyg55wmirV_8trybuild8internal5build5cargo8features
FNDA:2,_RNvNtNtNtCsklyg55wmirV_8trybuild8internal5build5cargo8run_test
FNDA:11,_RNvNtNtNtCsklyg55wmirV_8trybuild8internal5build5cargo9raw_cargo
FNDA:2,_RNCNvNtNtNtCsklyg55wmirV_8trybuild8internal5build5cargo18build_dependencies0B9_
FNDA:1,_RNCNvNtNtNtCsklyg55wmirV_8trybuild8internal5build5cargo8features0B9_
FNDA:0,_RNCNvNtNtNtCsklyg55wmirV_8trybuild8internal5build5cargo9raw_cargo0B9_
FNF:32
FNH:31
DA:60,55
DA:61,55
DA:62,55
DA:66,19
DA:67,19
DA:68,19
DA:75,49
DA:76,49
DA:77,49
DA:81,49
DA:82,49
DA:83,49
DA:84,49
DA:85,49
DA:86,49
DA:87,49
DA:88,49
DA:89,49
DA:90,49
DA:99,66
DA:100,66
DA:101,66
DA:111,5
DA:112,5
DA:113,5
DA:121,7
DA:122,7
DA:123,6
DA:124,1
DA:125,1
DA:126,7
DA:133,3
DA:135,7
DA:136,2
DA:137,5
DA:138,5
DA:140,3
DA:153,8
DA:155,8
DA:156,3
DA:157,3
DA:158,3
DA:159,3
DA:160,3
DA:161,3
DA:162,3
DA:164,5
DA:165,5
DA:166,4
DA:167,4
DA:168,4
DA:169,4
DA:173,8
DA:174,8
DA:175,8
DA:176,8
DA:177,8
DA:178,8
DA:179,8
DA:183,8
DA:184,8
DA:185,2
DA:186,2
DA:187,2
DA:188,6
DA:191,6
DA:192,6
DA:193,6
DA:194,6
DA:195,6
DA:196,6
DA:197,6
DA:198,6
DA:200,0
DA:205,6
DA:206,6
DA:207,6
DA:208,6
DA:209,6
DA:210,6
DA:211,6
DA:212,6
DA:214,6
DA:215,8
DA:225,27
DA:226,27
DA:227,27
DA:228,27
DA:229,27
DA:230,27
DA:231,27
DA:232,27
DA:233,27
DA:234,27
DA:235,27
DA:236,27
DA:237,27
DA:249,3
DA:250,3
DA:251,3
DA:252,3
DA:253,3
DA:254,3
DA:255,3
DA:256,3
DA:257,3
DA:258,3
DA:259,3
DA:260,3
DA:261,3
DA:272,18
DA:273,18
DA:274,17
DA:275,1
DA:276,1
DA:277,18
DA:284,17
DA:285,17
DA:286,17
DA:287,17
DA:288,17
DA:289,17
DA:290,17
DA:291,17
DA:292,17
DA:300,1
DA:301,1
DA:302,1
DA:303,1
DA:304,1
DA:305,1
DA:306,1
DA:307,1
DA:308,1
DA:309,1
DA:310,1
DA:311,1
DA:319,6
DA:320,6
DA:321,6
DA:322,6
DA:323,6
DA:324,6
DA:325,6
DA:327,6
DA:328,1
DA:329,1
DA:330,1
DA:331,1
DA:332,1
DA:333,6
DA:337,39
DA:338,39
DA:339,33
DA:340,33
DA:341,39
DA:347,39
DA:361,39
DA:362,0
DA:364,39
DA:366,39
DA:393,7
DA:394,7
DA:395,7
DA:396,7
DA:397,7
DA:398,7
DA:399,7
DA:400,7
DA:401,7
DA:402,7
DA:403,7
DA:404,7
DA:405,7
DA:406,7
DA:407,7
DA:408,7
DA:409,7
DA:410,7
DA:411,7
DA:412,7
DA:413,7
DA:414,7
DA:415,7
DA:416,7
DA:417,7
DA:418,7
DA:419,7
DA:420,7
DA:421,7
DA:422,7
DA:423,7
DA:424,7
DA:425,7
DA:426,7
DA:428,5
DA:429,5
DA:430,5
DA:431,5
DA:432,5
DA:433,5
DA:434,5
DA:451,0
DA:452,5
DA:453,5
DA:456,1
DA:457,1
DA:458,1
DA:459,1
DA:461,0
DA:463,1
DA:464,1
DA:467,1
DA:470,1
DA:471,1
DA:472,1
DA:474,0
DA:476,1
DA:477,1
DA:480,1
DA:481,1
DA:482,1
DA:483,1
DA:484,1
DA:485,1
DA:487,0
DA:489,1
DA:490,1
DA:492,0
DA:494,1
DA:495,1
DA:498,1
DA:501,1
DA:502,1
DA:504,1
DA:505,1
DA:506,1
DA:507,1
DA:508,1
DA:509,1
DA:510,1
DA:511,1
DA:512,1
DA:513,1
DA:514,1
DA:517,1
DA:518,1
DA:519,1
DA:520,1
DA:522,1
DA:524,1
DA:525,1
DA:526,1
DA:527,1
DA:528,1
DA:529,1
DA:530,1
DA:531,1
DA:532,1
DA:533,1
DA:534,1
DA:535,1
DA:538,1
DA:539,1
DA:540,1
DA:541,1
DA:543,1
DA:544,1
DA:547,1
DA:550,1
DA:551,1
DA:552,1
DA:553,1
DA:554,1
DA:555,1
DA:556,1
DA:558,1
DA:559,1
DA:562,1
DA:565,1
DA:566,1
DA:567,1
DA:568,1
DA:570,1
DA:571,1
DA:573,0
DA:575,1
DA:576,1
DA:577,1
DA:578,1
DA:579,1
DA:580,1
DA:581,1
DA:582,1
DA:585,1
DA:586,1
DA:587,1
DA:588,1
DA:589,1
DA:591,1
DA:592,1
DA:594,0
DA:595,1
DA:596,1
DA:598,1
DA:599,1
DA:600,1
DA:601,1
DA:602,1
DA:603,1
DA:607,1
DA:608,1
DA:609,1
DA:610,1
DA:611,1
DA:612,1
DA:613,1
DA:615,0
DA:616,1
DA:617,1
DA:618,1
DA:619,1
DA:621,0
DA:623,1
DA:624,1
DA:626,0
DA:628,1
DA:629,1
DA:630,1
DA:631,1
DA:632,1
DA:633,1
DA:634,1
DA:635,1
BRDA:122,0,0,6
BRDA:122,0,1,1
BRDA:135,0,0,2
BRDA:135,0,1,5
BRDA:157,0,0,3
BRDA:157,0,1,0
BRDA:165,0,0,4
BRDA:165,0,1,1
BRDA:175,0,0,4
BRDA:175,0,1,4
BRDA:184,0,0,2
BRDA:184,0,1,6
BRDA:197,0,0,6
BRDA:197,0,1,0
BRDA:227,0,0,26
BRDA:227,0,1,1
BRDA:251,0,0,1
BRDA:251,0,1,2
BRDA:273,0,0,17
BRDA:273,0,1,1
BRF:20
BRH:16
LF:338
LH:325
end_of_record
SF:/home/openai/strict-rs/strict-trybuild/src/internal/build/json.rs
FN:104,_RNvNtNtNtCs2XM7MrsPp7J_8trybuild8internal5build4json16parse_cargo_json
FN:159,_RNvNtNtNtCs2XM7MrsPp7J_8trybuild8internal5build4json17record_diagnostic
FN:198,_RNvNtNtNtCs2XM7MrsPp7J_8trybuild8internal5build4json17record_executable
FN:88,_RNvXNtNtNtCs2XM7MrsPp7J_8trybuild8internal5build4jsonNtB2_6StderrNtNtCs1ebytKxJxD4_4core7default7Default7default
FN:122,_RNCNvNtNtNtCs2XM7MrsPp7J_8trybuild8internal5build4json16parse_cargo_json0B9_
FN:122,_RNCNvNtNtNtCsklyg55wmirV_8trybuild8internal5build4json16parse_cargo_json0B9_
FN:291,_RNCNvNtNtNtNtCsklyg55wmirV_8trybuild8internal5build4json5tests17compiler_artifact0Bb_
FN:350,_RNCNvNtNtNtNtCsklyg55wmirV_8trybuild8internal5build4json5testss_58parse_cargo_json_discards_unrelated_messages_and_artifacts0Bb_
FN:303,_RNCNvNtNtNtNtCsklyg55wmirV_8trybuild8internal5build4json5testss_61parse_cargo_json_records_matching_diagnostics_and_executables0Bb_
FN:278,_RNvNtNtNtNtCsklyg55wmirV_8trybuild8internal5build4json5tests16compiler_message
FN:288,_RNvNtNtNtNtCsklyg55wmirV_8trybuild8internal5build4json5tests17compiler_artifact
FN:240,_RNvNtNtNtNtCsklyg55wmirV_8trybuild8internal5build4json5tests7project
FN:272,_RNvNtNtNtNtCsklyg55wmirV_8trybuild8internal5build4json5tests8path_map
FN:344,_RNvNtNtNtNtCsklyg55wmirV_8trybuild8internal5build4json5testss_58parse_cargo_json_discards_unrelated_messages_and_artifacts
FN:298,_RNvNtNtNtNtCsklyg55wmirV_8trybuild8internal5build4json5testss_61parse_cargo_json_records_matching_diagnostics_and_executables
FN:104,_RNvNtNtNtCsklyg55wmirV_8trybuild8internal5build4json16parse_cargo_json
FN:159,_RNvNtNtNtCsklyg55wmirV_8trybuild8internal5build4json17record_diagnostic
FN:198,_RNvNtNtNtCsklyg55wmirV_8trybuild8internal5build4json17record_executable
FN:88,_RNvXNtNtNtCsklyg55wmirV_8trybuild8internal5build4jsonNtB2_6StderrNtNtCs1ebytKxJxD4_4core7default7Default7default
FNDA:27,_RNvNtNtNtCs2XM7MrsPp7J_8trybuild8internal5build4json16parse_cargo_json
FNDA:13,_RNvNtNtNtCs2XM7MrsPp7J_8trybuild8internal5build4json17record_diagnostic
FNDA:1398,_RNvNtNtNtCs2XM7MrsPp7J_8trybuild8internal5build4json17record_executable
FNDA:37,_RNvXNtNtNtCs2XM7MrsPp7J_8trybuild8internal5build4jsonNtB2_6StderrNtNtCs1ebytKxJxD4_4core7default7Default7default
FNDA:1750,_RNCNvNtNtNtCs2XM7MrsPp7J_8trybuild8internal5build4json16parse_cargo_json0B9_
FNDA:11,_RNCNvNtNtNtCsklyg55wmirV_8trybuild8internal5build4json16parse_cargo_json0B9_
FNDA:3,_RNCNvNtNtNtNtCsklyg55wmirV_8trybuild8internal5build4json5tests17compiler_artifact0Bb_
FNDA:0,_RNCNvNtNtNtNtCsklyg55wmirV_8trybuild8internal5build4json5testss_58parse_cargo_json_discards_unrelated_messages_and_artifacts0Bb_
FNDA:0,_RNCNvNtNtNtNtCsklyg55wmirV_8trybuild8internal5build4json5testss_61parse_cargo_json_records_matching_diagnostics_and_executables0Bb_
FNDA:5,_RNvNtNtNtNtCsklyg55wmirV_8trybuild8internal5build4json5tests16compiler_message
FNDA:4,_RNvNtNtNtNtCsklyg55wmirV_8trybuild8internal5build4json5tests17compiler_artifact
FNDA:2,_RNvNtNtNtNtCsklyg55wmirV_8trybuild8internal5build4json5tests7project
FNDA:2,_RNvNtNtNtNtCsklyg55wmirV_8trybuild8internal5build4json5tests8path_map
FNDA:1,_RNvNtNtNtNtCsklyg55wmirV_8trybuild8internal5build4json5testss_58parse_cargo_json_discards_unrelated_messages_and_artifacts
FNDA:1,_RNvNtNtNtNtCsklyg55wmirV_8trybuild8internal5build4json5testss_61parse_cargo_json_records_matching_diagnostics_and_executables
FNDA:2,_RNvNtNtNtCsklyg55wmirV_8trybuild8internal5build4json16parse_cargo_json
FNDA:5,_RNvNtNtNtCsklyg55wmirV_8trybuild8internal5build4json17record_diagnostic
FNDA:4,_RNvNtNtNtCsklyg55wmirV_8trybuild8internal5build4json17record_executable
FNDA:1,_RNvXNtNtNtCsklyg55wmirV_8trybuild8internal5build4jsonNtB2_6StderrNtNtCs1ebytKxJxD4_4core7default7Default7default
FNF:14
FNH:12
DA:88,38
DA:89,38
DA:90,38
DA:91,38
DA:92,38
DA:93,38
DA:104,29
DA:105,29
DA:106,29
DA:107,29
DA:108,29
DA:109,29
DA:110,29
DA:111,29
DA:112,29
DA:113,29
DA:114,1790
DA:115,1762
DA:116,1
DA:118,1761
DA:119,0
DA:121,1761
DA:122,1761
DA:123,1761
DA:124,0
DA:126,1761
DA:127,1761
DA:132,1
DA:133,1760
DA:134,1760
DA:135,1420
DA:136,18
DA:137,18
DA:138,18
DA:139,1402
DA:140,1402
DA:141,1402
DA:143,340
DA:145,29
DA:146,29
DA:147,29
DA:148,29
DA:149,29
DA:150,29
DA:151,29
DA:159,18
DA:160,18
DA:161,18
DA:162,18
DA:163,18
DA:164,18
DA:165,18
DA:166,4
DA:167,14
DA:169,14
DA:170,14
DA:171,1
DA:173,13
DA:174,1
DA:175,12
DA:177,12
DA:178,12
DA:179,11
DA:180,11
DA:181,12
DA:182,12
DA:183,12
DA:184,12
DA:185,12
DA:186,12
DA:187,12
DA:188,12
DA:189,12
DA:190,18
DA:198,1402
DA:199,1402
DA:200,1402
DA:201,1402
DA:202,1402
DA:203,1402
DA:204,1381
DA:206,21
DA:207,21
DA:208,1
DA:210,20
DA:211,1
DA:212,19
DA:213,19
DA:214,1402
DA:240,2
DA:241,2
DA:242,2
DA:243,2
DA:244,2
DA:245,2
DA:246,2
DA:247,2
DA:248,2
DA:249,2
DA:250,2
DA:251,2
DA:252,2
DA:253,2
DA:254,2
DA:255,2
DA:256,2
DA:257,2
DA:258,2
DA:259,2
DA:260,2
DA:261,2
DA:262,2
DA:263,2
DA:264,2
DA:265,2
DA:266,2
DA:267,2
DA:268,2
DA:269,2
DA:270,2
DA:272,2
DA:273,2
DA:274,2
DA:275,2
DA:276,2
DA:278,5
DA:279,5
DA:280,5
DA:281,5
DA:282,5
DA:283,5
DA:286,5
DA:288,4
DA:289,4
DA:290,4
DA:291,4
DA:292,3
DA:293,3
DA:294,4
DA:295,4
DA:298,1
DA:299,1
DA:300,1
DA:301,1
DA:302,1
DA:303,1
DA:305,0
DA:306,1
DA:307,1
DA:308,1
DA:309,1
DA:310,1
DA:311,1
DA:312,1
DA:313,1
DA:314,1
DA:315,1
DA:316,1
DA:318,1
DA:319,1
DA:320,1
DA:322,0
DA:323,1
DA:324,1
DA:326,0
DA:328,1
DA:329,1
DA:330,1
DA:331,1
DA:332,1
DA:333,1
DA:334,1
DA:335,1
DA:336,1
DA:337,1
DA:338,1
DA:339,1
DA:340,1
DA:341,1
DA:344,1
DA:345,1
DA:346,1
DA:347,1
DA:348,1
DA:349,1
DA:350,1
DA:352,0
DA:353,1
DA:354,1
DA:355,1
DA:356,1
DA:357,1
DA:358,1
DA:359,1
DA:360,1
DA:361,1
DA:362,1
DA:363,1
DA:364,1
DA:365,1
DA:366,1
DA:367,1
DA:371,1
DA:373,1
DA:374,1
DA:375,1
DA:376,1
DA:377,1
DA:378,1
BRDA:114,0,0,1762
BRDA:114,0,1,28
BRDA:115,0,0,1761
BRDA:115,0,1,1
BRDA:118,0,0,1761
BRDA:118,0,1,0
BRDA:123,0,0,1761
BRDA:123,0,1,0
BRDA:127,0,0,1
BRDA:127,0,1,1760
BRDA:134,0,0,1420
BRDA:134,0,1,340
BRDA:165,0,0,4
BRDA:165,0,1,14
BRDA:170,0,0,13
BRDA:170,0,1,1
BRDA:173,0,0,1
BRDA:173,0,1,12
BRDA:178,0,0,11
BRDA:178,0,1,1
BRDA:203,0,0,21
BRDA:203,0,1,1381
BRDA:207,0,0,20
BRDA:207,0,1,1
BRDA:210,0,0,1
BRDA:210,0,1,19
BRF:26
BRH:24
LF:213
LH:205
end_of_record
SF:/home/openai/strict-rs/strict-trybuild/src/internal/cases.rs
FN:42,_RINvMNtNtCs2XM7MrsPp7J_8trybuild8internal5casesNtB3_9TestCases4passReECshnh9kILglBr_15foreign_project
FN:33,_RNvMNtNtCs2XM7MrsPp7J_8trybuild8internal5casesNtB2_9TestCases3new
FN:59,_RNvMNtNtCs2XM7MrsPp7J_8trybuild8internal5casesNtB2_9TestCases3run
FN:80,_RNvMNtNtCs2XM7MrsPp7J_8trybuild8internal5casesNtB2_9TestCases4push
FN:75,_RNvMNtNtCs2XM7MrsPp7J_8trybuild8internal5casesNtB2_9TestCases7try_run
FN:95,_RNvXs0_NtNtCs2XM7MrsPp7J_8trybuild8internal5casesNtB5_9TestCasesNtNtCs1ebytKxJxD4_4core3fmt5Debug3fmt
FN:89,_RNvXs_NtNtCs2XM7MrsPp7J_8trybuild8internal5casesNtB4_9TestCasesNtNtCs1ebytKxJxD4_4core7default7Default7default
FN:49,_RINvMNtNtCs2XM7MrsPp7J_8trybuild8internal5casesNtB3_9TestCases12compile_failRNtNtCs1UD7cE40jqC_3std4path7PathBufECsfDCVqjryn1f_9overwrite
FN:42,_RINvMNtNtCs2XM7MrsPp7J_8trybuild8internal5casesNtB3_9TestCases4passReECshaB4FB47yh1_10run_report
FN:49,_RINvMNtNtCs2XM7MrsPp7J_8trybuild8internal5casesNtB3_9TestCases12compile_failReECs8Wt52zgpWc2_4test
FN:42,_RINvMNtNtCs2XM7MrsPp7J_8trybuild8internal5casesNtB3_9TestCases4passReECs8Wt52zgpWc2_4test
FN:49,_RINvMNtNtCs2XM7MrsPp7J_8trybuild8internal5casesNtB3_9TestCases12compile_failReECs1leDaDQ5iu7_7try_run
FN:42,_RINvMNtNtCs2XM7MrsPp7J_8trybuild8internal5casesNtB3_9TestCases4passReECs1leDaDQ5iu7_7try_run
FN:59,_RNvMNtNtCsklyg55wmirV_8trybuild8internal5casesNtB2_9TestCases3run
FN:75,_RNvMNtNtCsklyg55wmirV_8trybuild8internal5casesNtB2_9TestCases7try_run
FN:140,_RNvNtNtNtCsklyg55wmirV_8trybuild8internal5cases5testss_33debug_output_stays_non_exhaustive
FN:111,_RNvNtNtNtCsklyg55wmirV_8trybuild8internal5cases5testss_52default_matches_new_and_registrations_preserve_order
FN:49,_RINvMNtNtCsklyg55wmirV_8trybuild8internal5casesNtB3_9TestCases12compile_failReEB7_
FN:42,_RINvMNtNtCsklyg55wmirV_8trybuild8internal5casesNtB3_9TestCases4passReEB7_
FN:33,_RNvMNtNtCsklyg55wmirV_8trybuild8internal5casesNtB2_9TestCases3new
FN:80,_RNvMNtNtCsklyg55wmirV_8trybuild8internal5casesNtB2_9TestCases4push
FN:95,_RNvXs0_NtNtCsklyg55wmirV_8trybuild8internal5casesNtB5_9TestCasesNtNtCs1ebytKxJxD4_4core3fmt5Debug3fmt
FN:89,_RNvXs_NtNtCsklyg55wmirV_8trybuild8internal5casesNtB4_9TestCasesNtNtCs1ebytKxJxD4_4core7default7Default7default
FNDA:2,_RINvMNtNtCs2XM7MrsPp7J_8trybuild8internal5casesNtB3_9TestCases4passReECshnh9kILglBr_15foreign_project
FNDA:9,_RNvMNtNtCs2XM7MrsPp7J_8trybuild8internal5casesNtB2_9TestCases3new
FNDA:4,_RNvMNtNtCs2XM7MrsPp7J_8trybuild8internal5casesNtB2_9TestCases3run
FNDA:31,_RNvMNtNtCs2XM7MrsPp7J_8trybuild8internal5casesNtB2_9TestCases4push
FNDA:5,_RNvMNtNtCs2XM7MrsPp7J_8trybuild8internal5casesNtB2_9TestCases7try_run
FNDA:0,_RNvXs0_NtNtCs2XM7MrsPp7J_8trybuild8internal5casesNtB5_9TestCasesNtNtCs1ebytKxJxD4_4core3fmt5Debug3fmt
FNDA:0,_RNvXs_NtNtCs2XM7MrsPp7J_8trybuild8internal5casesNtB4_9TestCasesNtNtCs1ebytKxJxD4_4core7default7Default7default
FNDA:3,_RINvMNtNtCs2XM7MrsPp7J_8trybuild8internal5casesNtB3_9TestCases12compile_failRNtNtCs1UD7cE40jqC_3std4path7PathBufECsfDCVqjryn1f_9overwrite
FNDA:1,_RINvMNtNtCs2XM7MrsPp7J_8trybuild8internal5casesNtB3_9TestCases4passReECshaB4FB47yh1_10run_report
FNDA:4,_RINvMNtNtCs2XM7MrsPp7J_8trybuild8internal5casesNtB3_9TestCases12compile_failReECs8Wt52zgpWc2_4test
FNDA:14,_RINvMNtNtCs2XM7MrsPp7J_8trybuild8internal5casesNtB3_9TestCases4passReECs8Wt52zgpWc2_4test
FNDA:4,_RINvMNtNtCs2XM7MrsPp7J_8trybuild8internal5casesNtB3_9TestCases12compile_failReECs1leDaDQ5iu7_7try_run
FNDA:3,_RINvMNtNtCs2XM7MrsPp7J_8trybuild8internal5casesNtB3_9TestCases4passReECs1leDaDQ5iu7_7try_run
FNDA:0,_RNvMNtNtCsklyg55wmirV_8trybuild8internal5casesNtB2_9TestCases3run
FNDA:0,_RNvMNtNtCsklyg55wmirV_8trybuild8internal5casesNtB2_9TestCases7try_run
FNDA:1,_RNvNtNtNtCsklyg55wmirV_8trybuild8internal5cases5testss_33debug_output_stays_non_exhaustive
FNDA:1,_RNvNtNtNtCsklyg55wmirV_8trybuild8internal5cases5testss_52default_matches_new_and_registrations_preserve_order
FNDA:1,_RINvMNtNtCsklyg55wmirV_8trybuild8internal5casesNtB3_9TestCases12compile_failReEB7_
FNDA:1,_RINvMNtNtCsklyg55wmirV_8trybuild8internal5casesNtB3_9TestCases4passReEB7_
FNDA:3,_RNvMNtNtCsklyg55wmirV_8trybuild8internal5casesNtB2_9TestCases3new
FNDA:2,_RNvMNtNtCsklyg55wmirV_8trybuild8internal5casesNtB2_9TestCases4push
FNDA:1,_RNvXs0_NtNtCsklyg55wmirV_8trybuild8internal5casesNtB5_9TestCasesNtNtCs1ebytKxJxD4_4core3fmt5Debug3fmt
FNDA:1,_RNvXs_NtNtCsklyg55wmirV_8trybuild8internal5casesNtB4_9TestCasesNtNtCs1ebytKxJxD4_4core7default7Default7default
FNF:10
FNH:10
DA:33,12
DA:34,12
DA:35,12
DA:36,12
DA:37,12
DA:42,21
DA:43,21
DA:44,21
DA:49,12
DA:50,12
DA:51,12
DA:59,4
DA:60,4
DA:61,4
DA:75,5
DA:76,5
DA:77,5
DA:80,33
DA:81,33
DA:82,33
DA:83,33
DA:84,33
DA:85,33
DA:89,1
DA:90,1
DA:91,1
DA:95,1
DA:96,1
DA:97,1
DA:111,1
DA:112,1
DA:113,1
DA:115,1
DA:116,1
DA:117,1
DA:118,1
DA:120,1
DA:121,1
DA:122,1
DA:123,1
DA:124,1
DA:125,1
DA:126,1
DA:127,1
DA:128,1
DA:129,1
DA:130,1
DA:131,1
DA:132,1
DA:133,1
DA:134,1
DA:135,1
DA:136,1
DA:137,1
DA:140,1
DA:141,1
DA:142,1
DA:143,1
DA:146,1
BRF:0
BRH:0
LF:59
LH:59
end_of_record
SF:/home/openai/strict-rs/strict-trybuild/src/internal/diagnostics/normalize.rs
FN:164,_RINvMNtNtNtCs2XM7MrsPp7J_8trybuild8internal11diagnostics9normalizeNtB3_10Variations3anyNCNvMNtB7_6runnerNtNtB7_5model4Test18check_compile_fail0EB9_
FN:182,_RINvNtNtNtCs2XM7MrsPp7J_8trybuild8internal11diagnostics9normalize4trimNtNtCsdaLBCgPWchH_5alloc6string6StringEB8_
FN:182,_RINvNtNtNtCs2XM7MrsPp7J_8trybuild8internal11diagnostics9normalize4trimRINtNtCsdaLBCgPWchH_5alloc3vec3VechEEB8_
FN:165,_RNCINvMNtNtNtCs2XM7MrsPp7J_8trybuild8internal11diagnostics9normalizeNtB5_10Variations3anyNCNvMNtB9_6runnerNtNtB9_5model4Test18check_compile_fail0E0Bb_
FN:392,_RNCNvMs_NtNtNtCs2XM7MrsPp7J_8trybuild8internal11diagnostics9normalizeNtB6_6Filter22replace_cargo_registry0Bc_
FN:949,_RNCNvNtNtNtCs2XM7MrsPp7J_8trybuild8internal11diagnostics9normalize18indented_line_kind0B9_
FN:726,_RNCNvNtNtNtCs2XM7MrsPp7J_8trybuild8internal11diagnostics9normalize20hide_leading_numbers0B9_
FN:692,_RNCNvNtNtNtCs2XM7MrsPp7J_8trybuild8internal11diagnostics9normalize20normalize_and_others0B9_
FN:713,_RNCNvNtNtNtCs2XM7MrsPp7J_8trybuild8internal11diagnostics9normalize22is_ascii_lowercase_hex0B9_
FN:782,_RNCNvNtNtNtCs2XM7MrsPp7J_8trybuild8internal11diagnostics9normalize24replace_case_insensitive0B9_
FN:665,_RNCNvNtNtNtCs2XM7MrsPp7J_8trybuild8internal11diagnostics9normalize26replace_dependency_version0B9_
FN:666,_RNCNvNtNtNtCs2XM7MrsPp7J_8trybuild8internal11diagnostics9normalize26replace_dependency_versions_0B9_
FN:170,_RNvMNtNtNtCs2XM7MrsPp7J_8trybuild8internal11diagnostics9normalizeNtB2_10Variations6concat
FN:150,_RNvMNtNtNtCs2XM7MrsPp7J_8trybuild8internal11diagnostics9normalizeNtB2_10Variations9preferred
FN:440,_RNvMs_NtNtNtCs2XM7MrsPp7J_8trybuild8internal11diagnostics9normalizeNtB4_6Filter10strip_line
FN:288,_RNvMs_NtNtNtCs2XM7MrsPp7J_8trybuild8internal11diagnostics9normalizeNtB4_6Filter18normalize_location
FN:341,_RNvMs_NtNtNtCs2XM7MrsPp7J_8trybuild8internal11diagnostics9normalizeNtB4_6Filter18replace_source_dir
FN:519,_RNvMs_NtNtNtCs2XM7MrsPp7J_8trybuild8internal11diagnostics9normalizeNtB4_6Filter20collapse_other_types
FN:421,_RNvMs_NtNtNtCs2XM7MrsPp7J_8trybuild8internal11diagnostics9normalizeNtB4_6Filter21extend_hidden_numbers
FN:389,_RNvMs_NtNtNtCs2XM7MrsPp7J_8trybuild8internal11diagnostics9normalizeNtB4_6Filter22replace_cargo_registry
FN:370,_RNvMs_NtNtNtCs2XM7MrsPp7J_8trybuild8internal11diagnostics9normalizeNtB4_6Filter23replace_path_dependency
FN:246,_RNvMs_NtNtNtCs2XM7MrsPp7J_8trybuild8internal11diagnostics9normalizeNtB4_6Filter5apply
FN:129,_RNvNtNtNtCs2XM7MrsPp7J_8trybuild8internal11diagnostics9normalize11diagnostics
FN:566,_RNvNtNtNtCs2XM7MrsPp7J_8trybuild8internal11diagnostics9normalize11lower_slash
FN:578,_RNvNtNtNtCs2XM7MrsPp7J_8trybuild8internal11diagnostics9normalize15replace_out_dir
FN:607,_RNvNtNtNtCs2XM7MrsPp7J_8trybuild8internal11diagnostics9normalize16is_out_dir_crate
FN:621,_RNvNtNtNtCs2XM7MrsPp7J_8trybuild8internal11diagnostics9normalize16replace_rust_lib
FN:917,_RNvNtNtNtCs2XM7MrsPp7J_8trybuild8internal11diagnostics9normalize18indented_line_kind
FN:890,_RNvNtNtNtCs2XM7MrsPp7J_8trybuild8internal11diagnostics9normalize19emit_unindent_block
FN:723,_RNvNtNtNtCs2XM7MrsPp7J_8trybuild8internal11diagnostics9normalize20hide_leading_numbers
FN:679,_RNvNtNtNtCs2XM7MrsPp7J_8trybuild8internal11diagnostics9normalize20normalize_and_others
FN:739,_RNvNtNtNtCs2XM7MrsPp7J_8trybuild8internal11diagnostics9normalize21hide_trailing_numbers
FN:649,_RNvNtNtNtCs2XM7MrsPp7J_8trybuild8internal11diagnostics9normalize21is_rustc_hash_library
FN:712,_RNvNtNtNtCs2XM7MrsPp7J_8trybuild8internal11diagnostics9normalize22is_ascii_lowercase_hex
FN:705,_RNvNtNtNtCs2XM7MrsPp7J_8trybuild8internal11diagnostics9normalize22is_long_type_name_note
FN:860,_RNvNtNtNtCs2XM7MrsPp7J_8trybuild8internal11diagnostics9normalize22measure_unindent_block
FN:758,_RNvNtNtNtCs2XM7MrsPp7J_8trybuild8internal11diagnostics9normalize24replace_case_insensitive
FN:662,_RNvNtNtNtCs2XM7MrsPp7J_8trybuild8internal11diagnostics9normalize26replace_dependency_version
FN:203,_RNvNtNtNtCs2XM7MrsPp7J_8trybuild8internal11diagnostics9normalize5apply
FN:819,_RNvNtNtNtCs2XM7MrsPp7J_8trybuild8internal11diagnostics9normalize8unindent
FN:76,_RNvXs4_NtNtNtCs2XM7MrsPp7J_8trybuild8internal11diagnostics9normalizeNtB5_10VariationsNtNtCs1ebytKxJxD4_4core7default7Default7default
FN:170,_RNvMNtNtNtCsklyg55wmirV_8trybuild8internal11diagnostics9normalizeNtB2_10Variations6concat
FN:150,_RNvMNtNtNtCsklyg55wmirV_8trybuild8internal11diagnostics9normalizeNtB2_10Variations9preferred
FN:440,_RNvMs_NtNtNtCsklyg55wmirV_8trybuild8internal11diagnostics9normalizeNtB4_6Filter10strip_line
FN:288,_RNvMs_NtNtNtCsklyg55wmirV_8trybuild8internal11diagnostics9normalizeNtB4_6Filter18normalize_location
FN:341,_RNvMs_NtNtNtCsklyg55wmirV_8trybuild8internal11diagnostics9normalizeNtB4_6Filter18replace_source_dir
FN:519,_RNvMs_NtNtNtCsklyg55wmirV_8trybuild8internal11diagnostics9normalizeNtB4_6Filter20collapse_other_types
FN:421,_RNvMs_NtNtNtCsklyg55wmirV_8trybuild8internal11diagnostics9normalizeNtB4_6Filter21extend_hidden_numbers
FN:389,_RNvMs_NtNtNtCsklyg55wmirV_8trybuild8internal11diagnostics9normalizeNtB4_6Filter22replace_cargo_registry
FN:370,_RNvMs_NtNtNtCsklyg55wmirV_8trybuild8internal11diagnostics9normalizeNtB4_6Filter23replace_path_dependency
FN:246,_RNvMs_NtNtNtCsklyg55wmirV_8trybuild8internal11diagnostics9normalizeNtB4_6Filter5apply
FN:129,_RNvNtNtNtCsklyg55wmirV_8trybuild8internal11diagnostics9normalize11diagnostics
FN:566,_RNvNtNtNtCsklyg55wmirV_8trybuild8internal11diagnostics9normalize11lower_slash
FN:578,_RNvNtNtNtCsklyg55wmirV_8trybuild8internal11diagnostics9normalize15replace_out_dir
FN:607,_RNvNtNtNtCsklyg55wmirV_8trybuild8internal11diagnostics9normalize16is_out_dir_crate
FN:621,_RNvNtNtNtCsklyg55wmirV_8trybuild8internal11diagnostics9normalize16replace_rust_lib
FN:917,_RNvNtNtNtCsklyg55wmirV_8trybuild8internal11diagnostics9normalize18indented_line_kind
FN:890,_RNvNtNtNtCsklyg55wmirV_8trybuild8internal11diagnostics9normalize19emit_unindent_block
FN:723,_RNvNtNtNtCsklyg55wmirV_8trybuild8internal11diagnostics9normalize20hide_leading_numbers
FN:679,_RNvNtNtNtCsklyg55wmirV_8trybuild8internal11diagnostics9normalize20normalize_and_others
FN:739,_RNvNtNtNtCsklyg55wmirV_8trybuild8internal11diagnostics9normalize21hide_trailing_numbers
FN:649,_RNvNtNtNtCsklyg55wmirV_8trybuild8internal11diagnostics9normalize21is_rustc_hash_library
FN:712,_RNvNtNtNtCsklyg55wmirV_8trybuild8internal11diagnostics9normalize22is_ascii_lowercase_hex
FN:705,_RNvNtNtNtCsklyg55wmirV_8trybuild8internal11diagnostics9normalize22is_long_type_name_note
FN:860,_RNvNtNtNtCsklyg55wmirV_8trybuild8internal11diagnostics9normalize22measure_unindent_block
FN:758,_RNvNtNtNtCsklyg55wmirV_8trybuild8internal11diagnostics9normalize24replace_case_insensitive
FN:662,_RNvNtNtNtCsklyg55wmirV_8trybuild8internal11diagnostics9normalize26replace_dependency_version
FN:203,_RNvNtNtNtCsklyg55wmirV_8trybuild8internal11diagnostics9normalize5apply
FN:819,_RNvNtNtNtCsklyg55wmirV_8trybuild8internal11diagnostics9normalize8unindent
FN:76,_RNvXs4_NtNtNtCsklyg55wmirV_8trybuild8internal11diagnostics9normalizeNtB5_10VariationsNtNtCs1ebytKxJxD4_4core7default7Default7default
FN:164,_RINvMNtNtNtCsklyg55wmirV_8trybuild8internal11diagnostics9normalizeNtB3_10Variations3anyNCNvNtB5_18normalize_coverages_60trim_variation_any_and_concat_cover_empty_and_nonempty_paths0EB9_
FN:182,_RINvNtNtNtCsklyg55wmirV_8trybuild8internal11diagnostics9normalize4trimNtNtCsdaLBCgPWchH_5alloc6string6StringEB8_
FN:182,_RINvNtNtNtCsklyg55wmirV_8trybuild8internal11diagnostics9normalize4trimReEB8_
FN:165,_RNCINvMNtNtNtCsklyg55wmirV_8trybuild8internal11diagnostics9normalizeNtB5_10Variations3anyNCNvNtB7_18normalize_coverages_60trim_variation_any_and_concat_cover_empty_and_nonempty_paths0E0Bb_
FN:392,_RNCNvMs_NtNtNtCsklyg55wmirV_8trybuild8internal11diagnostics9normalizeNtB6_6Filter22replace_cargo_registry0Bc_
FN:949,_RNCNvNtNtNtCsklyg55wmirV_8trybuild8internal11diagnostics9normalize18indented_line_kind0B9_
FN:726,_RNCNvNtNtNtCsklyg55wmirV_8trybuild8internal11diagnostics9normalize20hide_leading_numbers0B9_
FN:692,_RNCNvNtNtNtCsklyg55wmirV_8trybuild8internal11diagnostics9normalize20normalize_and_others0B9_
FN:713,_RNCNvNtNtNtCsklyg55wmirV_8trybuild8internal11diagnostics9normalize22is_ascii_lowercase_hex0B9_
FN:782,_RNCNvNtNtNtCsklyg55wmirV_8trybuild8internal11diagnostics9normalize24replace_case_insensitive0B9_
FN:665,_RNCNvNtNtNtCsklyg55wmirV_8trybuild8internal11diagnostics9normalize26replace_dependency_version0B9_
FN:666,_RNCNvNtNtNtCsklyg55wmirV_8trybuild8internal11diagnostics9normalize26replace_dependency_versions_0B9_
FNDA:5,_RINvMNtNtNtCs2XM7MrsPp7J_8trybuild8internal11diagnostics9normalizeNtB3_10Variations3anyNCNvMNtB7_6runnerNtNtB7_5model4Test18check_compile_fail0EB9_
FNDA:230,_RINvNtNtNtCs2XM7MrsPp7J_8trybuild8internal11diagnostics9normalize4trimNtNtCsdaLBCgPWchH_5alloc6string6StringEB8_
FNDA:32,_RINvNtNtNtCs2XM7MrsPp7J_8trybuild8internal11diagnostics9normalize4trimRINtNtCsdaLBCgPWchH_5alloc3vec3VechEEB8_
FNDA:95,_RNCINvMNtNtNtCs2XM7MrsPp7J_8trybuild8internal11diagnostics9normalizeNtB5_10Variations3anyNCNvMNtB9_6runnerNtNtB9_5model4Test18check_compile_fail0E0Bb_
FNDA:24,_RNCNvMs_NtNtNtCs2XM7MrsPp7J_8trybuild8internal11diagnostics9normalizeNtB6_6Filter22replace_cargo_registry0Bc_
FNDA:4806,_RNCNvNtNtNtCs2XM7MrsPp7J_8trybuild8internal11diagnostics9normalize18indented_line_kind0B9_
FNDA:312,_RNCNvNtNtNtCs2XM7MrsPp7J_8trybuild8internal11diagnostics9normalize20hide_leading_numbers0B9_
FNDA:0,_RNCNvNtNtNtCs2XM7MrsPp7J_8trybuild8internal11diagnostics9normalize20normalize_and_others0B9_
FNDA:0,_RNCNvNtNtNtCs2XM7MrsPp7J_8trybuild8internal11diagnostics9normalize22is_ascii_lowercase_hex0B9_
FNDA:2898,_RNCNvNtNtNtCs2XM7MrsPp7J_8trybuild8internal11diagnostics9normalize24replace_case_insensitive0B9_
FNDA:0,_RNCNvNtNtNtCs2XM7MrsPp7J_8trybuild8internal11diagnostics9normalize26replace_dependency_version0B9_
FNDA:0,_RNCNvNtNtNtCs2XM7MrsPp7J_8trybuild8internal11diagnostics9normalize26replace_dependency_versions_0B9_
FNDA:10,_RNvMNtNtNtCs2XM7MrsPp7J_8trybuild8internal11diagnostics9normalizeNtB2_10Variations6concat
FNDA:28,_RNvMNtNtNtCs2XM7MrsPp7J_8trybuild8internal11diagnostics9normalizeNtB2_10Variations9preferred
FNDA:1679,_RNvMs_NtNtNtCs2XM7MrsPp7J_8trybuild8internal11diagnostics9normalizeNtB4_6Filter10strip_line
FNDA:144,_RNvMs_NtNtNtCs2XM7MrsPp7J_8trybuild8internal11diagnostics9normalizeNtB4_6Filter18normalize_location
FNDA:108,_RNvMs_NtNtNtCs2XM7MrsPp7J_8trybuild8internal11diagnostics9normalizeNtB4_6Filter18replace_source_dir
FNDA:365,_RNvMs_NtNtNtCs2XM7MrsPp7J_8trybuild8internal11diagnostics9normalizeNtB4_6Filter20collapse_other_types
FNDA:12,_RNvMs_NtNtNtCs2XM7MrsPp7J_8trybuild8internal11diagnostics9normalizeNtB4_6Filter21extend_hidden_numbers
FNDA:24,_RNvMs_NtNtNtCs2XM7MrsPp7J_8trybuild8internal11diagnostics9normalizeNtB4_6Filter22replace_cargo_registry
FNDA:36,_RNvMs_NtNtNtCs2XM7MrsPp7J_8trybuild8internal11diagnostics9normalizeNtB4_6Filter23replace_path_dependency
FNDA:1955,_RNvMs_NtNtNtCs2XM7MrsPp7J_8trybuild8internal11diagnostics9normalizeNtB4_6Filter5apply
FNDA:10,_RNvNtNtNtCs2XM7MrsPp7J_8trybuild8internal11diagnostics9normalize11diagnostics
FNDA:414,_RNvNtNtNtCs2XM7MrsPp7J_8trybuild8internal11diagnostics9normalize11lower_slash
FNDA:0,_RNvNtNtNtCs2XM7MrsPp7J_8trybuild8internal11diagnostics9normalize15replace_out_dir
FNDA:0,_RNvNtNtNtCs2XM7MrsPp7J_8trybuild8internal11diagnostics9normalize16is_out_dir_crate
FNDA:36,_RNvNtNtNtCs2XM7MrsPp7J_8trybuild8internal11diagnostics9normalize16replace_rust_lib
FNDA:1440,_RNvNtNtNtCs2XM7MrsPp7J_8trybuild8internal11diagnostics9normalize18indented_line_kind
FNDA:90,_RNvNtNtNtCs2XM7MrsPp7J_8trybuild8internal11diagnostics9normalize19emit_unindent_block
FNDA:84,_RNvNtNtNtCs2XM7MrsPp7J_8trybuild8internal11diagnostics9normalize20hide_leading_numbers
FNDA:584,_RNvNtNtNtCs2XM7MrsPp7J_8trybuild8internal11diagnostics9normalize20normalize_and_others
FNDA:12,_RNvNtNtNtCs2XM7MrsPp7J_8trybuild8internal11diagnostics9normalize21hide_trailing_numbers
FNDA:24,_RNvNtNtNtCs2XM7MrsPp7J_8trybuild8internal11diagnostics9normalize21is_rustc_hash_library
FNDA:0,_RNvNtNtNtCs2XM7MrsPp7J_8trybuild8internal11diagnostics9normalize22is_ascii_lowercase_hex
FNDA:511,_RNvNtNtNtCs2XM7MrsPp7J_8trybuild8internal11diagnostics9normalize22is_long_type_name_note
FNDA:90,_RNvNtNtNtCs2XM7MrsPp7J_8trybuild8internal11diagnostics9normalize22measure_unindent_block
FNDA:3358,_RNvNtNtNtCs2XM7MrsPp7J_8trybuild8internal11diagnostics9normalize24replace_case_insensitive
FNDA:0,_RNvNtNtNtCs2XM7MrsPp7J_8trybuild8internal11diagnostics9normalize26replace_dependency_version
FNDA:230,_RNvNtNtNtCs2XM7MrsPp7J_8trybuild8internal11diagnostics9normalize5apply
FNDA:230,_RNvNtNtNtCs2XM7MrsPp7J_8trybuild8internal11diagnostics9normalize8unindent
FNDA:47,_RNvXs4_NtNtNtCs2XM7MrsPp7J_8trybuild8internal11diagnostics9normalizeNtB5_10VariationsNtNtCs1ebytKxJxD4_4core7default7Default7default
FNDA:4,_RNvMNtNtNtCsklyg55wmirV_8trybuild8internal11diagnostics9normalizeNtB2_10Variations6concat
FNDA:31,_RNvMNtNtNtCsklyg55wmirV_8trybuild8internal11diagnostics9normalizeNtB2_10Variations9preferred
FNDA:9131,_RNvMs_NtNtNtCsklyg55wmirV_8trybuild8internal11diagnostics9normalizeNtB4_6Filter10strip_line
FNDA:760,_RNvMs_NtNtNtCsklyg55wmirV_8trybuild8internal11diagnostics9normalizeNtB4_6Filter18normalize_location
FNDA:131,_RNvMs_NtNtNtCsklyg55wmirV_8trybuild8internal11diagnostics9normalizeNtB4_6Filter18replace_source_dir
FNDA:1885,_RNvMs_NtNtNtCsklyg55wmirV_8trybuild8internal11diagnostics9normalizeNtB4_6Filter20collapse_other_types
FNDA:280,_RNvMs_NtNtNtCsklyg55wmirV_8trybuild8internal11diagnostics9normalizeNtB4_6Filter21extend_hidden_numbers
FNDA:375,_RNvMs_NtNtNtCsklyg55wmirV_8trybuild8internal11diagnostics9normalizeNtB4_6Filter22replace_cargo_registry
FNDA:494,_RNvMs_NtNtNtCsklyg55wmirV_8trybuild8internal11diagnostics9normalizeNtB4_6Filter23replace_path_dependency
FNDA:10419,_RNvMs_NtNtNtCsklyg55wmirV_8trybuild8internal11diagnostics9normalizeNtB4_6Filter5apply
FNDA:32,_RNvNtNtNtCsklyg55wmirV_8trybuild8internal11diagnostics9normalize11diagnostics
FNDA:2697,_RNvNtNtNtCsklyg55wmirV_8trybuild8internal11diagnostics9normalize11lower_slash
FNDA:36,_RNvNtNtNtCsklyg55wmirV_8trybuild8internal11diagnostics9normalize15replace_out_dir
FNDA:120,_RNvNtNtNtCsklyg55wmirV_8trybuild8internal11diagnostics9normalize16is_out_dir_crate
FNDA:489,_RNvNtNtNtCsklyg55wmirV_8trybuild8internal11diagnostics9normalize16replace_rust_lib
FNDA:6637,_RNvNtNtNtCsklyg55wmirV_8trybuild8internal11diagnostics9normalize18indented_line_kind
FNDA:215,_RNvNtNtNtCsklyg55wmirV_8trybuild8internal11diagnostics9normalize19emit_unindent_block
FNDA:1070,_RNvNtNtNtCsklyg55wmirV_8trybuild8internal11diagnostics9normalize20hide_leading_numbers
FNDA:3048,_RNvNtNtNtCsklyg55wmirV_8trybuild8internal11diagnostics9normalize20normalize_and_others
FNDA:280,_RNvNtNtNtCsklyg55wmirV_8trybuild8internal11diagnostics9normalize21hide_trailing_numbers
FNDA:414,_RNvNtNtNtCsklyg55wmirV_8trybuild8internal11diagnostics9normalize21is_rustc_hash_library
FNDA:121,_RNvNtNtNtCsklyg55wmirV_8trybuild8internal11diagnostics9normalize22is_ascii_lowercase_hex
FNDA:2667,_RNvNtNtNtCsklyg55wmirV_8trybuild8internal11diagnostics9normalize22is_long_type_name_note
FNDA:215,_RNvNtNtNtCsklyg55wmirV_8trybuild8internal11diagnostics9normalize22measure_unindent_block
FNDA:17498,_RNvNtNtNtCsklyg55wmirV_8trybuild8internal11diagnostics9normalize24replace_case_insensitive
FNDA:12,_RNvNtNtNtCsklyg55wmirV_8trybuild8internal11diagnostics9normalize26replace_dependency_version
FNDA:736,_RNvNtNtNtCsklyg55wmirV_8trybuild8internal11diagnostics9normalize5apply
FNDA:736,_RNvNtNtNtCsklyg55wmirV_8trybuild8internal11diagnostics9normalize8unindent
FNDA:33,_RNvXs4_NtNtNtCsklyg55wmirV_8trybuild8internal11diagnostics9normalizeNtB5_10VariationsNtNtCs1ebytKxJxD4_4core7default7Default7default
FNDA:1,_RINvMNtNtNtCsklyg55wmirV_8trybuild8internal11diagnostics9normalizeNtB3_10Variations3anyNCNvNtB5_18normalize_coverages_60trim_variation_any_and_concat_cover_empty_and_nonempty_paths0EB9_
FNDA:736,_RINvNtNtNtCsklyg55wmirV_8trybuild8internal11diagnostics9normalize4trimNtNtCsdaLBCgPWchH_5alloc6string6StringEB8_
FNDA:2,_RINvNtNtNtCsklyg55wmirV_8trybuild8internal11diagnostics9normalize4trimReEB8_
FNDA:1,_RNCINvMNtNtNtCsklyg55wmirV_8trybuild8internal11diagnostics9normalizeNtB5_10Variations3anyNCNvNtB7_18normalize_coverages_60trim_variation_any_and_concat_cover_empty_and_nonempty_paths0E0Bb_
FNDA:362,_RNCNvMs_NtNtNtCsklyg55wmirV_8trybuild8internal11diagnostics9normalizeNtB6_6Filter22replace_cargo_registry0Bc_
FNDA:35264,_RNCNvNtNtNtCsklyg55wmirV_8trybuild8internal11diagnostics9normalize18indented_line_kind0B9_
FNDA:4225,_RNCNvNtNtNtCsklyg55wmirV_8trybuild8internal11diagnostics9normalize20hide_leading_numbers0B9_
FNDA:48,_RNCNvNtNtNtCsklyg55wmirV_8trybuild8internal11diagnostics9normalize20normalize_and_others0B9_
FNDA:2152,_RNCNvNtNtNtCsklyg55wmirV_8trybuild8internal11diagnostics9normalize22is_ascii_lowercase_hex0B9_
FNDA:16118,_RNCNvNtNtNtCsklyg55wmirV_8trybuild8internal11diagnostics9normalize24replace_case_insensitive0B9_
FNDA:12,_RNCNvNtNtNtCsklyg55wmirV_8trybuild8internal11diagnostics9normalize26replace_dependency_version0B9_
FNDA:12,_RNCNvNtNtNtCsklyg55wmirV_8trybuild8internal11diagnostics9normalize26replace_dependency_versions_0B9_
FNF:40
FNH:40
DA:76,80
DA:77,80
DA:78,80
DA:79,80
DA:80,80
DA:129,42
DA:130,42
DA:132,42
DA:133,966
DA:134,966
DA:135,966
DA:137,42
DA:138,42
DA:150,59
DA:158,59
DA:159,59
DA:160,59
DA:164,6
DA:165,96
DA:166,6
DA:170,14
DA:171,322
DA:172,322
DA:173,46
DA:174,276
DA:175,322
DA:177,14
DA:182,1000
DA:183,1000
DA:184,1000
DA:186,1000
DA:187,1000
DA:189,1000
DA:190,950
DA:191,950
DA:193,1000
DA:194,1000
DA:203,966
DA:204,966
DA:206,966
DA:207,966
DA:208,966
DA:209,966
DA:210,966
DA:211,966
DA:212,966
DA:213,966
DA:214,12374
DA:215,12374
DA:216,11992
DA:217,11992
DA:218,11949
DA:219,11949
DA:220,382
DA:223,966
DA:225,966
DA:226,966
DA:246,12374
DA:247,12374
DA:249,12374
DA:250,1154
DA:251,1154
DA:252,11220
DA:254,12374
DA:255,12374
DA:256,12374
DA:257,1380
DA:258,10994
DA:259,184
DA:261,10810
DA:264,12374
DA:265,1380
DA:266,660
DA:268,660
DA:269,660
DA:270,660
DA:271,11714
DA:273,11714
DA:274,904
DA:275,10810
DA:277,10810
DA:278,12374
DA:288,904
DA:289,904
DA:290,904
DA:291,904
DA:292,904
DA:294,904
DA:295,904
DA:296,36
DA:297,868
DA:298,239
DA:299,199
DA:300,40
DA:301,40
DA:303,629
DA:304,629
DA:305,48
DA:306,48
DA:307,581
DA:310,705
DA:311,530
DA:312,530
DA:313,705
DA:314,525
DA:315,525
DA:316,705
DA:317,399
DA:318,399
DA:319,705
DA:320,292
DA:321,292
DA:322,292
DA:323,292
DA:324,292
DA:325,292
DA:326,413
DA:328,705
DA:329,904
DA:341,239
DA:342,239
DA:343,198
DA:344,198
DA:345,18
DA:346,180
DA:347,180
DA:348,180
DA:349,180
DA:353,150
DA:354,30
DA:356,41
DA:357,41
DA:358,31
DA:359,10
DA:361,40
DA:362,239
DA:370,530
DA:371,530
DA:372,494
DA:373,494
DA:374,26
DA:375,26
DA:376,26
DA:377,468
DA:379,504
DA:380,530
DA:389,399
DA:390,399
DA:391,399
DA:392,399
DA:394,338
DA:396,61
DA:397,0
DA:399,61
DA:400,61
DA:401,61
DA:402,12
DA:403,49
DA:407,49
DA:408,49
DA:409,12
DA:410,37
DA:411,49
DA:412,399
DA:421,292
DA:422,1203
DA:423,1154
DA:424,998
DA:425,911
DA:426,911
DA:427,243
DA:430,292
DA:440,10810
DA:441,10810
DA:442,10810
DA:444,10810
DA:445,23
DA:446,10787
DA:448,10787
DA:449,46
DA:450,10741
DA:452,10741
DA:453,46
DA:455,46
DA:456,10695
DA:458,10695
DA:459,22
DA:460,10673
DA:462,10673
DA:463,84
DA:464,10589
DA:466,10589
DA:467,80
DA:468,10509
DA:470,10509
DA:471,8664
DA:472,19
DA:473,8645
DA:474,8645
DA:475,19
DA:476,8626
DA:477,1845
DA:479,10471
DA:480,8172
DA:481,8172
DA:482,8172
DA:484,10471
DA:485,7264
DA:486,7264
DA:487,7264
DA:488,16
DA:489,16
DA:490,10455
DA:492,10471
DA:493,3632
DA:494,6839
DA:496,10471
DA:497,28
DA:498,10443
DA:500,10443
DA:501,15
DA:502,10428
DA:504,10428
DA:505,10428
DA:506,10428
DA:508,10428
DA:509,10810
DA:519,2250
DA:520,2250
DA:521,2250
DA:522,2245
DA:524,25
DA:525,25
DA:526,2225
DA:528,2225
DA:529,1970
DA:531,255
DA:532,25
DA:533,25
DA:534,230
DA:536,230
DA:537,230
DA:538,230
DA:539,15
DA:540,215
DA:541,215
DA:542,15
DA:544,15
DA:545,15
DA:546,15
DA:547,10
DA:548,10
DA:549,200
DA:550,215
DA:551,2250
DA:566,3111
DA:567,3111
DA:568,3111
DA:578,36
DA:579,36
DA:580,36
DA:581,156
DA:582,144
DA:583,144
DA:584,36
DA:586,24
DA:587,24
DA:588,24
DA:589,120
DA:590,120
DA:591,24
DA:592,96
DA:593,96
DA:594,96
DA:595,120
DA:597,12
DA:598,36
DA:607,120
DA:608,120
DA:609,24
DA:610,24
DA:611,24
DA:612,24
DA:613,120
DA:621,525
DA:622,525
DA:625,17
DA:626,17
DA:627,508
DA:630,70
DA:631,70
DA:632,438
DA:635,24
DA:636,24
DA:638,414
DA:640,525
DA:649,438
DA:650,438
DA:651,36
DA:652,36
DA:653,36
DA:654,24
DA:655,438
DA:662,12
DA:663,12
DA:664,12
DA:665,12
DA:666,12
DA:667,12
DA:668,12
DA:669,12
DA:670,12
DA:671,12
DA:672,12
DA:679,3632
DA:680,3632
DA:681,3632
DA:682,3608
DA:683,24
DA:684,24
DA:685,24
DA:686,24
DA:687,24
DA:688,24
DA:689,24
DA:690,24
DA:691,24
DA:692,48
DA:693,24
DA:694,16
DA:695,16
DA:696,3632
DA:705,3178
DA:706,3178
DA:707,3178
DA:708,3178
DA:709,3178
DA:712,121
DA:713,2152
DA:714,121
DA:723,1154
DA:724,1154
DA:725,1154
DA:726,4537
DA:727,1154
DA:728,3444
DA:729,3444
DA:730,3444
DA:731,1154
DA:739,292
DA:740,292
DA:741,584
DA:742,584
DA:743,584
DA:744,0
DA:745,584
DA:746,584
DA:748,292
DA:758,20856
DA:759,20856
DA:760,20856
DA:761,20856
DA:763,20856
DA:764,20856
DA:765,20856
DA:766,20856
DA:767,41850
DA:768,20994
DA:769,46
DA:770,46
DA:771,20948
DA:772,20994
DA:773,20994
DA:774,46
DA:775,46
DA:776,46
DA:777,46
DA:778,20948
DA:779,20994
DA:780,20994
DA:781,20994
DA:782,20994
DA:783,5150
DA:784,92
DA:785,92
DA:786,92
DA:787,92
DA:788,92
DA:789,20902
DA:792,20856
DA:793,20856
DA:819,966
DA:820,966
DA:821,588
DA:822,378
DA:824,378
DA:825,378
DA:827,1808
DA:828,1430
DA:829,1430
DA:831,1430
DA:832,1024
DA:833,406
DA:835,406
DA:836,406
DA:837,45
DA:839,361
DA:840,56
DA:842,305
DA:843,0
DA:844,305
DA:846,305
DA:847,305
DA:850,378
DA:851,966
DA:860,305
DA:861,305
DA:862,305
DA:863,305
DA:864,3079
DA:865,3079
DA:866,0
DA:867,2358
DA:868,2358
DA:869,2358
DA:870,2358
DA:871,160
DA:872,561
DA:873,561
DA:874,384
DA:875,384
DA:876,177
DA:881,305
DA:882,305
DA:890,305
DA:891,305
DA:892,305
DA:893,305
DA:894,305
DA:895,305
DA:896,305
DA:897,305
DA:898,305
DA:899,3207
DA:900,0
DA:903,3207
DA:904,3047
DA:905,3047
DA:906,3047
DA:907,3047
DA:908,3047
DA:909,160
DA:910,160
DA:911,3207
DA:913,305
DA:917,8077
DA:918,8077
DA:919,8077
DA:920,8077
DA:921,8077
DA:922,8077
DA:923,8077
DA:925,8077
DA:926,369
DA:927,7708
DA:928,27
DA:930,7681
DA:931,396
DA:933,396
DA:934,7681
DA:936,7681
DA:937,10
DA:938,7671
DA:940,7671
DA:941,7420
DA:942,7348
DA:943,7324
DA:945,355
DA:946,355
DA:947,7316
DA:949,40070
DA:950,7316
DA:951,18
DA:952,18
DA:953,7298
DA:955,7298
DA:956,7298
DA:957,7298
DA:958,7298
DA:959,7298
DA:960,7298
DA:961,7298
DA:962,7298
DA:963,7298
DA:964,7298
DA:965,7298
DA:966,7298
DA:967,6498
DA:968,5142
DA:969,2304
DA:970,259
DA:971,4
DA:972,2300
DA:974,5565
DA:975,1733
DA:977,1733
DA:978,8077
BRDA:172,0,0,69
BRDA:172,0,1,253
BRDA:172,1,2,46
BRDA:172,1,3,23
BRDA:189,0,0,950
BRDA:189,0,1,50
BRDA:215,0,0,11992
BRDA:215,0,1,382
BRDA:217,0,0,11949
BRDA:217,0,1,43
BRDA:249,0,0,1154
BRDA:249,0,1,11220
BRDA:256,0,0,1380
BRDA:256,0,1,10994
BRDA:258,0,0,184
BRDA:258,0,1,10810
BRDA:264,0,0,1380
BRDA:264,0,1,10994
BRDA:265,0,0,660
BRDA:265,0,1,720
BRDA:266,0,0,660
BRDA:266,0,1,0
BRDA:273,0,0,904
BRDA:273,0,1,10810
BRDA:295,0,0,36
BRDA:295,0,1,868
BRDA:297,0,0,239
BRDA:297,0,1,629
BRDA:298,0,0,199
BRDA:298,0,1,40
BRDA:304,0,0,48
BRDA:304,0,1,581
BRDA:310,0,0,642
BRDA:310,0,1,63
BRDA:310,1,2,530
BRDA:310,1,3,112
BRDA:313,0,0,663
BRDA:313,0,1,42
BRDA:313,1,2,525
BRDA:313,1,3,138
BRDA:316,0,0,635
BRDA:316,0,1,70
BRDA:316,1,2,399
BRDA:316,1,3,236
BRDA:319,0,0,298
BRDA:319,0,1,407
BRDA:319,1,2,292
BRDA:319,1,3,6
BRDA:342,0,0,209
BRDA:342,0,1,30
BRDA:342,1,2,198
BRDA:342,1,3,11
BRDA:344,0,0,18
BRDA:344,0,1,180
BRDA:349,0,0,150
BRDA:349,0,1,30
BRDA:357,0,0,31
BRDA:357,0,1,10
BRDA:373,0,0,26
BRDA:373,0,1,468
BRDA:390,0,0,61
BRDA:390,0,1,338
BRDA:396,0,0,61
BRDA:396,0,1,0
BRDA:401,0,0,12
BRDA:401,0,1,49
BRDA:401,1,2,0
BRDA:401,1,3,49
BRDA:408,0,0,12
BRDA:408,0,1,37
BRDA:422,0,0,1154
BRDA:422,0,1,49
BRDA:444,0,0,23
BRDA:444,0,1,10787
BRDA:448,0,0,46
BRDA:448,0,1,10741
BRDA:452,0,0,46
BRDA:452,0,1,10695
BRDA:453,0,0,46
BRDA:453,0,1,0
BRDA:458,0,0,10230
BRDA:458,0,1,465
BRDA:458,1,2,22
BRDA:458,1,3,10208
BRDA:462,0,0,9744
BRDA:462,0,1,929
BRDA:462,1,2,84
BRDA:462,1,3,9660
BRDA:466,0,0,9200
BRDA:466,0,1,1389
BRDA:466,1,2,80
BRDA:466,1,3,9120
BRDA:470,0,0,8664
BRDA:470,0,1,1845
BRDA:471,0,0,19
BRDA:471,0,1,8645
BRDA:474,0,0,19
BRDA:474,0,1,8626
BRDA:479,0,0,8172
BRDA:479,0,1,2299
BRDA:484,0,0,7264
BRDA:484,0,1,3207
BRDA:485,0,0,16
BRDA:485,0,1,7248
BRDA:492,0,0,3632
BRDA:492,0,1,6839
BRDA:496,0,0,3178
BRDA:496,0,1,7293
BRDA:496,1,2,28
BRDA:496,1,3,3150
BRDA:500,0,0,2250
BRDA:500,0,1,8193
BRDA:500,1,2,15
BRDA:500,1,3,2235
BRDA:521,0,0,5
BRDA:521,0,1,2245
BRDA:522,0,0,20
BRDA:522,0,1,2225
BRDA:528,0,0,255
BRDA:528,0,1,1970
BRDA:531,0,0,25
BRDA:531,0,1,230
BRDA:531,1,2,0
BRDA:531,1,3,230
BRDA:538,0,0,15
BRDA:538,0,1,215
BRDA:541,0,0,15
BRDA:541,0,1,200
BRDA:542,0,0,15
BRDA:542,0,1,0
BRDA:546,0,0,10
BRDA:546,0,1,5
BRDA:581,0,0,144
BRDA:581,0,1,12
BRDA:583,0,0,36
BRDA:583,0,1,108
BRDA:584,0,0,24
BRDA:584,0,1,12
BRDA:590,0,0,24
BRDA:590,0,1,96
BRDA:608,0,0,24
BRDA:608,0,1,96
BRDA:609,0,0,24
BRDA:609,0,1,0
BRDA:610,0,0,24
BRDA:610,0,1,0
BRDA:622,0,0,17
BRDA:622,0,1,508
BRDA:627,0,0,70
BRDA:627,0,1,438
BRDA:632,0,0,24
BRDA:632,0,1,414
BRDA:650,0,0,36
BRDA:650,0,1,402
BRDA:651,0,0,24
BRDA:651,0,1,12
BRDA:654,0,0,24
BRDA:654,0,1,0
BRDA:664,0,0,12
BRDA:664,0,1,0
BRDA:665,0,0,12
BRDA:665,0,1,0
BRDA:666,0,0,12
BRDA:666,0,1,0
BRDA:681,0,0,24
BRDA:681,0,1,3608
BRDA:681,1,2,24
BRDA:681,1,3,0
BRDA:687,0,0,24
BRDA:687,0,1,0
BRDA:688,0,0,16
BRDA:688,0,1,8
BRDA:693,0,0,16
BRDA:693,0,1,8
BRDA:708,0,0,21
BRDA:708,0,1,3157
BRDA:708,1,2,7
BRDA:708,1,3,3150
BRDA:726,0,0,2458
BRDA:726,0,1,2079
BRDA:726,1,2,986
BRDA:726,1,3,1093
BRDA:743,0,0,0
BRDA:743,0,1,584
BRDA:743,1,2,0
BRDA:743,1,3,584
BRDA:767,0,0,20994
BRDA:767,0,1,20856
BRDA:768,0,0,46
BRDA:768,0,1,20948
BRDA:773,0,0,46
BRDA:773,0,1,20948
BRDA:782,0,0,5150
BRDA:782,0,1,15844
BRDA:783,0,0,92
BRDA:783,0,1,5058
BRDA:820,0,0,588
BRDA:820,0,1,378
BRDA:827,0,0,1430
BRDA:827,0,1,378
BRDA:831,0,0,1024
BRDA:831,0,1,406
BRDA:836,0,0,361
BRDA:836,0,1,45
BRDA:839,0,0,305
BRDA:839,0,1,56
BRDA:842,0,0,0
BRDA:842,0,1,305
BRDA:873,0,0,384
BRDA:873,0,1,177
BRDA:899,0,0,3207
BRDA:899,0,1,0
BRDA:902,0,0,3047
BRDA:902,0,1,160
BRDA:925,0,0,396
BRDA:925,0,1,7681
BRDA:925,1,2,369
BRDA:925,1,3,7708
BRDA:927,0,0,27
BRDA:927,0,1,7681
BRDA:931,0,0,396
BRDA:931,0,1,0
BRDA:936,0,0,1034
BRDA:936,0,1,6647
BRDA:936,1,2,179
BRDA:936,1,3,855
BRDA:936,2,4,10
BRDA:936,2,5,169
BRDA:940,0,0,251
BRDA:940,0,1,7420
BRDA:941,0,0,72
BRDA:941,0,1,7348
BRDA:942,0,0,4924
BRDA:942,0,1,2424
BRDA:942,1,2,24
BRDA:942,1,3,4900
BRDA:943,0,0,3294
BRDA:943,0,1,4030
BRDA:943,1,2,152
BRDA:943,1,3,3142
BRDA:943,2,4,8
BRDA:943,2,5,144
BRDA:950,0,0,18
BRDA:950,0,1,7298
BRDA:966,0,0,6498
BRDA:966,0,1,800
BRDA:967,0,0,1356
BRDA:967,0,1,5142
BRDA:968,0,0,2838
BRDA:968,0,1,2304
BRDA:969,0,0,259
BRDA:969,0,1,2045
BRDA:970,0,0,4
BRDA:970,0,1,255
BRDA:971,0,0,0
BRDA:971,0,1,4
BRDA:971,1,2,2
BRDA:971,1,3,2
BRDA:971,2,4,0
BRDA:971,2,5,2
BRDA:971,3,6,2
BRDA:971,3,7,0
BRDA:971,4,8,-
BRDA:971,4,9,-
BRDA:971,5,10,-
BRDA:971,5,11,-
BRDA:972,0,0,2279
BRDA:972,0,1,21
BRDA:972,1,2,858
BRDA:972,1,3,1421
BRDA:972,2,4,103
BRDA:972,2,5,1318
BRDA:972,3,6,406
BRDA:972,3,7,912
BRDA:977,0,0,1712
BRDA:977,0,1,21
BRF:276
BRH:250
LF:516
LH:511
end_of_record
SF:/home/openai/strict-rs/strict-trybuild/src/internal/diagnostics/normalize_coverage.rs
FN:67,_RNCNvNtNtNtCsklyg55wmirV_8trybuild8internal11diagnostics18normalize_coverages_60trim_variation_any_and_concat_cover_empty_and_nonempty_paths0B9_
FN:20,_RNvMNtNtNtCsklyg55wmirV_8trybuild8internal11diagnostics18normalize_coverageNtB2_7Fixture3new
FN:34,_RNvMNtNtNtCsklyg55wmirV_8trybuild8internal11diagnostics18normalize_coverageNtB2_7Fixture7context
FN:45,_RNvMNtNtNtCsklyg55wmirV_8trybuild8internal11diagnostics18normalize_coverageNtB2_7Fixture9preferred
FN:176,_RNvNtNtNtCsklyg55wmirV_8trybuild8internal11diagnostics18normalize_coverages_58list_and_note_normalizers_cover_digit_and_textual_variants
FN:122,_RNvNtNtNtCsklyg55wmirV_8trybuild8internal11diagnostics18normalize_coverages_59rustlib_and_near_miss_registry_paths_take_opposite_branches
FN:51,_RNvNtNtNtCsklyg55wmirV_8trybuild8internal11diagnostics18normalize_coverages_60trim_variation_any_and_concat_cover_empty_and_nonempty_paths
FN:147,_RNvNtNtNtCsklyg55wmirV_8trybuild8internal11diagnostics18normalize_coverages_62strip_line_variants_remove_rustc_trailers_and_keep_near_misses
FN:210,_RNvNtNtNtCsklyg55wmirV_8trybuild8internal11diagnostics18normalize_coverages_62unindent_handles_heading_notes_suggestions_and_arrow_lookahead
FN:79,_RNvNtNtNtCsklyg55wmirV_8trybuild8internal11diagnostics18normalize_coverages_71location_rewrites_cover_source_workspace_path_deps_registry_and_out_dir
FNDA:1,_RNCNvNtNtNtCsklyg55wmirV_8trybuild8internal11diagnostics18normalize_coverages_60trim_variation_any_and_concat_cover_empty_and_nonempty_paths0B9_
FNDA:6,_RNvMNtNtNtCsklyg55wmirV_8trybuild8internal11diagnostics18normalize_coverageNtB2_7Fixture3new
FNDA:8,_RNvMNtNtNtCsklyg55wmirV_8trybuild8internal11diagnostics18normalize_coverageNtB2_7Fixture7context
FNDA:5,_RNvMNtNtNtCsklyg55wmirV_8trybuild8internal11diagnostics18normalize_coverageNtB2_7Fixture9preferred
FNDA:1,_RNvNtNtNtCsklyg55wmirV_8trybuild8internal11diagnostics18normalize_coverages_58list_and_note_normalizers_cover_digit_and_textual_variants
FNDA:1,_RNvNtNtNtCsklyg55wmirV_8trybuild8internal11diagnostics18normalize_coverages_59rustlib_and_near_miss_registry_paths_take_opposite_branches
FNDA:1,_RNvNtNtNtCsklyg55wmirV_8trybuild8internal11diagnostics18normalize_coverages_60trim_variation_any_and_concat_cover_empty_and_nonempty_paths
FNDA:1,_RNvNtNtNtCsklyg55wmirV_8trybuild8internal11diagnostics18normalize_coverages_62strip_line_variants_remove_rustc_trailers_and_keep_near_misses
FNDA:1,_RNvNtNtNtCsklyg55wmirV_8trybuild8internal11diagnostics18normalize_coverages_62unindent_handles_heading_notes_suggestions_and_arrow_lookahead
FNDA:1,_RNvNtNtNtCsklyg55wmirV_8trybuild8internal11diagnostics18normalize_coverages_71location_rewrites_cover_source_workspace_path_deps_registry_and_out_dir
FNF:10
FNH:10
DA:20,6
DA:21,6
DA:22,6
DA:23,6
DA:24,6
DA:25,6
DA:26,6
DA:27,6
DA:28,6
DA:29,6
DA:30,6
DA:31,6
DA:32,6
DA:34,8
DA:35,8
DA:36,8
DA:37,8
DA:38,8
DA:39,8
DA:40,8
DA:41,8
DA:42,8
DA:43,8
DA:45,5
DA:46,5
DA:47,5
DA:51,1
DA:52,1
DA:53,1
DA:54,1
DA:55,1
DA:57,1
DA:58,1
DA:60,1
DA:61,1
DA:62,1
DA:63,1
DA:64,1
DA:65,1
DA:67,1
DA:70,1
DA:71,1
DA:72,1
DA:73,1
DA:74,1
DA:76,1
DA:79,1
DA:80,1
DA:81,1
DA:82,1
DA:83,1
DA:84,1
DA:85,1
DA:86,1
DA:89,1
DA:90,1
DA:91,1
DA:92,1
DA:93,1
DA:94,1
DA:95,1
DA:96,1
DA:97,1
DA:98,1
DA:99,1
DA:100,1
DA:101,1
DA:102,1
DA:103,1
DA:104,1
DA:105,1
DA:106,1
DA:107,1
DA:108,1
DA:109,1
DA:110,1
DA:111,1
DA:112,1
DA:113,1
DA:114,1
DA:115,1
DA:116,1
DA:117,1
DA:118,1
DA:119,1
DA:122,1
DA:123,1
DA:124,1
DA:125,1
DA:126,1
DA:127,1
DA:130,1
DA:131,1
DA:132,1
DA:133,1
DA:134,1
DA:135,1
DA:136,1
DA:137,1
DA:138,1
DA:139,1
DA:140,1
DA:141,1
DA:142,1
DA:143,1
DA:144,1
DA:147,1
DA:148,1
DA:149,1
DA:150,1
DA:151,1
DA:152,1
DA:153,1
DA:156,1
DA:157,1
DA:158,1
DA:159,1
DA:160,1
DA:161,1
DA:162,1
DA:163,1
DA:164,1
DA:165,1
DA:166,1
DA:167,1
DA:168,1
DA:169,1
DA:170,1
DA:171,1
DA:172,1
DA:173,1
DA:176,1
DA:177,1
DA:178,1
DA:198,1
DA:199,1
DA:200,1
DA:201,1
DA:202,1
DA:203,1
DA:204,1
DA:205,1
DA:206,1
DA:207,1
DA:210,1
DA:211,1
DA:212,1
DA:213,1
DA:214,1
DA:217,1
DA:218,1
DA:219,1
DA:220,1
DA:221,1
DA:222,1
DA:223,1
DA:224,1
DA:225,1
DA:226,1
DA:227,1
BRF:0
BRH:0
LF:161
LH:161
end_of_record
SF:/home/openai/strict-rs/strict-trybuild/src/internal/model.rs
FN:37,_RNvXNtNtCs2XM7MrsPp7J_8trybuild8internal5modelNtB2_4NameINtNtCs1ebytKxJxD4_4core7convert5AsRefNtNtNtCs1UD7cE40jqC_3std3ffi6os_str5OsStrE6as_ref
FN:37,_RNvXNtNtCsklyg55wmirV_8trybuild8internal5modelNtB2_4NameINtNtCs1ebytKxJxD4_4core7convert5AsRefNtNtNtCs1UD7cE40jqC_3std3ffi6os_str5OsStrE6as_ref
FNDA:26,_RNvXNtNtCs2XM7MrsPp7J_8trybuild8internal5modelNtB2_4NameINtNtCs1ebytKxJxD4_4core7convert5AsRefNtNtNtCs1UD7cE40jqC_3std3ffi6os_str5OsStrE6as_ref
FNDA:2,_RNvXNtNtCsklyg55wmirV_8trybuild8internal5modelNtB2_4NameINtNtCs1ebytKxJxD4_4core7convert5AsRefNtNtNtCs1UD7cE40jqC_3std3ffi6os_str5OsStrE6as_ref
FNF:1
FNH:1
DA:37,28
DA:38,28
DA:39,28
BRF:0
BRH:0
LF:3
LH:3
end_of_record
SF:/home/openai/strict-rs/strict-trybuild/src/internal/path.rs
FN:63,_RNCNvMNtNtCs2XM7MrsPp7J_8trybuild8internal4pathNtB4_13CanonicalPath3new0B8_
FN:62,_RNvMNtNtCs2XM7MrsPp7J_8trybuild8internal4pathNtB2_13CanonicalPath3new
FN:62,_RNvMNtNtCsklyg55wmirV_8trybuild8internal4pathNtB2_13CanonicalPath3new
FN:80,_RNvNtNtNtCsklyg55wmirV_8trybuild8internal4path5testss_15test_path_macro
FN:98,_RNvNtNtNtCsklyg55wmirV_8trybuild8internal4path5testss_65canonical_path_resolves_existing_paths_and_falls_back_for_missing
FN:63,_RNCNvMNtNtCsklyg55wmirV_8trybuild8internal4pathNtB4_13CanonicalPath3new0B8_
FNDA:1,_RNCNvMNtNtCs2XM7MrsPp7J_8trybuild8internal4pathNtB4_13CanonicalPath3new0B8_
FNDA:59,_RNvMNtNtCs2XM7MrsPp7J_8trybuild8internal4pathNtB2_13CanonicalPath3new
FNDA:13,_RNvMNtNtCsklyg55wmirV_8trybuild8internal4pathNtB2_13CanonicalPath3new
FNDA:1,_RNvNtNtNtCsklyg55wmirV_8trybuild8internal4path5testss_15test_path_macro
FNDA:1,_RNvNtNtNtCsklyg55wmirV_8trybuild8internal4path5testss_65canonical_path_resolves_existing_paths_and_falls_back_for_missing
FNDA:1,_RNCNvMNtNtCsklyg55wmirV_8trybuild8internal4pathNtB4_13CanonicalPath3new0B8_
FNF:4
FNH:4
DA:62,72
DA:63,72
DA:64,72
DA:80,1
DA:85,1
DA:86,1
DA:87,1
DA:89,1
DA:90,1
DA:91,1
DA:93,0
DA:94,1
DA:95,1
DA:98,1
DA:99,1
DA:100,1
DA:101,1
DA:102,1
DA:103,1
DA:104,1
DA:106,1
DA:107,1
DA:108,1
DA:109,1
DA:110,1
BRF:0
BRH:0
LF:26
LH:25
end_of_record
SF:/home/openai/strict-rs/strict-trybuild/src/internal/project.rs
FN:92,_RNvMNtNtCs2XM7MrsPp7J_8trybuild8internal7projectNtB2_8Selected10from_flags
FN:108,_RNvMNtNtCs2XM7MrsPp7J_8trybuild8internal7projectNtB2_8Selected4both
FN:102,_RNvMNtNtCs2XM7MrsPp7J_8trybuild8internal7projectNtB2_8Selected8has_pass
FN:133,_RNvNtNtNtCsklyg55wmirV_8trybuild8internal7project5testss_43selected_reports_registered_case_polarities
FN:92,_RNvMNtNtCsklyg55wmirV_8trybuild8internal7projectNtB2_8Selected10from_flags
FN:108,_RNvMNtNtCsklyg55wmirV_8trybuild8internal7projectNtB2_8Selected4both
FN:102,_RNvMNtNtCsklyg55wmirV_8trybuild8internal7projectNtB2_8Selected8has_pass
FNDA:5,_RNvMNtNtCs2XM7MrsPp7J_8trybuild8internal7projectNtB2_8Selected10from_flags
FNDA:4,_RNvMNtNtCs2XM7MrsPp7J_8trybuild8internal7projectNtB2_8Selected4both
FNDA:36,_RNvMNtNtCs2XM7MrsPp7J_8trybuild8internal7projectNtB2_8Selected8has_pass
FNDA:1,_RNvNtNtNtCsklyg55wmirV_8trybuild8internal7project5testss_43selected_reports_registered_case_polarities
FNDA:4,_RNvMNtNtCsklyg55wmirV_8trybuild8internal7projectNtB2_8Selected10from_flags
FNDA:4,_RNvMNtNtCsklyg55wmirV_8trybuild8internal7projectNtB2_8Selected4both
FNDA:10,_RNvMNtNtCsklyg55wmirV_8trybuild8internal7projectNtB2_8Selected8has_pass
FNF:4
FNH:4
DA:92,9
DA:93,9
DA:94,1
DA:95,3
DA:96,2
DA:97,3
DA:99,9
DA:102,46
DA:103,46
DA:104,46
DA:108,8
DA:109,8
DA:110,8
DA:133,1
DA:134,1
DA:135,1
DA:136,1
DA:137,1
DA:139,1
DA:140,1
DA:141,1
DA:142,1
DA:143,1
DA:144,1
DA:145,1
DA:146,1
DA:147,1
DA:148,1
DA:149,1
BRF:0
BRH:0
LF:29
LH:29
end_of_record
SF:/home/openai/strict-rs/strict-trybuild/src/internal/project/dependencies.rs
FN:379,_RINvXNvXs1_NtNtNtCs2XM7MrsPp7J_8trybuild8internal7project12dependenciesNtB9_10DependencyNtNtCs5MdA3GZiMS_10serde_core2de11Deserialize11deserializeNtB3_17DependencyVisitorNtB1q_7Visitor9visit_mapINtNtCsdmFn52PjgYX_13toml_datetime2de20DatetimeDeserializerNtNtNtCskBG72Ctk2Xq_4toml2de5error5ErrorEEBf_
FN:379,_RINvXNvXs1_NtNtNtCs2XM7MrsPp7J_8trybuild8internal7project12dependenciesNtB9_10DependencyNtNtCs5MdA3GZiMS_10serde_core2de11Deserialize11deserializeNtB3_17DependencyVisitorNtB1q_7Visitor9visit_mapNtNtNtNtCskBG72Ctk2Xq_4toml2de12deserializer5table14TableMapAccessEBf_
FN:363,_RINvXNvXs1_NtNtNtCs2XM7MrsPp7J_8trybuild8internal7project12dependenciesNtB9_10DependencyNtNtCs5MdA3GZiMS_10serde_core2de11Deserialize11deserializeNtB3_17DependencyVisitorNtB1q_7Visitor9visit_strNtNtNtCskBG72Ctk2Xq_4toml2de5error5ErrorEBf_
FN:325,_RINvXNvXs_NtNtNtCs2XM7MrsPp7J_8trybuild8internal7project12dependenciesNtB8_16EditionOrInheritNtNtCs5MdA3GZiMS_10serde_core2de11Deserialize11deserializeNtB3_23EditionOrInheritVisitorNtB1v_7Visitor9visit_mapINtNtCsdmFn52PjgYX_13toml_datetime2de20DatetimeDeserializerNtNtNtCskBG72Ctk2Xq_4toml2de5error5ErrorEEBe_
FN:325,_RINvXNvXs_NtNtNtCs2XM7MrsPp7J_8trybuild8internal7project12dependenciesNtB8_16EditionOrInheritNtNtCs5MdA3GZiMS_10serde_core2de11Deserialize11deserializeNtB3_23EditionOrInheritVisitorNtB1v_7Visitor9visit_mapNtNtNtNtCskBG72Ctk2Xq_4toml2de12deserializer5table14TableMapAccessEBe_
FN:318,_RINvXNvXs_NtNtNtCs2XM7MrsPp7J_8trybuild8internal7project12dependenciesNtB8_16EditionOrInheritNtNtCs5MdA3GZiMS_10serde_core2de11Deserialize11deserializeNtB3_23EditionOrInheritVisitorNtB1v_7Visitor9visit_strNtNtNtCskBG72Ctk2Xq_4toml2de5error5ErrorEBe_
FN:341,_RINvXs0_NtNtNtCs2XM7MrsPp7J_8trybuild8internal7project12dependenciesNtB6_10DependencyNtNtCs5MdA3GZiMS_10serde_core3ser9Serialize9serializeNtNtNtCskBG72Ctk2Xq_4toml3ser5value15ValueSerializerEBc_
FN:341,_RINvXs0_NtNtNtCs2XM7MrsPp7J_8trybuild8internal7project12dependenciesNtB6_10DependencyNtNtCs5MdA3GZiMS_10serde_core3ser9Serialize9serializeNtNtNtCskBG72Ctk2Xq_4toml3ser8document10SerializerEBc_
FN:341,_RINvXs0_NtNtNtCs2XM7MrsPp7J_8trybuild8internal7project12dependenciesNtB6_10DependencyNtNtCs5MdA3GZiMS_10serde_core3ser9Serialize9serializeNtNtNtNtCskBG72Ctk2Xq_4toml3ser5value3map18MapValueSerializerEBc_
FN:341,_RINvXs0_NtNtNtCs2XM7MrsPp7J_8trybuild8internal7project12dependenciesNtB6_10DependencyNtNtCs5MdA3GZiMS_10serde_core3ser9Serialize9serializeNtNtNtNtCskBG72Ctk2Xq_4toml3ser8document15array_of_tables23ArrayOfTablesSerializerEBc_
FN:341,_RINvXs0_NtNtNtCs2XM7MrsPp7J_8trybuild8internal7project12dependenciesNtB6_10DependencyNtNtCs5MdA3GZiMS_10serde_core3ser9Serialize9serializeNtNtNtNtCskBG72Ctk2Xq_4toml3ser8document8strategy9WalkValueEBc_
FN:350,_RINvXs1_NtNtNtCs2XM7MrsPp7J_8trybuild8internal7project12dependenciesNtB6_10DependencyNtNtCs5MdA3GZiMS_10serde_core2de11Deserialize11deserializeINtNtB1n_5value18StringDeserializerNtNtNtCskBG72Ctk2Xq_4toml2de5error5ErrorEEBc_
FN:350,_RINvXs1_NtNtNtCs2XM7MrsPp7J_8trybuild8internal7project12dependenciesNtB6_10DependencyNtNtCs5MdA3GZiMS_10serde_core2de11Deserialize11deserializeNtNtNtNtCskBG72Ctk2Xq_4toml2de12deserializer5value17ValueDeserializerEBc_
FN:305,_RINvXs_NtNtNtCs2XM7MrsPp7J_8trybuild8internal7project12dependenciesNtB5_16EditionOrInheritNtNtCs5MdA3GZiMS_10serde_core2de11Deserialize11deserializeINtNtB1s_5value17UsizeDeserializerNtNtNtCskBG72Ctk2Xq_4toml2de5error5ErrorEEBb_
FN:305,_RINvXs_NtNtNtCs2XM7MrsPp7J_8trybuild8internal7project12dependenciesNtB5_16EditionOrInheritNtNtCs5MdA3GZiMS_10serde_core2de11Deserialize11deserializeINtNtB1s_5value18StringDeserializerNtNtNtCskBG72Ctk2Xq_4toml2de5error5ErrorEEBb_
FN:305,_RINvXs_NtNtNtCs2XM7MrsPp7J_8trybuild8internal7project12dependenciesNtB5_16EditionOrInheritNtNtCs5MdA3GZiMS_10serde_core2de11Deserialize11deserializeNtNtNtNtCskBG72Ctk2Xq_4toml2de12deserializer5value17ValueDeserializerEBb_
FN:110,_RNCNvNtNtNtCs2XM7MrsPp7J_8trybuild8internal7project12dependencies11fix_patches0B9_
FN:44,_RNCNvNtNtNtCs2XM7MrsPp7J_8trybuild8internal7project12dependencies12get_manifest0B9_
FN:49,_RNCNvNtNtNtCs2XM7MrsPp7J_8trybuild8internal7project12dependencies12get_manifests_0B9_
FN:95,_RNCNvNtNtNtCs2XM7MrsPp7J_8trybuild8internal7project12dependencies16fix_dependencies0B9_
FN:125,_RNCNvNtNtNtCs2XM7MrsPp7J_8trybuild8internal7project12dependencies16fix_replacements0B9_
FN:106,_RNvNtNtNtCs2XM7MrsPp7J_8trybuild8internal7project12dependencies11fix_patches
FN:42,_RNvNtNtNtCs2XM7MrsPp7J_8trybuild8internal7project12dependencies12get_manifest
FN:92,_RNvNtNtNtCs2XM7MrsPp7J_8trybuild8internal7project12dependencies16fix_dependencies
FN:122,_RNvNtNtNtCs2XM7MrsPp7J_8trybuild8internal7project12dependencies16fix_replacements
FN:67,_RNvNtNtNtCs2XM7MrsPp7J_8trybuild8internal7project12dependencies22get_workspace_manifest
FN:78,_RNvNtNtNtCs2XM7MrsPp7J_8trybuild8internal7project12dependencies26try_get_workspace_manifest
FN:294,_RNvNtNtNtCs2XM7MrsPp7J_8trybuild8internal7project12dependencies8is_false
FN:299,_RNvXNtNtNtCs2XM7MrsPp7J_8trybuild8internal7project12dependenciesNtB2_16EditionOrInheritNtNtCs1ebytKxJxD4_4core7default7Default7default
FN:359,_RNvXNvXs1_NtNtNtCs2XM7MrsPp7J_8trybuild8internal7project12dependenciesNtB8_10DependencyNtNtCs5MdA3GZiMS_10serde_core2de11Deserialize11deserializeNtB2_17DependencyVisitorNtB1p_7Visitor9expecting
FN:314,_RNvXNvXs_NtNtNtCs2XM7MrsPp7J_8trybuild8internal7project12dependenciesNtB7_16EditionOrInheritNtNtCs5MdA3GZiMS_10serde_core2de11Deserialize11deserializeNtB2_23EditionOrInheritVisitorNtB1u_7Visitor9expecting
FN:379,_RINvXNvXs1_NtNtNtCsklyg55wmirV_8trybuild8internal7project12dependenciesNtB9_10DependencyNtNtCs5MdA3GZiMS_10serde_core2de11Deserialize11deserializeNtB3_17DependencyVisitorNtB1q_7Visitor9visit_mapINtNtCsdmFn52PjgYX_13toml_datetime2de20DatetimeDeserializerNtNtNtCskBG72Ctk2Xq_4toml2de5error5ErrorEEBf_
FN:379,_RINvXNvXs1_NtNtNtCsklyg55wmirV_8trybuild8internal7project12dependenciesNtB9_10DependencyNtNtCs5MdA3GZiMS_10serde_core2de11Deserialize11deserializeNtB3_17DependencyVisitorNtB1q_7Visitor9visit_mapNtNtNtNtCskBG72Ctk2Xq_4toml2de12deserializer5table14TableMapAccessEBf_
FN:363,_RINvXNvXs1_NtNtNtCsklyg55wmirV_8trybuild8internal7project12dependenciesNtB9_10DependencyNtNtCs5MdA3GZiMS_10serde_core2de11Deserialize11deserializeNtB3_17DependencyVisitorNtB1q_7Visitor9visit_strNtNtNtCskBG72Ctk2Xq_4toml2de5error5ErrorEBf_
FN:325,_RINvXNvXs_NtNtNtCsklyg55wmirV_8trybuild8internal7project12dependenciesNtB8_16EditionOrInheritNtNtCs5MdA3GZiMS_10serde_core2de11Deserialize11deserializeNtB3_23EditionOrInheritVisitorNtB1v_7Visitor9visit_mapINtNtCsdmFn52PjgYX_13toml_datetime2de20DatetimeDeserializerNtNtNtCskBG72Ctk2Xq_4toml2de5error5ErrorEEBe_
FN:325,_RINvXNvXs_NtNtNtCsklyg55wmirV_8trybuild8internal7project12dependenciesNtB8_16EditionOrInheritNtNtCs5MdA3GZiMS_10serde_core2de11Deserialize11deserializeNtB3_23EditionOrInheritVisitorNtB1v_7Visitor9visit_mapNtNtNtNtCskBG72Ctk2Xq_4toml2de12deserializer5table14TableMapAccessEBe_
FN:318,_RINvXNvXs_NtNtNtCsklyg55wmirV_8trybuild8internal7project12dependenciesNtB8_16EditionOrInheritNtNtCs5MdA3GZiMS_10serde_core2de11Deserialize11deserializeNtB3_23EditionOrInheritVisitorNtB1v_7Visitor9visit_strNtNtNtCskBG72Ctk2Xq_4toml2de5error5ErrorEBe_
FN:341,_RINvXs0_NtNtNtCsklyg55wmirV_8trybuild8internal7project12dependenciesNtB6_10DependencyNtNtCs5MdA3GZiMS_10serde_core3ser9Serialize9serializeNtNtNtCskBG72Ctk2Xq_4toml3ser5value15ValueSerializerEBc_
FN:341,_RINvXs0_NtNtNtCsklyg55wmirV_8trybuild8internal7project12dependenciesNtB6_10DependencyNtNtCs5MdA3GZiMS_10serde_core3ser9Serialize9serializeNtNtNtCskBG72Ctk2Xq_4toml3ser8document10SerializerEBc_
FN:341,_RINvXs0_NtNtNtCsklyg55wmirV_8trybuild8internal7project12dependenciesNtB6_10DependencyNtNtCs5MdA3GZiMS_10serde_core3ser9Serialize9serializeNtNtNtNtCskBG72Ctk2Xq_4toml3ser5value3map18MapValueSerializerEBc_
FN:341,_RINvXs0_NtNtNtCsklyg55wmirV_8trybuild8internal7project12dependenciesNtB6_10DependencyNtNtCs5MdA3GZiMS_10serde_core3ser9Serialize9serializeNtNtNtNtCskBG72Ctk2Xq_4toml3ser8document15array_of_tables23ArrayOfTablesSerializerEBc_
FN:341,_RINvXs0_NtNtNtCsklyg55wmirV_8trybuild8internal7project12dependenciesNtB6_10DependencyNtNtCs5MdA3GZiMS_10serde_core3ser9Serialize9serializeNtNtNtNtCskBG72Ctk2Xq_4toml3ser8document8strategy9WalkValueEBc_
FN:350,_RINvXs1_NtNtNtCsklyg55wmirV_8trybuild8internal7project12dependenciesNtB6_10DependencyNtNtCs5MdA3GZiMS_10serde_core2de11Deserialize11deserializeINtNtB1n_5value18StringDeserializerNtNtNtCskBG72Ctk2Xq_4toml2de5error5ErrorEEBc_
FN:350,_RINvXs1_NtNtNtCsklyg55wmirV_8trybuild8internal7project12dependenciesNtB6_10DependencyNtNtCs5MdA3GZiMS_10serde_core2de11Deserialize11deserializeNtNtNtNtCskBG72Ctk2Xq_4toml2de12deserializer5value17ValueDeserializerEBc_
FN:305,_RINvXs_NtNtNtCsklyg55wmirV_8trybuild8internal7project12dependenciesNtB5_16EditionOrInheritNtNtCs5MdA3GZiMS_10serde_core2de11Deserialize11deserializeINtNtB1s_5value17UsizeDeserializerNtNtNtCskBG72Ctk2Xq_4toml2de5error5ErrorEEBb_
FN:305,_RINvXs_NtNtNtCsklyg55wmirV_8trybuild8internal7project12dependenciesNtB5_16EditionOrInheritNtNtCs5MdA3GZiMS_10serde_core2de11Deserialize11deserializeINtNtB1s_5value18StringDeserializerNtNtNtCskBG72Ctk2Xq_4toml2de5error5ErrorEEBb_
FN:305,_RINvXs_NtNtNtCsklyg55wmirV_8trybuild8internal7project12dependenciesNtB5_16EditionOrInheritNtNtCs5MdA3GZiMS_10serde_core2de11Deserialize11deserializeNtNtNtNtCskBG72Ctk2Xq_4toml2de12deserializer5value17ValueDeserializerEBb_
FN:110,_RNCNvNtNtNtCsklyg55wmirV_8trybuild8internal7project12dependencies11fix_patches0B9_
FN:44,_RNCNvNtNtNtCsklyg55wmirV_8trybuild8internal7project12dependencies12get_manifest0B9_
FN:49,_RNCNvNtNtNtCsklyg55wmirV_8trybuild8internal7project12dependencies12get_manifests_0B9_
FN:95,_RNCNvNtNtNtCsklyg55wmirV_8trybuild8internal7project12dependencies16fix_dependencies0B9_
FN:125,_RNCNvNtNtNtCsklyg55wmirV_8trybuild8internal7project12dependencies16fix_replacements0B9_
FN:106,_RNvNtNtNtCsklyg55wmirV_8trybuild8internal7project12dependencies11fix_patches
FN:42,_RNvNtNtNtCsklyg55wmirV_8trybuild8internal7project12dependencies12get_manifest
FN:92,_RNvNtNtNtCsklyg55wmirV_8trybuild8internal7project12dependencies16fix_dependencies
FN:122,_RNvNtNtNtCsklyg55wmirV_8trybuild8internal7project12dependencies16fix_replacements
FN:67,_RNvNtNtNtCsklyg55wmirV_8trybuild8internal7project12dependencies22get_workspace_manifest
FN:78,_RNvNtNtNtCsklyg55wmirV_8trybuild8internal7project12dependencies26try_get_workspace_manifest
FN:294,_RNvNtNtNtCsklyg55wmirV_8trybuild8internal7project12dependencies8is_false
FN:299,_RNvXNtNtNtCsklyg55wmirV_8trybuild8internal7project12dependenciesNtB2_16EditionOrInheritNtNtCs1ebytKxJxD4_4core7default7Default7default
FN:359,_RNvXNvXs1_NtNtNtCsklyg55wmirV_8trybuild8internal7project12dependenciesNtB8_10DependencyNtNtCs5MdA3GZiMS_10serde_core2de11Deserialize11deserializeNtB2_17DependencyVisitorNtB1p_7Visitor9expecting
FN:314,_RNvXNvXs_NtNtNtCsklyg55wmirV_8trybuild8internal7project12dependenciesNtB7_16EditionOrInheritNtNtCs5MdA3GZiMS_10serde_core2de11Deserialize11deserializeNtB2_23EditionOrInheritVisitorNtB1u_7Visitor9expecting
FN:442,_RINvNtNtNtNtCsklyg55wmirV_8trybuild8internal7project12dependencies5tests16ensure_unchangedNtB4_10DependencyEBa_
FN:442,_RINvNtNtNtNtCsklyg55wmirV_8trybuild8internal7project12dependencies5tests16ensure_unchangedNtB4_5PatchEBa_
FN:432,_RINvNtNtNtNtCsklyg55wmirV_8trybuild8internal7project12dependencies5tests17ensure_round_tripNtB4_10DependencyEBa_
FN:432,_RINvNtNtNtNtCsklyg55wmirV_8trybuild8internal7project12dependencies5tests17ensure_round_tripNtB4_5PatchEBa_
FN:449,_RINvNtNtNtNtCsklyg55wmirV_8trybuild8internal7project12dependencies5tests9dep_entryNtB4_10DependencyEBa_
FN:449,_RINvNtNtNtNtCsklyg55wmirV_8trybuild8internal7project12dependencies5tests9dep_entryNtB4_5PatchEBa_
FN:550,_RNCNvNtNtNtNtCsklyg55wmirV_8trybuild8internal7project12dependencies5testss_62workspace_manifest_rewrites_patch_replace_and_dependency_paths0Bb_
FN:563,_RNCNvNtNtNtNtCsklyg55wmirV_8trybuild8internal7project12dependencies5testss_62workspace_manifest_rewrites_patch_replace_and_dependency_pathss0_0Bb_
FN:558,_RNCNvNtNtNtNtCsklyg55wmirV_8trybuild8internal7project12dependencies5testss_62workspace_manifest_rewrites_patch_replace_and_dependency_pathss_0Bb_
FN:506,_RNCNvNtNtNtNtCsklyg55wmirV_8trybuild8internal7project12dependencies5testss_64get_manifest_rewrites_dependency_paths_and_drops_self_dependency0Bb_
FN:514,_RNCNvNtNtNtNtCsklyg55wmirV_8trybuild8internal7project12dependencies5testss_64get_manifest_rewrites_dependency_paths_and_drops_self_dependencys0_0Bb_
FN:510,_RNCNvNtNtNtNtCsklyg55wmirV_8trybuild8internal7project12dependencies5testss_64get_manifest_rewrites_dependency_paths_and_drops_self_dependencys_0Bb_
FN:453,_RNvNtNtNtNtCsklyg55wmirV_8trybuild8internal7project12dependencies5tests15dependency_from
FN:422,_RNvNtNtNtNtCsklyg55wmirV_8trybuild8internal7project12dependencies5tests16manifest_fixture
FN:458,_RNvNtNtNtNtCsklyg55wmirV_8trybuild8internal7project12dependencies5tests17ensure_git_source
FN:467,_RNvNtNtNtNtCsklyg55wmirV_8trybuild8internal7project12dependencies5tests20ensure_no_git_source
FN:693,_RNvNtNtNtNtCsklyg55wmirV_8trybuild8internal7project12dependencies5testss_23patch_entry_round_trips
FN:677,_RNvNtNtNtNtCsklyg55wmirV_8trybuild8internal7project12dependencies5testss_25unknown_keys_flow_to_rest
FN:650,_RNvNtNtNtNtCsklyg55wmirV_8trybuild8internal7project12dependencies5testss_29string_shorthand_still_parses
FN:687,_RNvNtNtNtNtCsklyg55wmirV_8trybuild8internal7project12dependencies5testss_30absent_git_fields_stay_omitted
FN:639,_RNvNtNtNtNtCsklyg55wmirV_8trybuild8internal7project12dependencies5testss_32git_table_dependency_round_trips
FN:571,_RNvNtNtNtNtCsklyg55wmirV_8trybuild8internal7project12dependencies5testss_44missing_workspace_manifest_defaults_to_empty
FN:631,_RNvNtNtNtNtCsklyg55wmirV_8trybuild8internal7project12dependencies5testss_46non_string_non_table_dependencies_are_rejected
FN:522,_RNvNtNtNtNtCsklyg55wmirV_8trybuild8internal7project12dependencies5testss_62workspace_manifest_rewrites_patch_replace_and_dependency_paths
FN:586,_RNvNtNtNtNtCsklyg55wmirV_8trybuild8internal7project12dependencies5testss_63package_edition_accepts_strings_and_rejects_invalid_inheritance
FN:477,_RNvNtNtNtNtCsklyg55wmirV_8trybuild8internal7project12dependencies5testss_64get_manifest_rewrites_dependency_paths_and_drops_self_dependency
FNDA:0,_RINvXNvXs1_NtNtNtCs2XM7MrsPp7J_8trybuild8internal7project12dependenciesNtB9_10DependencyNtNtCs5MdA3GZiMS_10serde_core2de11Deserialize11deserializeNtB3_17DependencyVisitorNtB1q_7Visitor9visit_mapINtNtCsdmFn52PjgYX_13toml_datetime2de20DatetimeDeserializerNtNtNtCskBG72Ctk2Xq_4toml2de5error5ErrorEEBf_
FNDA:78,_RINvXNvXs1_NtNtNtCs2XM7MrsPp7J_8trybuild8internal7project12dependenciesNtB9_10DependencyNtNtCs5MdA3GZiMS_10serde_core2de11Deserialize11deserializeNtB3_17DependencyVisitorNtB1q_7Visitor9visit_mapNtNtNtNtCskBG72Ctk2Xq_4toml2de12deserializer5table14TableMapAccessEBf_
FNDA:48,_RINvXNvXs1_NtNtNtCs2XM7MrsPp7J_8trybuild8internal7project12dependenciesNtB9_10DependencyNtNtCs5MdA3GZiMS_10serde_core2de11Deserialize11deserializeNtB3_17DependencyVisitorNtB1q_7Visitor9visit_strNtNtNtCskBG72Ctk2Xq_4toml2de5error5ErrorEBf_
FNDA:0,_RINvXNvXs_NtNtNtCs2XM7MrsPp7J_8trybuild8internal7project12dependenciesNtB8_16EditionOrInheritNtNtCs5MdA3GZiMS_10serde_core2de11Deserialize11deserializeNtB3_23EditionOrInheritVisitorNtB1v_7Visitor9visit_mapINtNtCsdmFn52PjgYX_13toml_datetime2de20DatetimeDeserializerNtNtNtCskBG72Ctk2Xq_4toml2de5error5ErrorEEBe_
FNDA:3,_RINvXNvXs_NtNtNtCs2XM7MrsPp7J_8trybuild8internal7project12dependenciesNtB8_16EditionOrInheritNtNtCs5MdA3GZiMS_10serde_core2de11Deserialize11deserializeNtB3_23EditionOrInheritVisitorNtB1v_7Visitor9visit_mapNtNtNtNtCskBG72Ctk2Xq_4toml2de12deserializer5table14TableMapAccessEBe_
FNDA:2,_RINvXNvXs_NtNtNtCs2XM7MrsPp7J_8trybuild8internal7project12dependenciesNtB8_16EditionOrInheritNtNtCs5MdA3GZiMS_10serde_core2de11Deserialize11deserializeNtB3_23EditionOrInheritVisitorNtB1v_7Visitor9visit_strNtNtNtCskBG72Ctk2Xq_4toml2de5error5ErrorEBe_
FNDA:0,_RINvXs0_NtNtNtCs2XM7MrsPp7J_8trybuild8internal7project12dependenciesNtB6_10DependencyNtNtCs5MdA3GZiMS_10serde_core3ser9Serialize9serializeNtNtNtCskBG72Ctk2Xq_4toml3ser5value15ValueSerializerEBc_
FNDA:128,_RINvXs0_NtNtNtCs2XM7MrsPp7J_8trybuild8internal7project12dependenciesNtB6_10DependencyNtNtCs5MdA3GZiMS_10serde_core3ser9Serialize9serializeNtNtNtCskBG72Ctk2Xq_4toml3ser8document10SerializerEBc_
FNDA:0,_RINvXs0_NtNtNtCs2XM7MrsPp7J_8trybuild8internal7project12dependenciesNtB6_10DependencyNtNtCs5MdA3GZiMS_10serde_core3ser9Serialize9serializeNtNtNtNtCskBG72Ctk2Xq_4toml3ser5value3map18MapValueSerializerEBc_
FNDA:0,_RINvXs0_NtNtNtCs2XM7MrsPp7J_8trybuild8internal7project12dependenciesNtB6_10DependencyNtNtCs5MdA3GZiMS_10serde_core3ser9Serialize9serializeNtNtNtNtCskBG72Ctk2Xq_4toml3ser8document15array_of_tables23ArrayOfTablesSerializerEBc_
FNDA:128,_RINvXs0_NtNtNtCs2XM7MrsPp7J_8trybuild8internal7project12dependenciesNtB6_10DependencyNtNtCs5MdA3GZiMS_10serde_core3ser9Serialize9serializeNtNtNtNtCskBG72Ctk2Xq_4toml3ser8document8strategy9WalkValueEBc_
FNDA:0,_RINvXs1_NtNtNtCs2XM7MrsPp7J_8trybuild8internal7project12dependenciesNtB6_10DependencyNtNtCs5MdA3GZiMS_10serde_core2de11Deserialize11deserializeINtNtB1n_5value18StringDeserializerNtNtNtCskBG72Ctk2Xq_4toml2de5error5ErrorEEBc_
FNDA:126,_RINvXs1_NtNtNtCs2XM7MrsPp7J_8trybuild8internal7project12dependenciesNtB6_10DependencyNtNtCs5MdA3GZiMS_10serde_core2de11Deserialize11deserializeNtNtNtNtCskBG72Ctk2Xq_4toml2de12deserializer5value17ValueDeserializerEBc_
FNDA:0,_RINvXs_NtNtNtCs2XM7MrsPp7J_8trybuild8internal7project12dependenciesNtB5_16EditionOrInheritNtNtCs5MdA3GZiMS_10serde_core2de11Deserialize11deserializeINtNtB1s_5value17UsizeDeserializerNtNtNtCskBG72Ctk2Xq_4toml2de5error5ErrorEEBb_
FNDA:0,_RINvXs_NtNtNtCs2XM7MrsPp7J_8trybuild8internal7project12dependenciesNtB5_16EditionOrInheritNtNtCs5MdA3GZiMS_10serde_core2de11Deserialize11deserializeINtNtB1s_5value18StringDeserializerNtNtNtCskBG72Ctk2Xq_4toml2de5error5ErrorEEBb_
FNDA:5,_RINvXs_NtNtNtCs2XM7MrsPp7J_8trybuild8internal7project12dependenciesNtB5_16EditionOrInheritNtNtCs5MdA3GZiMS_10serde_core2de11Deserialize11deserializeNtNtNtNtCskBG72Ctk2Xq_4toml2de12deserializer5value17ValueDeserializerEBb_
FNDA:0,_RNCNvNtNtNtCs2XM7MrsPp7J_8trybuild8internal7project12dependencies11fix_patches0B9_
FNDA:5,_RNCNvNtNtNtCs2XM7MrsPp7J_8trybuild8internal7project12dependencies12get_manifest0B9_
FNDA:0,_RNCNvNtNtNtCs2XM7MrsPp7J_8trybuild8internal7project12dependencies12get_manifests_0B9_
FNDA:0,_RNCNvNtNtNtCs2XM7MrsPp7J_8trybuild8internal7project12dependencies16fix_dependencies0B9_
FNDA:0,_RNCNvNtNtNtCs2XM7MrsPp7J_8trybuild8internal7project12dependencies16fix_replacements0B9_
FNDA:5,_RNvNtNtNtCs2XM7MrsPp7J_8trybuild8internal7project12dependencies11fix_patches
FNDA:5,_RNvNtNtNtCs2XM7MrsPp7J_8trybuild8internal7project12dependencies12get_manifest
FNDA:15,_RNvNtNtNtCs2XM7MrsPp7J_8trybuild8internal7project12dependencies16fix_dependencies
FNDA:5,_RNvNtNtNtCs2XM7MrsPp7J_8trybuild8internal7project12dependencies16fix_replacements
FNDA:5,_RNvNtNtNtCs2XM7MrsPp7J_8trybuild8internal7project12dependencies22get_workspace_manifest
FNDA:5,_RNvNtNtNtCs2XM7MrsPp7J_8trybuild8internal7project12dependencies26try_get_workspace_manifest
FNDA:256,_RNvNtNtNtCs2XM7MrsPp7J_8trybuild8internal7project12dependencies8is_false
FNDA:0,_RNvXNtNtNtCs2XM7MrsPp7J_8trybuild8internal7project12dependenciesNtB2_16EditionOrInheritNtNtCs1ebytKxJxD4_4core7default7Default7default
FNDA:0,_RNvXNvXs1_NtNtNtCs2XM7MrsPp7J_8trybuild8internal7project12dependenciesNtB8_10DependencyNtNtCs5MdA3GZiMS_10serde_core2de11Deserialize11deserializeNtB2_17DependencyVisitorNtB1p_7Visitor9expecting
FNDA:0,_RNvXNvXs_NtNtNtCs2XM7MrsPp7J_8trybuild8internal7project12dependenciesNtB7_16EditionOrInheritNtNtCs5MdA3GZiMS_10serde_core2de11Deserialize11deserializeNtB2_23EditionOrInheritVisitorNtB1u_7Visitor9expecting
FNDA:0,_RINvXNvXs1_NtNtNtCsklyg55wmirV_8trybuild8internal7project12dependenciesNtB9_10DependencyNtNtCs5MdA3GZiMS_10serde_core2de11Deserialize11deserializeNtB3_17DependencyVisitorNtB1q_7Visitor9visit_mapINtNtCsdmFn52PjgYX_13toml_datetime2de20DatetimeDeserializerNtNtNtCskBG72Ctk2Xq_4toml2de5error5ErrorEEBf_
[...]
DA:219,1
DA:221,1
BRDA:37,0,0,4
BRDA:37,0,1,32
BRDA:85,0,0,2
BRDA:85,0,1,36
BRDA:86,0,0,2
BRDA:86,0,1,0
BRDA:87,0,0,1
BRDA:87,0,1,1
BRF:8
BRH:7
LF:123
LH:123
end_of_record
SF:/home/openai/strict-rs/strict-trybuild/src/internal/sys.rs
FN:40,_RNvNtNtNtCsklyg55wmirV_8trybuild8internal3sys5testss_40update_var_message_lists_supported_modes
FNDA:1,_RNvNtNtNtCsklyg55wmirV_8trybuild8internal3sys5testss_40update_var_message_lists_supported_modes
FNF:1
FNH:1
DA:40,1
DA:41,1
DA:42,1
DA:44,1
DA:45,1
DA:47,0
DA:48,1
DA:49,1
BRF:0
BRH:0
LF:8
LH:7
end_of_record
SF:/home/openai/strict-rs/strict-trybuild/src/internal/sys/directory.rs
FN:62,_RNvMNtNtNtCs2XM7MrsPp7J_8trybuild8internal3sys9directoryNtB2_9Directory12canonicalize
FN:47,_RNvMNtNtNtCs2XM7MrsPp7J_8trybuild8internal3sys9directoryNtB2_9Directory15to_string_lossy
FN:57,_RNvMNtNtNtCs2XM7MrsPp7J_8trybuild8internal3sys9directoryNtB2_9Directory6parent
FN:42,_RNvMNtNtNtCs2XM7MrsPp7J_8trybuild8internal3sys9directoryNtB2_9Directory7current
FN:74,_RNvXs0_NtNtNtCs2XM7MrsPp7J_8trybuild8internal3sys9directoryNtB5_9DirectoryINtNtCs1ebytKxJxD4_4core7convert5AsRefNtNtCs1UD7cE40jqC_3std4path4PathE6as_ref
FN:68,_RNvXs_NtNtNtCs2XM7MrsPp7J_8trybuild8internal3sys9directoryNtB4_9DirectoryINtNtCs1ebytKxJxD4_4core7convert4FromNtNtNtCs1UD7cE40jqC_3std3ffi6os_str8OsStringE4from
FN:28,_RINvMNtNtNtCs2XM7MrsPp7J_8trybuild8internal3sys9directoryNtB3_9Directory3newNtNtCs1UD7cE40jqC_3std4path7PathBufEB9_
FN:28,_RINvMNtNtNtCs2XM7MrsPp7J_8trybuild8internal3sys9directoryNtB3_9Directory3newRNtNtCs1UD7cE40jqC_3std4path4PathEB9_
FN:52,_RINvMNtNtNtCs2XM7MrsPp7J_8trybuild8internal3sys9directoryNtB3_9Directory4joinRBT_EB9_
FN:52,_RINvMNtNtNtCs2XM7MrsPp7J_8trybuild8internal3sys9directoryNtB3_9Directory4joinRNtNtCs1UD7cE40jqC_3std4path7PathBufEB9_
FN:52,_RINvMNtNtNtCs2XM7MrsPp7J_8trybuild8internal3sys9directoryNtB3_9Directory4joinReEB9_
FN:80,_RINvXs1_NtNtNtCs2XM7MrsPp7J_8trybuild8internal3sys9directoryNtB6_9DirectoryNtNtCs5MdA3GZiMS_10serde_core2de11Deserialize11deserializeINtNvNtNtCsb4QOqqjg1ds_5serde7private2de13missing_field24MissingFieldDeserializerNtNtCse8Bb5EmAeRA_10serde_json5error5ErrorEEBc_
FN:80,_RINvXs1_NtNtNtCs2XM7MrsPp7J_8trybuild8internal3sys9directoryNtB6_9DirectoryNtNtCs5MdA3GZiMS_10serde_core2de11Deserialize11deserializeNtNtNtNtCskBG72Ctk2Xq_4toml2de12deserializer5value17ValueDeserializerEBc_
FN:80,_RINvXs1_NtNtNtCs2XM7MrsPp7J_8trybuild8internal3sys9directoryNtB6_9DirectoryNtNtCs5MdA3GZiMS_10serde_core2de11Deserialize11deserializeQINtNtCse8Bb5EmAeRA_10serde_json2de12DeserializerNtNtB2d_4read9SliceReadEEBc_
FN:143,_RNvNtNtNtNtCsklyg55wmirV_8trybuild8internal3sys9directory5testss_29deserialize_wraps_path_values
FN:125,_RNvNtNtNtNtCsklyg55wmirV_8trybuild8internal3sys9directory5testss_54current_and_canonicalize_report_filesystem_directories
FN:102,_RNvNtNtNtNtCsklyg55wmirV_8trybuild8internal3sys9directory5testss_54directory_wraps_paths_with_join_parent_and_lossy_views
FN:62,_RNvMNtNtNtCsklyg55wmirV_8trybuild8internal3sys9directoryNtB2_9Directory12canonicalize
FN:47,_RNvMNtNtNtCsklyg55wmirV_8trybuild8internal3sys9directoryNtB2_9Directory15to_string_lossy
FN:57,_RNvMNtNtNtCsklyg55wmirV_8trybuild8internal3sys9directoryNtB2_9Directory6parent
FN:42,_RNvMNtNtNtCsklyg55wmirV_8trybuild8internal3sys9directoryNtB2_9Directory7current
FN:74,_RNvXs0_NtNtNtCsklyg55wmirV_8trybuild8internal3sys9directoryNtB5_9DirectoryINtNtCs1ebytKxJxD4_4core7convert5AsRefNtNtCs1UD7cE40jqC_3std4path4PathE6as_ref
FN:68,_RNvXs_NtNtNtCsklyg55wmirV_8trybuild8internal3sys9directoryNtB4_9DirectoryINtNtCs1ebytKxJxD4_4core7convert4FromNtNtNtCs1UD7cE40jqC_3std3ffi6os_str8OsStringE4from
FN:28,_RINvMNtNtNtCsklyg55wmirV_8trybuild8internal3sys9directoryNtB3_9Directory3newNtNtCs1UD7cE40jqC_3std4path7PathBufEB9_
FN:28,_RINvMNtNtNtCsklyg55wmirV_8trybuild8internal3sys9directoryNtB3_9Directory3newRNtNtCs1UD7cE40jqC_3std4path4PathEB9_
FN:28,_RINvMNtNtNtCsklyg55wmirV_8trybuild8internal3sys9directoryNtB3_9Directory3newRNtNtCs1UD7cE40jqC_3std4path7PathBufEB9_
FN:28,_RINvMNtNtNtCsklyg55wmirV_8trybuild8internal3sys9directoryNtB3_9Directory3newReEB9_
FN:52,_RINvMNtNtNtCsklyg55wmirV_8trybuild8internal3sys9directoryNtB3_9Directory4joinRBT_EB9_
FN:52,_RINvMNtNtNtCsklyg55wmirV_8trybuild8internal3sys9directoryNtB3_9Directory4joinRNtNtCs1UD7cE40jqC_3std4path7PathBufEB9_
FN:52,_RINvMNtNtNtCsklyg55wmirV_8trybuild8internal3sys9directoryNtB3_9Directory4joinReEB9_
FN:80,_RINvXs1_NtNtNtCsklyg55wmirV_8trybuild8internal3sys9directoryNtB6_9DirectoryNtNtCs5MdA3GZiMS_10serde_core2de11Deserialize11deserializeINtNtB1d_5value17UsizeDeserializerNtNtNtCskBG72Ctk2Xq_4toml2de5error5ErrorEEBc_
FN:80,_RINvXs1_NtNtNtCsklyg55wmirV_8trybuild8internal3sys9directoryNtB6_9DirectoryNtNtCs5MdA3GZiMS_10serde_core2de11Deserialize11deserializeINtNtB1d_5value18StringDeserializerNtNtNtCskBG72Ctk2Xq_4toml2de5error5ErrorEEBc_
FN:80,_RINvXs1_NtNtNtCsklyg55wmirV_8trybuild8internal3sys9directoryNtB6_9DirectoryNtNtCs5MdA3GZiMS_10serde_core2de11Deserialize11deserializeINtNvNtNtCsb4QOqqjg1ds_5serde7private2de13missing_field24MissingFieldDeserializerNtNtNtCskBG72Ctk2Xq_4toml2de5error5ErrorEEBc_
FN:80,_RINvXs1_NtNtNtCsklyg55wmirV_8trybuild8internal3sys9directoryNtB6_9DirectoryNtNtCs5MdA3GZiMS_10serde_core2de11Deserialize11deserializeNtNtNtNtCskBG72Ctk2Xq_4toml2de12deserializer5value17ValueDeserializerEBc_
FNDA:0,_RNvMNtNtNtCs2XM7MrsPp7J_8trybuild8internal3sys9directoryNtB2_9Directory12canonicalize
FNDA:3682,_RNvMNtNtNtCs2XM7MrsPp7J_8trybuild8internal3sys9directoryNtB2_9Directory15to_string_lossy
FNDA:0,_RNvMNtNtNtCs2XM7MrsPp7J_8trybuild8internal3sys9directoryNtB2_9Directory6parent
FNDA:0,_RNvMNtNtNtCs2XM7MrsPp7J_8trybuild8internal3sys9directoryNtB2_9Directory7current
FNDA:141,_RNvXs0_NtNtNtCs2XM7MrsPp7J_8trybuild8internal3sys9directoryNtB5_9DirectoryINtNtCs1ebytKxJxD4_4core7convert5AsRefNtNtCs1UD7cE40jqC_3std4path4PathE6as_ref
FNDA:5,_RNvXs_NtNtNtCs2XM7MrsPp7J_8trybuild8internal3sys9directoryNtB4_9DirectoryINtNtCs1ebytKxJxD4_4core7convert4FromNtNtNtCs1UD7cE40jqC_3std3ffi6os_str8OsStringE4from
FNDA:20,_RINvMNtNtNtCs2XM7MrsPp7J_8trybuild8internal3sys9directoryNtB3_9Directory3newNtNtCs1UD7cE40jqC_3std4path7PathBufEB9_
FNDA:0,_RINvMNtNtNtCs2XM7MrsPp7J_8trybuild8internal3sys9directoryNtB3_9Directory3newRNtNtCs1UD7cE40jqC_3std4path4PathEB9_
FNDA:0,_RINvMNtNtNtCs2XM7MrsPp7J_8trybuild8internal3sys9directoryNtB3_9Directory4joinRBT_EB9_
FNDA:60,_RINvMNtNtNtCs2XM7MrsPp7J_8trybuild8internal3sys9directoryNtB3_9Directory4joinRNtNtCs1UD7cE40jqC_3std4path7PathBufEB9_
FNDA:15,_RINvMNtNtNtCs2XM7MrsPp7J_8trybuild8internal3sys9directoryNtB3_9Directory4joinReEB9_
FNDA:0,_RINvXs1_NtNtNtCs2XM7MrsPp7J_8trybuild8internal3sys9directoryNtB6_9DirectoryNtNtCs5MdA3GZiMS_10serde_core2de11Deserialize11deserializeINtNvNtNtCsb4QOqqjg1ds_5serde7private2de13missing_field24MissingFieldDeserializerNtNtCse8Bb5EmAeRA_10serde_json5error5ErrorEEBc_
FNDA:0,_RINvXs1_NtNtNtCs2XM7MrsPp7J_8trybuild8internal3sys9directoryNtB6_9DirectoryNtNtCs5MdA3GZiMS_10serde_core2de11Deserialize11deserializeNtNtNtNtCskBG72Ctk2Xq_4toml2de12deserializer5value17ValueDeserializerEBc_
FNDA:10,_RINvXs1_NtNtNtCs2XM7MrsPp7J_8trybuild8internal3sys9directoryNtB6_9DirectoryNtNtCs5MdA3GZiMS_10serde_core2de11Deserialize11deserializeQINtNtCse8Bb5EmAeRA_10serde_json2de12DeserializerNtNtB2d_4read9SliceReadEEBc_
FNDA:1,_RNvNtNtNtNtCsklyg55wmirV_8trybuild8internal3sys9directory5testss_29deserialize_wraps_path_values
FNDA:1,_RNvNtNtNtNtCsklyg55wmirV_8trybuild8internal3sys9directory5testss_54current_and_canonicalize_report_filesystem_directories
FNDA:1,_RNvNtNtNtNtCsklyg55wmirV_8trybuild8internal3sys9directory5testss_54directory_wraps_paths_with_join_parent_and_lossy_views
FNDA:4,_RNvMNtNtNtCsklyg55wmirV_8trybuild8internal3sys9directoryNtB2_9Directory12canonicalize
FNDA:20106,_RNvMNtNtNtCsklyg55wmirV_8trybuild8internal3sys9directoryNtB2_9Directory15to_string_lossy
FNDA:6,_RNvMNtNtNtCsklyg55wmirV_8trybuild8internal3sys9directoryNtB2_9Directory6parent
FNDA:2,_RNvMNtNtNtCsklyg55wmirV_8trybuild8internal3sys9directoryNtB2_9Directory7current
FNDA:60,_RNvXs0_NtNtNtCsklyg55wmirV_8trybuild8internal3sys9directoryNtB5_9DirectoryINtNtCs1ebytKxJxD4_4core7convert5AsRefNtNtCs1UD7cE40jqC_3std4path4PathE6as_ref
FNDA:1,_RNvXs_NtNtNtCsklyg55wmirV_8trybuild8internal3sys9directoryNtB4_9DirectoryINtNtCs1ebytKxJxD4_4core7convert4FromNtNtNtCs1UD7cE40jqC_3std3ffi6os_str8OsStringE4from
FNDA:63,_RINvMNtNtNtCsklyg55wmirV_8trybuild8internal3sys9directoryNtB3_9Directory3newNtNtCs1UD7cE40jqC_3std4path7PathBufEB9_
FNDA:10,_RINvMNtNtNtCsklyg55wmirV_8trybuild8internal3sys9directoryNtB3_9Directory3newRNtNtCs1UD7cE40jqC_3std4path4PathEB9_
FNDA:1,_RINvMNtNtNtCsklyg55wmirV_8trybuild8internal3sys9directoryNtB3_9Directory3newRNtNtCs1UD7cE40jqC_3std4path7PathBufEB9_
FNDA:113,_RINvMNtNtNtCsklyg55wmirV_8trybuild8internal3sys9directoryNtB3_9Directory3newReEB9_
FNDA:4,_RINvMNtNtNtCsklyg55wmirV_8trybuild8internal3sys9directoryNtB3_9Directory4joinRBT_EB9_
FNDA:3,_RINvMNtNtNtCsklyg55wmirV_8trybuild8internal3sys9directoryNtB3_9Directory4joinRNtNtCs1UD7cE40jqC_3std4path7PathBufEB9_
FNDA:28,_RINvMNtNtNtCsklyg55wmirV_8trybuild8internal3sys9directoryNtB3_9Directory4joinReEB9_
FNDA:0,_RINvXs1_NtNtNtCsklyg55wmirV_8trybuild8internal3sys9directoryNtB6_9DirectoryNtNtCs5MdA3GZiMS_10serde_core2de11Deserialize11deserializeINtNtB1d_5value17UsizeDeserializerNtNtNtCskBG72Ctk2Xq_4toml2de5error5ErrorEEBc_
FNDA:0,_RINvXs1_NtNtNtCsklyg55wmirV_8trybuild8internal3sys9directoryNtB6_9DirectoryNtNtCs5MdA3GZiMS_10serde_core2de11Deserialize11deserializeINtNtB1d_5value18StringDeserializerNtNtNtCskBG72Ctk2Xq_4toml2de5error5ErrorEEBc_
FNDA:0,_RINvXs1_NtNtNtCsklyg55wmirV_8trybuild8internal3sys9directoryNtB6_9DirectoryNtNtCs5MdA3GZiMS_10serde_core2de11Deserialize11deserializeINtNvNtNtCsb4QOqqjg1ds_5serde7private2de13missing_field24MissingFieldDeserializerNtNtNtCskBG72Ctk2Xq_4toml2de5error5ErrorEEBc_
FNDA:7,_RINvXs1_NtNtNtCsklyg55wmirV_8trybuild8internal3sys9directoryNtB6_9DirectoryNtNtCs5MdA3GZiMS_10serde_core2de11Deserialize11deserializeNtNtNtNtCskBG72Ctk2Xq_4toml2de12deserializer5value17ValueDeserializerEBc_
FNF:12
FNH:12
DA:28,207
DA:29,207
DA:30,207
DA:31,207
DA:32,207
DA:33,207
DA:34,207
DA:42,2
DA:43,2
DA:44,2
DA:47,23788
DA:48,23788
DA:49,23788
DA:52,110
DA:53,110
DA:54,110
DA:57,6
DA:58,6
DA:59,6
DA:62,4
DA:63,4
DA:64,4
DA:68,6
DA:69,6
DA:70,6
DA:74,201
DA:75,201
DA:76,201
DA:80,17
DA:81,17
DA:82,17
DA:84,17
DA:85,17
DA:102,1
DA:103,1
DA:104,1
DA:105,1
DA:107,1
DA:108,1
DA:109,1
DA:110,1
DA:111,1
DA:112,1
DA:113,1
DA:114,1
DA:115,1
DA:116,1
DA:117,1
DA:118,1
DA:119,1
DA:120,1
DA:121,1
DA:122,1
DA:125,1
DA:126,1
DA:127,1
DA:128,1
DA:129,1
DA:130,1
DA:132,1
DA:133,1
DA:134,1
DA:135,1
DA:136,1
DA:137,1
DA:138,1
DA:139,1
DA:140,1
DA:143,1
DA:149,1
DA:150,1
DA:152,0
DA:154,1
DA:155,1
DA:158,1
BRF:0
BRH:0
LF:75
LH:74
end_of_record
SF:/home/openai/strict-rs/strict-trybuild/src/internal/sys/env.rs
FN:40,_RNvMNtNtNtCs2XM7MrsPp7J_8trybuild8internal3sys3envNtB2_6Update3env
FN:50,_RNvMNtNtNtCs2XM7MrsPp7J_8trybuild8internal3sys3envNtB2_6Update5parse
FN:40,_RNvMNtNtNtCsklyg55wmirV_8trybuild8internal3sys3envNtB2_6Update3env
FN:92,_RNvNtNtNtNtCsklyg55wmirV_8trybuild8internal3sys3env5testss_27parse_rejects_unknown_modes
FN:77,_RNvNtNtNtNtCsklyg55wmirV_8trybuild8internal3sys3env5testss_37parse_accepts_default_and_known_modes
FN:50,_RNvMNtNtNtCsklyg55wmirV_8trybuild8internal3sys3envNtB2_6Update5parse
FN:95,_RNCNvNtNtNtNtCsklyg55wmirV_8trybuild8internal3sys3env5testss_27parse_rejects_unknown_modes0Bb_
FNDA:4,_RNvMNtNtNtCs2XM7MrsPp7J_8trybuild8internal3sys3envNtB2_6Update3env
FNDA:4,_RNvMNtNtNtCs2XM7MrsPp7J_8trybuild8internal3sys3envNtB2_6Update5parse
FNDA:0,_RNvMNtNtNtCsklyg55wmirV_8trybuild8internal3sys3envNtB2_6Update3env
FNDA:1,_RNvNtNtNtNtCsklyg55wmirV_8trybuild8internal3sys3env5testss_27parse_rejects_unknown_modes
FNDA:1,_RNvNtNtNtNtCsklyg55wmirV_8trybuild8internal3sys3env5testss_37parse_accepts_default_and_known_modes
FNDA:6,_RNvMNtNtNtCsklyg55wmirV_8trybuild8internal3sys3envNtB2_6Update5parse
FNDA:1,_RNCNvNtNtNtNtCsklyg55wmirV_8trybuild8internal3sys3env5testss_27parse_rejects_unknown_modes0Bb_
FNF:5
FNH:5
DA:40,4
DA:41,4
DA:42,4
DA:43,4
DA:50,10
DA:51,10
DA:52,4
DA:55,6
DA:56,6
DA:57,5
DA:58,4
DA:59,3
DA:61,10
DA:77,1
DA:78,1
DA:79,1
DA:80,1
DA:81,1
DA:83,1
DA:84,1
DA:85,1
DA:86,1
DA:87,1
DA:88,1
DA:89,1
DA:92,1
DA:93,1
DA:94,1
DA:95,1
DA:97,0
DA:98,1
DA:99,1
DA:102,1
BRDA:51,0,0,6
BRDA:51,0,1,4
BRF:2
BRH:2
LF:34
LH:33
end_of_record
SF:/home/openai/strict-rs/strict-trybuild/src/internal/sys/flock.rs
FN:78,_RINvMNtNtNtCs2XM7MrsPp7J_8trybuild8internal3sys5flockNtB3_4Lock7acquireNtNtCs1UD7cE40jqC_3std4path7PathBufEB9_
FN:104,_RINvMs0_NtNtNtCs2XM7MrsPp7J_8trybuild8internal3sys5flockNtB6_8FileLock7acquireNtNtCs1UD7cE40jqC_3std4path7PathBufEBc_
FN:117,_RNCINvMs0_NtNtNtCs2XM7MrsPp7J_8trybuild8internal3sys5flockNtB8_8FileLock7acquireNtNtCs1UD7cE40jqC_3std4path7PathBufE0Be_
FN:192,_RNCNvNtNtNtCs2XM7MrsPp7J_8trybuild8internal3sys5flock6create0B9_
FN:193,_RNCNvNtNtNtCs2XM7MrsPp7J_8trybuild8internal3sys5flock6creates_0B9_
FN:128,_RNvXs1_NtNtNtCs2XM7MrsPp7J_8trybuild8internal3sys5flockNtB5_4LockNtNtNtCs1ebytKxJxD4_4core3ops4drop4Drop4drop
FN:136,_RNvXs2_NtNtNtCs2XM7MrsPp7J_8trybuild8internal3sys5flockNtB5_8FileLockNtNtNtCs1ebytKxJxD4_4core3ops4drop4Drop4drop
FN:92,_RNvMs_NtNtNtCs2XM7MrsPp7J_8trybuild8internal3sys5flockNtB4_5Guard7acquire
FN:215,_RNvNtNtNtCs2XM7MrsPp7J_8trybuild8internal3sys5flock4poll
FN:162,_RNvNtNtNtCs2XM7MrsPp7J_8trybuild8internal3sys5flock6create
FN:288,_RNCNvNtNtNtNtCsklyg55wmirV_8trybuild8internal3sys5flock5testss_36create_waits_for_active_lock_release0Bb_
FN:327,_RNCNvNtNtNtNtCsklyg55wmirV_8trybuild8internal3sys5flock5testss_39poll_refreshes_lockfile_until_signalled0Bb_
FN:128,_RNvXs1_NtNtNtCsklyg55wmirV_8trybuild8internal3sys5flockNtB5_4LockNtNtNtCs1ebytKxJxD4_4core3ops4drop4Drop4drop
FN:136,_RNvXs2_NtNtNtCsklyg55wmirV_8trybuild8internal3sys5flockNtB5_8FileLockNtNtNtCs1ebytKxJxD4_4core3ops4drop4Drop4drop
FN:78,_RINvMNtNtNtCsklyg55wmirV_8trybuild8internal3sys5flockNtB3_4Lock7acquireRNtNtCs1UD7cE40jqC_3std4path7PathBufEB9_
FN:104,_RINvMs0_NtNtNtCsklyg55wmirV_8trybuild8internal3sys5flockNtB6_8FileLock7acquireRNtNtCs1UD7cE40jqC_3std4path7PathBufEBc_
FN:117,_RNCINvMs0_NtNtNtCsklyg55wmirV_8trybuild8internal3sys5flockNtB8_8FileLock7acquireRNtNtCs1UD7cE40jqC_3std4path7PathBufE0Be_
FN:192,_RNCNvNtNtNtCsklyg55wmirV_8trybuild8internal3sys5flock6create0B9_
FN:193,_RNCNvNtNtNtCsklyg55wmirV_8trybuild8internal3sys5flock6creates_0B9_
FN:92,_RNvMs_NtNtNtCsklyg55wmirV_8trybuild8internal3sys5flockNtB4_5Guard7acquire
FN:215,_RNvNtNtNtCsklyg55wmirV_8trybuild8internal3sys5flock4poll
FN:162,_RNvNtNtNtCsklyg55wmirV_8trybuild8internal3sys5flock6create
FN:242,_RNvNtNtNtNtCsklyg55wmirV_8trybuild8internal3sys5flock5tests12set_modified
FN:305,_RNvNtNtNtNtCsklyg55wmirV_8trybuild8internal3sys5flock5testss_25poll_stops_when_signalled
FN:283,_RNvNtNtNtNtCsklyg55wmirV_8trybuild8internal3sys5flock5testss_36create_waits_for_active_lock_release
FN:343,_RNvNtNtNtNtCsklyg55wmirV_8trybuild8internal3sys5flock5testss_37lock_acquire_removes_lockfile_on_drop
FN:272,_RNvNtNtNtNtCsklyg55wmirV_8trybuild8internal3sys5flock5testss_38create_declines_uncreatable_lock_paths
FN:317,_RNvNtNtNtNtCsklyg55wmirV_8trybuild8internal3sys5flock5testss_39poll_refreshes_lockfile_until_signalled
FN:248,_RNvNtNtNtNtCsklyg55wmirV_8trybuild8internal3sys5flock5testss_47create_acquires_free_stale_and_future_lockfiles
FNDA:5,_RINvMNtNtNtCs2XM7MrsPp7J_8trybuild8internal3sys5flockNtB3_4Lock7acquireNtNtCs1UD7cE40jqC_3std4path7PathBufEB9_
FNDA:5,_RINvMs0_NtNtNtCs2XM7MrsPp7J_8trybuild8internal3sys5flockNtB6_8FileLock7acquireNtNtCs1UD7cE40jqC_3std4path7PathBufEBc_
FNDA:5,_RNCINvMs0_NtNtNtCs2XM7MrsPp7J_8trybuild8internal3sys5flockNtB8_8FileLock7acquireNtNtCs1UD7cE40jqC_3std4path7PathBufE0Be_
FNDA:0,_RNCNvNtNtNtCs2XM7MrsPp7J_8trybuild8internal3sys5flock6create0B9_
FNDA:0,_RNCNvNtNtNtCs2XM7MrsPp7J_8trybuild8internal3sys5flock6creates_0B9_
FNDA:5,_RNvXs1_NtNtNtCs2XM7MrsPp7J_8trybuild8internal3sys5flockNtB5_4LockNtNtNtCs1ebytKxJxD4_4core3ops4drop4Drop4drop
FNDA:10,_RNvXs2_NtNtNtCs2XM7MrsPp7J_8trybuild8internal3sys5flockNtB5_8FileLockNtNtNtCs1ebytKxJxD4_4core3ops4drop4Drop4drop
FNDA:5,_RNvMs_NtNtNtCs2XM7MrsPp7J_8trybuild8internal3sys5flockNtB4_5Guard7acquire
FNDA:5,_RNvNtNtNtCs2XM7MrsPp7J_8trybuild8internal3sys5flock4poll
FNDA:5,_RNvNtNtNtCs2XM7MrsPp7J_8trybuild8internal3sys5flock6create
FNDA:1,_RNCNvNtNtNtNtCsklyg55wmirV_8trybuild8internal3sys5flock5testss_36create_waits_for_active_lock_release0Bb_
FNDA:1,_RNCNvNtNtNtNtCsklyg55wmirV_8trybuild8internal3sys5flock5testss_39poll_refreshes_lockfile_until_signalled0Bb_
FNDA:1,_RNvXs1_NtNtNtCsklyg55wmirV_8trybuild8internal3sys5flockNtB5_4LockNtNtNtCs1ebytKxJxD4_4core3ops4drop4Drop4drop
FNDA:2,_RNvXs2_NtNtNtCsklyg55wmirV_8trybuild8internal3sys5flockNtB5_8FileLockNtNtNtCs1ebytKxJxD4_4core3ops4drop4Drop4drop
FNDA:1,_RINvMNtNtNtCsklyg55wmirV_8trybuild8internal3sys5flockNtB3_4Lock7acquireRNtNtCs1UD7cE40jqC_3std4path7PathBufEB9_
FNDA:1,_RINvMs0_NtNtNtCsklyg55wmirV_8trybuild8internal3sys5flockNtB6_8FileLock7acquireRNtNtCs1UD7cE40jqC_3std4path7PathBufEBc_
FNDA:1,_RNCINvMs0_NtNtNtCsklyg55wmirV_8trybuild8internal3sys5flockNtB8_8FileLock7acquireRNtNtCs1UD7cE40jqC_3std4path7PathBufE0Be_
FNDA:3,_RNCNvNtNtNtCsklyg55wmirV_8trybuild8internal3sys5flock6create0B9_
FNDA:3,_RNCNvNtNtNtCsklyg55wmirV_8trybuild8internal3sys5flock6creates_0B9_
FNDA:1,_RNvMs_NtNtNtCsklyg55wmirV_8trybuild8internal3sys5flockNtB4_5Guard7acquire
FNDA:3,_RNvNtNtNtCsklyg55wmirV_8trybuild8internal3sys5flock4poll
FNDA:6,_RNvNtNtNtCsklyg55wmirV_8trybuild8internal3sys5flock6create
FNDA:3,_RNvNtNtNtNtCsklyg55wmirV_8trybuild8internal3sys5flock5tests12set_modified
FNDA:1,_RNvNtNtNtNtCsklyg55wmirV_8trybuild8internal3sys5flock5testss_25poll_stops_when_signalled
FNDA:1,_RNvNtNtNtNtCsklyg55wmirV_8trybuild8internal3sys5flock5testss_36create_waits_for_active_lock_release
FNDA:1,_RNvNtNtNtNtCsklyg55wmirV_8trybuild8internal3sys5flock5testss_37lock_acquire_removes_lockfile_on_drop
FNDA:1,_RNvNtNtNtNtCsklyg55wmirV_8trybuild8internal3sys5flock5testss_38create_declines_uncreatable_lock_paths
FNDA:1,_RNvNtNtNtNtCsklyg55wmirV_8trybuild8internal3sys5flock5testss_39poll_refreshes_lockfile_until_signalled
FNDA:1,_RNvNtNtNtNtCsklyg55wmirV_8trybuild8internal3sys5flock5testss_47create_acquires_free_stale_and_future_lockfiles
FNF:19
FNH:19
DA:78,6
DA:80,6
DA:81,6
DA:83,6
DA:92,6
DA:93,6
DA:94,6
DA:104,6
DA:105,6
DA:106,6
DA:107,0
DA:109,6
DA:110,6
DA:114,6
DA:115,6
DA:116,6
DA:117,6
DA:119,6
DA:120,6
DA:121,6
DA:122,6
DA:123,6
DA:124,6
DA:128,6
DA:130,6
DA:131,6
DA:132,6
DA:136,12
DA:138,6
DA:139,6
DA:140,12
DA:141,6
DA:142,6
DA:143,6
DA:144,6
DA:145,6
DA:146,12
DA:162,11
DA:164,14
DA:166,10
DA:167,4
DA:169,3
DA:171,1
DA:176,3
DA:177,3
DA:178,0
DA:180,0
DA:181,0
DA:185,3
DA:186,0
DA:189,3
DA:190,3
DA:191,3
DA:192,3
DA:193,3
DA:194,3
DA:195,2
DA:196,2
DA:197,0
DA:198,0
DA:199,0
DA:202,1
DA:205,1
DA:207,11
DA:215,8
DA:217,56
DA:218,56
DA:219,56
DA:220,8
DA:221,48
DA:223,8
DA:242,3
DA:243,3
DA:244,3
DA:245,3
DA:248,1
DA:249,1
DA:250,1
DA:251,1
DA:252,1
DA:254,1
DA:255,1
DA:256,1
DA:257,1
DA:258,1
DA:259,1
DA:260,1
DA:261,1
DA:263,1
DA:264,1
DA:265,1
DA:266,1
DA:267,1
DA:268,1
DA:269,1
DA:272,1
DA:273,1
DA:274,1
DA:276,1
DA:277,1
DA:280,1
DA:283,1
DA:284,1
DA:285,1
DA:286,1
DA:287,1
DA:288,1
DA:289,1
DA:290,1
DA:291,1
DA:292,1
DA:294,1
DA:295,1
DA:297,1
DA:298,1
DA:299,1
DA:300,1
DA:301,1
DA:302,1
DA:305,1
DA:306,1
DA:307,1
DA:308,1
DA:309,1
DA:311,1
DA:313,1
DA:314,1
DA:317,1
DA:318,1
DA:319,1
DA:320,1
DA:321,1
DA:322,1
DA:323,1
DA:324,1
DA:325,1
DA:326,1
DA:327,1
DA:329,1
DA:330,1
DA:331,1
DA:332,1
DA:333,1
DA:335,1
DA:336,1
DA:337,1
DA:338,1
DA:339,1
DA:340,1
DA:343,1
DA:344,1
DA:345,1
DA:347,1
DA:348,1
DA:351,1
DA:352,1
BRDA:106,0,0,6
BRDA:106,0,1,0
BRDA:137,0,0,6
BRDA:137,0,1,6
BRDA:185,0,0,3
BRDA:185,0,1,0
BRDA:194,0,0,1
BRDA:194,0,1,2
BRDA:194,1,2,1
BRDA:194,1,3,1
BRDA:219,0,0,3
BRDA:219,0,1,53
BRDA:219,1,2,5
BRDA:219,1,3,48
BRF:14
BRH:11
LF:160
LH:152
end_of_record